#
#model:
#
#<?xml version="1.0" encoding="UTF-8" standalone="no"?><input id="posterior" spec="beast.core.util.CompoundDistribution">
#    <distribution id="prior" spec="beast.core.util.CompoundDistribution">
#        <distribution conditionOnRhoSampling="true" id="FBD" spec="beast.evolution.speciation.SABirthDeathModel">
#            <parameter id="FBDorigin" name="origin" spec="beast.core.parameter.RealParameter">50.0</parameter>
#            <parameter id="FBDbirthRate" name="birthRate" spec="beast.core.parameter.RealParameter">0.1</parameter>
#            <parameter id="FBDdeathRate" name="deathRate" spec="beast.core.parameter.RealParameter">0.05</parameter>
#            <parameter id="FBDsamplingRate" name="samplingRate" spec="beast.core.parameter.RealParameter">0.01</parameter>
#            <parameter id="FBDremovalProb" lower="0.0" name="removalProbability" spec="beast.core.parameter.RealParameter" upper="1.0">0.0</parameter>
#            <parameter estimate="false" id="FBDrho" lower="0.0" name="rho" spec="beast.core.parameter.RealParameter" upper="1.0">1.0</parameter>
#            <tree id="Tree.t:Dengue4" spec="beast.evolution.tree.Tree">
#                <trait id="dateTrait.t:Dengue4" spec="beast.evolution.tree.TraitSet" traitname="date" value="D4Brazi82=82,D4ElSal83=83,D4ElSal94=94,D4Indon76=76,D4Indon77=77,D4Mexico84=84,D4NewCal81=81,D4Philip64=64,D4Philip56=56,D4Philip84=84,D4PRico86=86,D4SLanka78=78,D4Tahiti79=79,D4Tahiti85=85,D4Thai63=63,D4Thai78=78,D4Thai84=84">
#                    <taxa id="TaxonSet.Dengue4" spec="beast.evolution.alignment.TaxonSet">
#                    </taxa>
#                </trait>
#                <taxonset idref="TaxonSet.Dengue4"/>
#            </tree>
#        </distribution>
#        <prior id="FBDbirthRatePrior" name="distribution" x="@FBDbirthRate">
#            <Exponential id="FBDbirthRateExponential" name="distr">
#                <parameter id="RealParameter" lower="0.0" name="mean" spec="beast.core.parameter.RealParameter" upper="0.0">0.0125</parameter>
#            </Exponential>
#        </prior>
#        <prior id="FBDdeathRatePrior" name="distribution" x="@FBDdeathRate">
#            <Exponential id="FBDdeathRateExponential" name="distr">
#                <parameter id="RealParameter1" lower="0.0" name="mean" spec="beast.core.parameter.RealParameter" upper="0.0">0.01</parameter>
#            </Exponential>
#        </prior>
#        <prior id="FBDsamplingRatePrior" name="distribution" x="@FBDsamplingRate">
#            <Exponential id="FBDsamplingRateExponential" name="distr">
#                <parameter id="RealParameter2" lower="0.0" name="mean" spec="beast.core.parameter.RealParameter" upper="0.0">0.0066666</parameter>
#            </Exponential>
#        </prior>
#        <prior id="FBDoriginPrior" name="distribution" x="@FBDorigin">
#            <Exponential id="FBDoriginExponential" name="distr">
#                <parameter id="RealParameter3" lower="0.0" name="mean" spec="beast.core.parameter.RealParameter" upper="0.0">298.935669052568</parameter>
#            </Exponential>
#        </prior>
#        <prior id="FrequenciesPrior.s:Dengue4" name="distribution">
#            <parameter dimension="4" id="freqParameter.s:Dengue4" lower="0.0" name="x" spec="beast.core.parameter.RealParameter" upper="1.0">0.25</parameter>
#            <Uniform id="Uniform.1" name="distr"/>
#        </prior>
#        <prior id="KappaPrior.s:Dengue4" name="distribution">
#            <parameter id="kappa.s:Dengue4" lower="0.0" name="x" spec="beast.core.parameter.RealParameter">2.0</parameter>
#            <LogNormal id="LogNormal.1" name="distr">
#                <parameter estimate="false" id="RealParameter.0" name="M" spec="beast.core.parameter.RealParameter">1.0</parameter>
#                <parameter estimate="false" id="RealParameter.1" name="S" spec="beast.core.parameter.RealParameter">1.25</parameter>
#            </LogNormal>
#        </prior>
#        <prior id="fastUcldStdevPrior.c:Dengue4" name="distribution">
#            <parameter id="fastUcldStdev.c:Dengue4" name="x" spec="beast.core.parameter.RealParameter" upper="1.0">0.1</parameter>
#            <Gamma id="Gamma.0" name="distr">
#                <parameter estimate="false" id="RealParameter.3" name="alpha" spec="beast.core.parameter.RealParameter">0.5396</parameter>
#                <parameter estimate="false" id="RealParameter.4" name="beta" spec="beast.core.parameter.RealParameter">0.3819</parameter>
#            </Gamma>
#        </prior>
#        <prior id="fastUcldMeanPrior.c:Dengue4" name="distribution">
#            <parameter id="fastUcldMean.c:Dengue4" name="x" spec="beast.core.parameter.RealParameter">1.0</parameter>
#            <Gamma id="Gamma.1" name="distr">
#                <parameter estimate="false" id="RealParameter.5" name="alpha" spec="beast.core.parameter.RealParameter">0.1</parameter>
#                <parameter estimate="false" id="RealParameter.6" name="beta" spec="beast.core.parameter.RealParameter">100.0</parameter>
#            </Gamma>
#        </prior>
#    </distribution>
#    <distribution id="likelihood" spec="beast.core.util.CompoundDistribution" useThreads="true">
#        <distribution data="@Dengue4" id="treeLikelihood.Dengue4" spec="beast.evolution.likelihood.ThreadedTreeLikelihood" tree="@Tree.t:Dengue4">
#            <siteModel id="SiteModel.s:Dengue4" spec="beast.evolution.sitemodel.SiteModel">
#                <parameter estimate="false" id="mutationRate.s:Dengue4" name="mutationRate" spec="beast.core.parameter.RealParameter">1.0</parameter>
#                <parameter estimate="false" id="gammaShape.s:Dengue4" name="shape" spec="beast.core.parameter.RealParameter">1.0</parameter>
#                <parameter estimate="false" id="proportionInvariant.s:Dengue4" lower="0.0" name="proportionInvariant" spec="beast.core.parameter.RealParameter" upper="1.0">0.0</parameter>
#                <substModel id="hky.s:Dengue4" kappa="@kappa.s:Dengue4" spec="beast.evolution.substitutionmodel.HKY">
#                    <frequencies frequencies="@freqParameter.s:Dengue4" id="estimatedFreqs.s:Dengue4" spec="beast.evolution.substitutionmodel.Frequencies"/>
#                </substModel>
#            </siteModel>
#            <branchRateModel clock.rate="@fastUcldMean.c:Dengue4" id="FastRelaxedClock.c:Dengue4" spec="beast.evolution.branchratemodel.UCRelaxedClockModel" tree="@Tree.t:Dengue4">
#                <LogNormal S="@fastUcldStdev.c:Dengue4" id="LogNormal.3" meanInRealSpace="true" name="distr">
#                    <parameter id="RealParameter4" lower="0.0" name="M" spec="beast.core.parameter.RealParameter" upper="0.0">1.0</parameter>
#                </LogNormal>
#                <rateCategories dimension="32" id="rateCategories.c:Dengue4" spec="beast.core.parameter.IntegerParameter">1</rateCategories>
#            </branchRateModel>
#        </distribution>
#    </distribution>
#</input>
#
Sample	posterior	likelihood	prior	treeLikelihood	TreeHeight	FBD	FBDbirthRate	FBDdeathRate	FBDsamplingRate	FBDorigin	SACountFBD	kappa	fastUcldMean	fastUcldStdev	freqParameter.1	freqParameter.2	freqParameter.3	freqParameter.4	ratesStat.mean	ratesStat.variance	ratesStat.coefficientOfVariation
0	-31874.87598118834	-31741.044657762803	-133.83132342553475	-31741.044657762803	38.209734732342994	-123.69243651755014	0.1	0.05	0.01	50.0	0	2.0	1.0	0.1	0.25	0.25	0.25	0.25	1.0137808318374935	0.01112059253906777	0.10724093329567823
1000	-5019.245636474216	-4918.2297357089	-101.01590076531589	-4918.2297357089	38.0	-84.56101336670424	0.0615453041295643	0.0809694770030118	0.04879294418475109	39.868760671607184	6	3.401124446481493	0.025209785301363207	0.9672424290090307	0.25	0.2394700327397025	0.2605299672602975	0.25	0.008821457121227652	1.0303233672986488E-4	0.7569631840548937
2000	-4312.814188932282	-4204.921336644313	-107.89285228796967	-4204.921336644313	38.0	-83.09806310302801	0.09347631057077059	0.09436742722487268	0.06309119444233742	38.89682111785589	5	15.597056588111913	0.018523383263066677	0.998965671318137	0.2525387644903982	0.23715212476854577	0.2579912027698993	0.2523179079711567	0.004869193675906209	9.482122488607221E-5	0.97061418714847
3000	-4220.842212714391	-4105.561512527283	-115.28070018710828	-4105.561512527283	38.0	-98.14651273879554	0.07482146113847123	0.04795568613116352	0.05330350046750569	41.10078125795772	3	17.22685949445848	0.013572777136358299	0.998965671318137	0.2675700950386228	0.22791134520410136	0.25220065178611917	0.2523179079711567	0.0038456591127093544	7.560725088743466E-5	1.10523834338373
4000	-4213.845223930835	-4097.6341336752685	-116.21109025556684	-4097.6341336752685	38.0	-101.9087828677701	0.05397798191270678	0.042033262368572764	0.05002377895471322	39.96150656646916	3	17.22685949445848	0.012468507257827012	0.998965671318137	0.2791856361224602	0.2096824267221615	0.2435999578068938	0.26753197934848444	0.0040361036258787005	1.2034858252262502E-4	1.2925831343073917
5000	-4096.029676504423	-3980.018380813234	-116.01129569118854	-3980.018380813234	38.0	-101.65594086959196	0.07926826939631415	0.06419191155790678	0.030884136843348824	56.91251285737228	3	16.491104332330394	0.006871481082224869	0.7633363137110388	0.2748063966347917	0.20773762534762996	0.2435999578068938	0.27385602021068445	0.0035912938418881588	3.920587202490946E-5	1.1831507440313713
6000	-4025.83533504018	-3909.5579369413126	-116.2773980988672	-3909.5579369413126	38.0	-96.36295509382761	0.08265502158654277	0.08352156632295145	0.05152372363012591	41.39656991935753	2	16.491104332330394	0.005758551851705782	0.9116653943982724	0.2748063966347917	0.20773762534762996	0.23998527973719405	0.27747069828038423	0.0027566841527861103	3.829854148869618E-5	1.2588924432014756
7000	-3989.08137052263	-3869.3884359189374	-119.69293460369259	-3869.3884359189374	38.0	-101.53882799737126	0.06190296799478651	0.06848255251120153	0.060191518092395195	41.177084951052585	2	17.710203490625506	0.004303287559278405	0.9796841226560971	0.2939795986969347	0.2186047215029923	0.23839503682600674	0.24902064297406626	0.0021083455413486714	1.9137526310852806E-5	1.1969336820052403
8000	-3980.0566466153805	-3859.5216436992696	-120.53500291611103	-3859.5216436992696	38.0	-105.41968336164683	0.05862142411808842	0.06957150301389083	0.04057104436824085	50.44356588704266	2	17.710203490625506	0.004434058119085817	0.9796841226560971	0.2939795986969347	0.2124094309128796	0.24775168171765688	0.24585928867252885	0.002285397670560959	9.81595147311794E-6	0.9326466355906091
9000	-3982.866782105708	-3863.588179319553	-119.27860278615468	-3863.588179319553	38.0	-101.59262562658432	0.07662842967461775	0.0879337888275808	0.03706485784307809	40.781201992185395	2	17.265772042090955	0.004576104831456842	0.9407674945244053	0.28896034817221217	0.2124094309128796	0.249003976126702	0.24962624478820622	0.002253394758808787	1.026831579218039E-5	0.9103702960318009
10000	-3978.04267133715	-3858.1326244975116	-119.91004683963804	-3858.1326244975116	38.0	-98.15199034430889	0.07234882928760326	0.09628064228338877	0.060189391627687217	45.987077419040595	2	17.179644186711748	0.004641329339807289	0.9703786237718224	0.28896034817221217	0.20392717211308964	0.249003976126702	0.2581085035879962	0.0022503779961824256	1.196753413360779E-5	0.9571575750647626
11000	-3986.2384591757677	-3864.456227147357	-121.78223202841073	-3864.456227147357	38.0	-103.19389437742156	0.09583433441878865	0.061890642762909225	0.05141566638009459	44.64386312787152	2	15.631698908990922	0.004002393893294886	0.9856899256640742	0.2838420139152485	0.20392717211308964	0.249003976126702	0.26322683784495987	0.0020434175848608477	6.680095385844813E-6	0.9496897816961981
12000	-3973.947588903452	-3852.3119722076085	-121.6356166958433	-3852.3119722076085	38.0	-104.02043786709915	0.0895589350071869	0.07069993787746759	0.037333833859340075	41.710350209728546	2	22.570774840114755	0.0041116968974756855	0.9611032898814421	0.28638359050123596	0.21004620185142578	0.24391513183079236	0.2596550758165459	0.0018867451032307072	7.317149060580381E-6	0.9921578906644282
13000	-3981.6282643109716	-3859.99913185001	-121.62913246096171	-3859.99913185001	38.0	-102.79076095035433	0.08998244650644813	0.08588443850880724	0.04277574858865395	65.00707016512816	2	13.214609380794675	0.0038699165758980954	0.9611032898814421	0.2952489378635802	0.2147321041713484	0.2378158390040631	0.2522031189610083	0.0022090362039115397	8.40231173651013E-6	0.9581514519956703
14000	-3984.5384572759285	-3860.3246262102957	-124.21383106563303	-3860.3246262102957	38.0	-103.01105436199325	0.0872954534593918	0.13714889972687477	0.027234637862574195	62.59807205483703	2	13.214609380794675	0.003563698952871412	0.9181125673151834	0.28261662395276055	0.22370314503497865	0.22545984102506703	0.2682203899871937	0.0021805943379632478	1.131597961704017E-5	1.1518021424959766
15000	-3982.4908759187524	-3862.7054548537617	-119.78542106499067	-3862.7054548537617	38.0	-99.47533835381134	0.08638948321859131	0.11044253760132802	0.03910525605998939	43.935306235115085	2	16.91856900885133	0.003293482316522318	0.8185721091734617	0.29898586117036074	0.2131279268159818	0.22545984102506703	0.26242637098859034	0.0019715238029994094	6.707347182641395E-6	0.9361887835241345
16000	-3983.2329664982867	-3862.741221044763	-120.49174545352389	-3862.741221044763	38.0	-101.987361204475	0.0789163154012229	0.08862178206217124	0.04324154035195997	56.823146043343016	2	16.91856900885133	0.0039039452816862804	0.8683828626458373	0.29898586117036074	0.20577388104807823	0.2298815667152132	0.26535869106634774	0.002224043916418793	1.8617551923986218E-5	1.0582127687167153
17000	-3983.20566160334	-3863.4977672426685	-119.70789436067162	-3863.4977672426685	38.0	-103.27555203578359	0.09539742022891859	0.07106815687459718	0.0328295362955662	40.64924973644993	2	16.91856900885133	0.003821348729513635	0.8683828626458373	0.2887394971618221	0.22283495300201717	0.23883816087440612	0.2495873889617545	0.0022726142317503963	1.193203674759428E-5	1.0159565810908373
18000	-3974.512765723158	-3851.460041269016	-123.05272445414161	-3851.460041269016	38.0	-104.20041250572788	0.1252049744418721	0.08039684021186733	0.03193998214160964	46.241954335630936	2	12.330519213533918	0.0032546580948449697	0.8735224947574225	0.2838889358410227	0.2187979856372905	0.24437627389450184	0.2529368046271849	0.001981730448000311	8.828679304531604E-6	1.153692580015751
19000	-3969.505894877187	-3849.339430081078	-120.1664647961091	-3849.339430081078	38.0	-101.6094934223379	0.07682387791738254	0.10684280492666304	0.03572324758408398	38.3214587135245	2	12.330519213533918	0.0036947344543348847	0.9617773156745464	0.2749787999410037	0.2187979856372905	0.253521530900044	0.2527016835216617	0.0020397248436944283	1.5144136177137513E-5	1.2154630311120989
20000	-3981.828379950806	-3858.7833108780073	-123.04506907279868	-3858.7833108780073	38.0	-105.97088499751649	0.09975257655686713	0.07434470852385172	0.02957603055380244	53.916427370723646	2	18.123318898442726	0.004040056920235858	0.9350223124302196	0.2853567137936293	0.21599070262304051	0.24615062986826772	0.2525019537150624	0.0021356995103199985	1.762805515115658E-5	1.35732702512487
21000	-3975.941341329775	-3851.6813973050575	-124.25994402471731	-3851.6813973050575	38.0	-108.5593994129255	0.10291030186089668	0.06819703145412166	0.023666608947138457	45.082249357711646	2	16.946706215780118	0.00368249488337942	0.9785994797792742	0.28160357834193417	0.22268293687946028	0.24028920393665432	0.2554242808419512	0.0020486887898620836	1.6981878089986846E-5	1.2944392783793215
22000	-3976.394321298616	-3852.6556427256364	-123.73867857297964	-3852.6556427256364	39.1243923175359	-102.83952631617743	0.07755434535000315	0.10751513804608953	0.0484999576482825	47.40748418122314	1	16.946706215780118	0.003432792035949844	0.8586314393172491	0.29021112323445575	0.2344032965198855	0.23314645252236532	0.2422391277232934	0.0020354899421109233	1.1431317866438335E-5	1.1267697740554283
23000	-3974.3101939504986	-3854.243893101757	-120.06630084874193	-3854.243893101757	38.0	-101.9921130107723	0.09477741027901355	0.09536252562820999	0.029595550449410334	38.73858320940448	2	16.678853749781936	0.0031118329123679066	0.8586314393172491	0.2968606190092139	0.22994064498732383	0.2336439164633881	0.2395548195400741	0.0020799810260328376	8.97535792839982E-6	1.0736457593904458
24000	-3974.4715469851117	-3850.818274248589	-123.6532727365226	-3850.818274248589	38.0	-104.77563360879302	0.1277439303595828	0.062383587885726385	0.041804875037861275	38.19059527647893	2	15.703673690280137	0.0028335901427040612	0.8106159952638495	0.29745871703182186	0.22934254696471584	0.2336439164633881	0.2395548195400741	0.0020021020058727025	5.93339155874035E-6	0.9512130497140092
25000	-3983.964147874498	-3858.5386827732714	-125.42546510122646	-3858.5386827732714	38.0	-98.37290501115804	0.1237069025678795	0.11576417108129872	0.057268830649185455	54.47041400072936	2	19.560952120702	0.0029174362971929745	0.8986173262184095	0.29745871703182186	0.22934254696471584	0.23639162896220484	0.23680710704125738	0.001863073657753242	1.1176751275247917E-5	1.1855230482315042
26000	-3992.5334997943955	-3869.174843101996	-123.35865669239938	-3869.174843101996	38.0	-98.94368971739725	0.08474648587860141	0.10436095419807467	0.05720906148343788	44.71504612158993	2	35.21883437351312	0.003498202614428898	0.9166373160759268	0.29745871703182186	0.22934254696471584	0.23639162896220484	0.23680710704125738	0.0020590951096906367	1.0788400938863145E-5	1.0386385168746515
27000	-3979.328291920415	-3856.5158180237945	-122.81247389662038	-3856.5158180237945	38.0	-102.22852188126832	0.07973100714636287	0.11143041224762945	0.040514943460030074	54.99547955426817	2	18.158246311121726	0.0032873583176235184	0.9156902188477859	0.29978036865702	0.22311915401490623	0.22789796353027916	0.2492025137977945	0.001894253766706434	6.204831195992665E-6	0.9799469680304519
28000	-3972.839120311179	-3849.240673957772	-123.59844635340711	-3849.240673957772	38.0	-104.91217682638022	0.057881692495953756	0.11056453787531346	0.03823609486609697	42.39407742249742	2	20.900483551139835	0.0030518453643740293	0.9381012219841415	0.2998530222974912	0.22491030831552034	0.2275228879496707	0.24771378143731762	0.0019106372271748794	5.600911423426677E-6	1.086692733912959
29000	-3985.0108447522857	-3859.387838934953	-125.6230058173327	-3859.387838934953	38.988418229073936	-109.73809273878031	0.07856663972399273	0.06525593239718402	0.04407026056726914	50.82483443577531	1	13.98800512695744	0.0029155419913113553	0.9660494249668703	0.2998530222974912	0.2203411990191772	0.2282939521218124	0.2515118265615191	0.0017470212266742823	5.322338933673232E-6	1.1508510235544163
30000	-3979.538654674691	-3854.8838393254928	-124.65481534919809	-3854.8838393254928	38.0	-107.39720206028979	0.06566140170424435	0.08187072476917952	0.048860864726018916	82.59330128574372	2	15.285756196396573	0.0025641530729929056	0.9178090097093076	0.2998530222974912	0.2203411990191772	0.2282939521218124	0.2515118265615191	0.0016992354651992503	3.564319887903839E-6	0.9660231072180221
31000	-3976.8190010332487	-3851.5074067354153	-125.31159429783318	-3851.5074067354153	39.10204332376881	-107.90375886305809	0.054704127960309094	0.08724277654736133	0.05264967864378058	49.59219552092308	1	15.285756196396573	0.002655975881885581	0.9178090097093076	0.3027926647892993	0.22099638412325112	0.23233566380731824	0.24387528728013128	0.0018722180602633645	4.710140554642632E-6	0.9203922037496356
32000	-3978.54222555897	-3850.896153395005	-127.64607216396527	-3850.896153395005	39.01056102244825	-111.59829124384672	0.05749031585436129	0.06860158200956575	0.05368408658680615	63.20107927620868	1	18.353666128745243	0.002756036569101986	0.8072568496051469	0.30021339243824263	0.22099638412325112	0.2349149361583749	0.24387528728013128	0.0018057479028526272	3.822369269225276E-6	0.7856793448346372
33000	-3982.5692312686483	-3855.0384960852452	-127.53073518340314	-3855.0384960852452	39.96461544151729	-111.7987741522499	0.049856047638001985	0.0641198770461119	0.05726653814990498	40.23632158971041	1	18.353666128745243	0.002805870167272717	0.8915387979279117	0.2932337807600149	0.2261469654119992	0.23670377345465562	0.24391548037333025	0.0017230488799518885	2.969500816620185E-6	0.7685347638673924
34000	-3981.759431400486	-3853.687262318146	-128.07216908233977	-3853.687262318146	40.18027298684025	-109.54891878842817	0.0880776527850632	0.08613721103473952	0.03853408215409793	73.66942097617574	1	21.11282555038379	0.0021616919858797115	0.9386663933640786	0.2919142564416382	0.21401667456097323	0.2509410248333952	0.2431280441639933	0.0016209922561615305	3.6557180096857807E-6	0.9237346287788089
35000	-3980.5493100283406	-3853.126086370681	-127.42322365765965	-3853.126086370681	40.08527405628575	-110.86429273327894	0.0624201450194678	0.09492341308996673	0.033214588988928956	62.726062139225164	1	21.11282555038379	0.0019265614286985476	0.98640506722987	0.28352130404675935	0.21223606011955537	0.2528091971518786	0.2514334386818067	0.0016521473327430131	3.874445956283169E-6	0.9938493963009172
36000	-3980.556160422719	-3853.9244044591314	-126.6317559635876	-3853.9244044591314	40.74547728210866	-106.24021405485654	0.09890153927315688	0.09045215661545201	0.05057953320021822	45.6545195657109	1	16.996805505903467	0.0017753854991250447	0.7868545673495643	0.27906420583225516	0.21223606011955537	0.2572662953663828	0.2514334386818067	0.001541095793548334	1.8125131652973145E-6	0.8283314783031475
37000	-3976.3207949906487	-3849.723546192988	-126.59724879766073	-3849.723546192988	41.948647297782706	-110.20502571183535	0.07390522917401159	0.09441207285326417	0.03268627590445716	55.56113756012325	1	14.705824043413589	0.0021356160117782914	0.9124099997118996	0.28613958354208985	0.20516068240972068	0.2655324658249197	0.2431672682232698	0.0015045356576024306	3.355454534800342E-6	1.0343856983537247
38000	-3975.9962553873893	-3848.713494453538	-127.28276093385145	-3848.713494453538	45.08843881819135	-108.75803054201992	0.09637732964827671	0.09691318448530115	0.034380570822092116	58.61652608796842	1	14.101327756019586	0.0020762977574058836	0.8907991738671286	0.2782091640195718	0.2001345277428169	0.2655324658249197	0.25612384241269165	0.0016063010056254828	3.7671415303650695E-6	1.0252241602624703
39000	-3974.2211759716515	-3846.0945645364973	-128.1266114351542	-3846.0945645364973	45.496693100719376	-110.39682633492436	0.06349846156489306	0.09721681862731481	0.04391455837902559	51.335069939470316	1	17.434834788495262	0.0020001600648276545	0.8852784370411377	0.2770823025225842	0.2001345277428169	0.2666593273219073	0.25612384241269165	0.0014480276423734033	3.060810232850186E-6	0.878818109561332
40000	-3977.5252917645366	-3847.956565374974	-129.5687263895627	-3847.956565374974	46.97446687424253	-109.54271443684077	0.09907946791880533	0.10602030852280556	0.03490204977941779	49.00934685610239	1	22.406701527208774	0.0017429138806501617	0.7235152567810954	0.28550835084953446	0.2113552655985658	0.2470125411392082	0.25612384241269165	0.0013092998772484578	1.7467742715736407E-6	0.8128535660383894
41000	-3983.725793813796	-3852.74498165185	-130.98081216194598	-3852.74498165185	47.324101677015555	-114.24650458299404	0.10942450583568693	0.07320880383765554	0.035219850545951586	47.85133079953477	1	20.544913880709313	0.0014754535073633922	0.5645205070004946	0.2787351504367462	0.20619945635502246	0.25378574155199646	0.26127965165623496	0.0012047415955774468	6.600157708684101E-7	0.6374273556314421
42000	-3981.30138576099	-3850.1174466071875	-131.18393915380256	-3850.1174466071875	47.25499634266387	-116.25401026972958	0.09643170570640414	0.062462219983202935	0.03740182784166786	56.354619411002695	1	14.732953401207673	0.001514259174121934	0.7629246780698347	0.28756886214003435	0.20619945635502246	0.25378574155199646	0.2524459399529468	0.0011837772075917487	1.1300685140564066E-6	0.8340118407955669
43000	-3976.315516899041	-3844.7204893589364	-131.59502754010478	-3844.7204893589364	50.829400340696566	-116.86825601557025	0.05952916340595605	0.09352865750739124	0.0384974666240931	61.257578762672345	1	15.775526468961981	0.0014013828086950043	0.57787488011341	0.2892269330592674	0.20619945635502246	0.2486767858799263	0.2558968247057839	0.0011846390893927633	7.296438703462934E-7	0.6443288232633224
44000	-3983.1897410013235	-3848.9718365132408	-134.21790448808264	-3848.9718365132408	54.31137130913806	-124.74635616748299	0.0628938039511651	0.08292236371140513	0.013850442091149759	65.18435178020718	1	15.970933591176316	8.607952207446947E-4	0.47283792331882046	0.28774815756670935	0.20619945635502246	0.2486767858799263	0.25737560019834194	0.0010079679635096195	1.9997983853799185E-7	0.47464773174193375
45000	-3982.6791533839205	-3848.1219783659544	-134.55717501796605	-3848.1219783659544	50.00537948522988	-123.46429513978798	0.05950414105921541	0.0813462296391177	0.027319835620578232	120.42272157987782	1	14.281892048785219	0.001050650425620433	0.4452224823493867	0.28774815756670935	0.20619945635502246	0.2486767858799263	0.25737560019834194	0.001005500502911729	1.8445929157154755E-7	0.4391482827444947
46000	-3983.122495539256	-3848.515428555658	-134.6070669835978	-3848.515428555658	48.83978597903844	-123.27191807508856	0.08200871797453471	0.05884769024692135	0.038250720792575944	96.18196750054372	1	14.281892048785219	0.0011948693314584556	0.20572438707221025	0.2921838244182041	0.20619945635502246	0.25864426174774174	0.24297245747903176	0.001130426966508095	6.295810173910619E-8	0.224048147661865
47000	-3984.550845195899	-3851.8074990512146	-132.74334614468464	-3851.8074990512146	54.341169882466964	-124.09791045072943	0.05614158548889742	0.07113475040474569	0.02444088012664729	68.07214909905142	1	17.20751479400414	9.420900587968641E-4	0.23438081060860977	0.28391191527680915	0.21741682257835193	0.25864426174774174	0.2400270003970973	9.805723220148257E-4	6.441173020302027E-8	0.2857282039321507
48000	-3980.780891654237	-3848.0626921938615	-132.7181994603758	-3848.0626921938615	58.54766210381106	-123.71108176479937	0.06143125232440259	0.06236200161747566	0.03625061690698747	66.09363477621515	1	16.357706939295138	9.731552994804691E-4	0.0836999711604729	0.2857114086511166	0.20302870572600767	0.25864426174774174	0.25261562387513414	9.632977811046756E-4	6.123894533702556E-9	0.08252009051871563
49000	-3989.673719914699	-3853.4407200306864	-136.232999884013	-3853.4407200306864	64.18960303991337	-128.4002682260423	0.05855675055682537	0.046784608855587224	0.039384567882981045	67.73189568188909	1	17.129916669761162	6.711767957248019E-4	0.1379861613099134	0.2857114086511166	0.2261715253525606	0.2432185415605266	0.24489852443579635	6.838648292483366E-4	9.118100886094052E-9	0.13941214950350436
50000	-3987.6460422049618	-3852.8101525191523	-134.8358896858095	-3852.8101525191523	64.81147800094274	-128.20199498404293	0.055397347758202604	0.07163486752204079	0.01730010307947426	73.59573891191638	1	18.911552055005895	7.816386105452224E-4	0.06963912244821482	0.2857114086511166	0.20587990056143404	0.26351016635165314	0.24489852443579635	7.829553571788335E-4	3.4819869922890957E-9	0.07577464553196728
51000	-3983.223493853327	-3847.695264629633	-135.52822922369387	-3847.695264629633	68.64462161329746	-122.68579283003778	0.09347980983996318	0.106702160310786	0.018953223951304735	70.01992290689016	1	16.727286157510292	7.66957435316824E-4	0.04287065646020475	0.2840037986363759	0.21428180055069965	0.2568158763771282	0.24489852443579635	7.633123756729869E-4	1.0006373733785353E-9	0.04145682901381563
52000	-3990.327593436365	-3852.1016917045918	-138.22590173177323	-3852.1016917045918	65.36005642921415	-124.33345633453666	0.08308927769501735	0.11517284414440539	0.025227536123012317	86.11557959825376	1	13.943816593795438	7.949811438995309E-4	0.08065949244006375	0.27586883963108455	0.21428180055069965	0.2568158763771282	0.2530334834410877	7.736701436560313E-4	3.5190529789227E-9	0.07568620735162084
53000	-3983.365326148177	-3849.723732126645	-133.64159402153206	-3849.723732126645	69.08723775139566	-123.51134491089364	0.08308927769501735	0.09083001717965765	0.01973452945947331	72.66988290802854	1	13.943816593795438	8.080802929318982E-4	0.03696253140421149	0.27586883963108455	0.2263468041795275	0.24475087274830037	0.2530334834410877	8.155092790717255E-4	8.89227463801845E-10	0.03668198444790914
54000	-3990.103370474957	-3852.008542545441	-138.094827929516	-3852.008542545441	69.38535075686615	-125.01054426292404	0.10414405099792905	0.09083001717965765	0.020445529172935385	79.75099865499696	1	18.53688458006044	6.656239404357136E-4	0.11175707117388743	0.27586883963108455	0.2263468041795275	0.24475087274830037	0.2530334834410877	6.469954327742498E-4	8.174080318115909E-9	0.13332688703668755
55000	-3986.510948080381	-3848.833536575906	-137.677411504475	-3848.833536575906	67.10337487027707	-125.90146828589923	0.10629481312803454	0.09083001717965765	0.020398377291258953	79.71712964399173	1	15.542946841323303	7.055479150353798E-4	0.01608475426633961	0.27586883963108455	0.2115011124667844	0.25959656446104346	0.2530334834410877	7.057607564011118E-4	1.1033729848484129E-10	0.014900284457938865
56000	-3977.8443871672985	-3845.8030290653805	-132.04135810191775	-3845.8030290653805	62.04196874137802	-118.88995479788642	0.08653029573477597	0.09083001717965765	0.028332089392125354	74.44079372396773	1	15.542946841323303	0.0010070853949917548	0.16540063644744515	0.27586883963108455	0.21693404615083794	0.2541636307769899	0.2530334834410877	9.922402691622965E-4	3.719475091707811E-8	0.19071145384805627
57000	-3981.9508542427657	-3852.232021031665	-129.71883321110033	-3852.232021031665	54.66059121628988	-119.81513524264184	0.06230664608350925	0.07815576814673011	0.03229477876098448	69.0789050086094	1	15.542946841323303	0.0010568156151468226	0.06821679607690563	0.27586883963108455	0.21693404615083794	0.2541636307769899	0.2530334834410877	0.0010248643722469961	4.0988010198764415E-9	0.061326431362337716
58000	-3984.239216193145	-3852.31674501403	-131.9224711791146	-3852.31674501403	58.29544909492469	-125.30556471135344	0.07070157997834728	0.04516601504669374	0.027963588447020175	61.42877277889935	1	15.542946841323303	9.74640373359342E-4	0.07816434724300707	0.26936769667644433	0.21693404615083794	0.2541636307769899	0.25953462639572794	0.0010213016362590327	4.651059915286765E-9	0.0680830768362787
59000	-3981.2698175985415	-3848.864758665182	-132.4050589333596	-3848.864758665182	59.36827510569956	-121.24382055870417	0.06441635876363748	0.08088623587777458	0.03489360981759027	75.63387774687686	1	15.542946841323303	8.787513231243231E-4	0.148790669915174	0.29153857967980584	0.21693404615083794	0.23741088291608006	0.2541164912532763	9.317194054678097E-4	1.4882356373536977E-8	0.13573254086492795
60000	-3989.030905253954	-3853.1243429703522	-135.90656228360191	-3853.1243429703522	68.3135884311487	-127.97662345502883	0.07207171281025058	0.09986386633606321	0.011912565066611387	75.31254685376815	1	16.38116440674031	8.469696277705418E-4	0.001984261968824542	0.28943107862410655	0.22007076243098933	0.23638166769162797	0.2541164912532763	8.469621910457706E-4	2.4404064725382835E-12	0.0018446918193933005
61000	-3984.826318875775	-3848.470436790157	-136.35588208561848	-3848.470436790157	68.06171679833346	-123.33594231122967	0.09491885180896262	0.09986386633606321	0.020184972798233225	87.02152170272113	1	18.537591362904212	8.21919731224458E-4	0.0616710784482353	0.28943107862410655	0.1962468490209801	0.25245819126786107	0.2618638810870524	8.479053366255364E-4	3.2397100214518925E-9	0.069046412350173
62000	-3978.5051745795963	-3845.7366041352993	-132.76857044429693	-3845.7366041352993	57.93498563799982	-121.4266658162072	0.07219281271416798	0.08220096249283403	0.030381131369285407	78.94230878918181	1	18.212897604548175	8.941361621475105E-4	0.10628394042201175	0.28943107862410655	0.1962468490209801	0.25245819126786107	0.2618638810870524	9.013856149090171E-4	7.875437184322547E-9	0.10115549308662272
63000	-3982.9941209581366	-3847.8062889337284	-135.18783202440795	-3847.8062889337284	61.52133173112436	-123.74659047279911	0.07048753035065101	0.08537915958498601	0.027846176625619876	103.1530727532881	1	17.028423704052653	8.496449837167454E-4	0.1752428313426265	0.28943107862410655	0.22918523909527683	0.25245819126786107	0.22892549101275567	8.454753894594267E-4	1.1691252800331999E-8	0.12929268063450394
64000	-3980.6303160397943	-3849.0633232382283	-131.5669928015658	-3849.0633232382283	59.12899436465854	-120.13045189979968	0.07639449982049612	0.07820070616277895	0.031768335554800096	62.44527487161777	1	19.035088941664274	9.061939089322513E-4	0.09185507119089736	0.27677770616029695	0.20472031499405732	0.26511156373167066	0.2533904151139752	9.089071203999355E-4	8.255219897211269E-9	0.09968920910459848
65000	-3981.7145079199395	-3850.2438862982017	-131.47062162173776	-3850.2438862982017	59.226406260078335	-121.71617511187819	0.06348525812158147	0.07525881439366292	0.030764488312134818	67.12355048077217	1	14.456746716120346	9.256755487244176E-4	0.1458432392670363	0.27677770616029695	0.22355943490241556	0.26511156373167066	0.23455129520561696	9.164595948888308E-4	1.6558155329416518E-8	0.13786092775178502
66000	-3988.9892748919556	-3851.2260699185463	-137.76320497340942	-3851.2260699185463	70.5625397762987	-124.28395624916412	0.07953696035259576	0.09133718185517063	0.02645423118135321	90.72934022798005	1	19.834073058740234	8.866529604164783E-4	0.3040976704217719	0.27677770616029695	0.22355943490241556	0.26511156373167066	0.23455129520561696	8.535344164702946E-4	3.6775260026133534E-8	0.22157914241894056
67000	-3983.055435815083	-3848.130873818341	-134.9245619967417	-3848.130873818341	66.37326998304069	-126.89607486447906	0.09014824922095853	0.06585933434712563	0.01698801163878208	69.88712864555754	1	19.834073058740234	8.041980699079975E-4	0.01407054860453451	0.27677770616029695	0.22355943490241556	0.26511156373167066	0.23455129520561696	8.021098668024678E-4	1.317416242896239E-10	0.014305658323556089
68000	-3985.6053577960142	-3850.116935886495	-135.4884219095191	-3850.116935886495	66.40156811361204	-128.1294925394385	0.048368554103668325	0.08429253753182392	0.04316171725771518	84.70557547659307	1	12.072538646160455	8.370988388689986E-4	1.4807095919885816E-4	0.27677770616029695	0.22355943490241556	0.26511156373167066	0.23455129520561696	8.370176364351854E-4	1.638970913559132E-14	1.5293838023544727E-4
69000	-3992.2101907479755	-3853.877408403511	-138.33278234446456	-3853.877408403511	72.2492655808228	-135.99314225005287	0.03705900586659292	0.06573512620094021	0.013761102447726551	73.24872767829167	1	12.072538646160455	7.675909287766177E-4	0.01838780740277411	0.27677770616029695	0.2049304098346666	0.28374058879941966	0.23455129520561696	7.646508358512528E-4	1.7181430831725332E-10	0.01713180151209786
70000	-3989.6859803533052	-3853.8059515442274	-135.88002880907771	-3853.8059515442274	69.67122921258287	-130.75003818454059	0.06615150020165032	0.06573512620094021	0.015069823234818657	70.74622987708103	1	23.465696342291857	6.744386205636018E-4	0.00206840604021537	0.30200298966550543	0.2049304098346666	0.2585153052942112	0.23455129520561696	6.74592449886486E-4	1.5565664792165575E-12	0.0018496140014192968
71000	-3981.535243436511	-3846.6347956644527	-134.90044777205833	-3846.6347956644527	69.26806479845149	-129.51166970162913	0.06615150020165032	0.06506325437275276	0.0170010525772435	76.51741350438878	1	23.465696342291857	7.632417604161385E-4	0.0016888023616311529	0.30200298966550543	0.2049304098346666	0.2585153052942112	0.23455129520561696	7.638095641897864E-4	1.567973010743056E-12	0.0016399683677000637
72000	-3990.926682865839	-3854.4716328620593	-136.45505000378006	-3854.4716328620593	67.87674656661927	-130.36145034508567	0.06947388320369899	0.06256076119466623	0.022012061678672624	88.4038517515453	1	30.82866419591451	7.300901314844003E-4	3.4450834698078524E-4	0.30200298966550543	0.20178929985079117	0.2585153052942112	0.2376924051894924	7.30104061743279E-4	3.4826229169719996E-14	2.556185365789324E-4
73000	-3990.708121097888	-3850.874233249505	-139.83388784838317	-3850.874233249505	74.3576896554417	-131.4343702081544	0.06947388320369899	0.06738225888708256	0.02835339664100416	93.18984525083431	1	16.51901636879224	7.27917493629684E-4	0.04257696212130218	0.29163133595721896	0.21268824732195574	0.25798801153133305	0.2376924051894924	7.265786100308665E-4	5.12283184894447E-10	0.031286809948594826
74000	-3989.212020580366	-3848.55682168062	-140.65519889974564	-3848.55682168062	69.88890213871996	-134.2507182235897	0.05086281232688203	0.0713159929824671	0.01768936425411357	148.93486295961068	1	16.146381025646164	6.680488423244233E-4	0.11391001068048245	0.2821405019412166	0.21975456300016943	0.25560719580473257	0.24249773925388152	6.831227023249198E-4	4.18387692165257E-9	0.09670310726254813
75000	-3991.9917034716427	-3853.2687642314622	-138.72293924018035	-3853.2687642314622	85.28574485988621	-135.99767369012798	0.04867152779727881	0.05366282767085813	0.02135885932550068	85.66690268151439	1	16.961809014477403	6.253178196749886E-4	0.002132941282962331	0.2821405019412166	0.2248679153533742	0.2569414612387794	0.2360501214666299	6.259364992673898E-4	1.791716342799971E-12	0.002140384600146751
76000	-3986.8860560313633	-3846.77331574859	-140.11274028277316	-3846.77331574859	82.36513374473964	-134.36948423361602	0.0663121541585148	0.05366282767085813	0.03497716464511255	93.35438471285798	1	18.659633585409384	6.404565302771044E-4	4.775425107054715E-4	0.2821405019412166	0.21261816848046577	0.24441463236552238	0.26082669721279533	6.404588418469071E-4	6.770000521809748E-14	4.0624124329280615E-4
77000	-3982.1289054153576	-3844.6721883321557	-137.4567170832018	-3844.6721883321557	73.8717918823085	-130.97035847038796	0.0663121541585148	0.06311207237171948	0.02778081535527642	118.88141048424674	1	16.9677756075657	7.053917690162531E-4	0.003424044880430633	0.2760717541237245	0.22087938178082683	0.24222216688265344	0.26082669721279533	7.048568440361017E-4	6.154617178153783E-12	0.00351396602287779
78000	-3983.1948669950766	-3850.9977140745336	-132.197152920543	-3850.9977140745336	68.1361949210946	-128.10612264554837	0.05473418959044918	0.06877572868245205	0.017733643994769194	74.00646118057684	1	15.554192636796225	7.911226885332768E-4	0.0018207871500163244	0.2760717541237245	0.2037949048736106	0.2593066437898697	0.26082669721279533	7.918046291481192E-4	1.2036755071705872E-12	0.0013856492196997322
79000	-3980.541520527686	-3844.819425912462	-135.72209461522357	-3844.819425912462	65.70482173067973	-127.25516135481307	0.05932576113777488	0.05878500408394736	0.04476351668766246	85.38801678893567	1	20.121299764366224	8.471059833641128E-4	0.0033696623433547013	0.26583079226088874	0.21403586673644637	0.2593066437898697	0.26082669721279533	8.471748507431148E-4	5.9557140675444505E-12	0.0028824775071225875
80000	-3983.2463200180573	-3846.2918870299186	-136.9544329881387	-3846.2918870299186	70.7882946966072	-132.16281721399778	0.04250156247526144	0.05878500408394736	0.0230573423330707	73.48580683822749	1	21.40492166415897	7.070207784743744E-4	0.02535781156499053	0.2845404704920419	0.21498978230850452	0.2502445889104589	0.25022515828899483	7.042569725366147E-4	2.2842954886863167E-10	0.02145324422233778
81000	-3982.4714397617627	-3845.939562592627	-136.5318771691352	-3845.939562592627	70.51863003708502	-129.03062979311147	0.05566804854452964	0.05732813269772748	0.0266264266319108	79.31837819149716	1	18.755303496376172	7.929682543030361E-4	0.20754809194485088	0.2862529585515619	0.21327729424898448	0.2502445889104589	0.25022515828899483	7.560302180739161E-4	2.257126407494187E-8	0.19486170771171069
82000	-3989.5862935278706	-3849.7417567937664	-139.84453673410434	-3849.7417567937664	70.74164438883652	-132.92100518997253	0.0337832130607651	0.06462367311331747	0.03257518803430488	70.85607914545808	1	18.345238246709478	7.524201386101331E-4	0.14584937307061718	0.2862529585515619	0.21327729424898448	0.2502445889104589	0.25022515828899483	7.38732539075161E-4	1.592225768717006E-8	0.17057252970842257
83000	-3987.228204311651	-3851.4437707672128	-135.78443354443837	-3851.4437707672128	67.84304442064264	-127.4838050379349	0.0670317279534669	0.06643908340708513	0.03247956772493054	72.39149900167233	1	16.06890755401709	6.916597342232578E-4	0.02685820218790602	0.27886071094824183	0.2177016511190819	0.2502445889104589	0.25319304902221745	6.931315187812899E-4	2.859536692576628E-10	0.024482764893034213
84000	-3981.255788935626	-3844.52314740976	-136.73264152586592	-3844.52314740976	69.83668755240681	-125.23587582472632	0.08536486251157052	0.09178773364648335	0.019589771160223566	88.98177605810794	1	18.417351422744932	7.888779255918649E-4	0.08181780541778791	0.2823615881206437	0.2177016511190819	0.24674371173805704	0.25319304902221745	7.891297726953129E-4	3.761827451332639E-9	0.07922915063551295
85000	-3988.1944109458123	-3852.831245381901	-135.36316556391083	-3852.831245381901	68.44086597482918	-122.9742714048339	0.09068435578351956	0.10013386952335775	0.02103646998645205	92.06004336030902	1	18.453397502398627	7.763666765779318E-4	0.03069083764388414	0.2823615881206437	0.21916280007226616	0.24674371173805704	0.2517319000690332	7.728851078715917E-4	3.9075060979723745E-10	0.025647328013251935
86000	-3986.083058223338	-3849.640014648832	-136.44304357450588	-3849.640014648832	60.837317162568546	-120.71228646181038	0.09068435578351956	0.10013386952335775	0.04203014209861722	69.9512256005895	1	17.884794285954502	8.975335505208087E-4	0.04437311878696467	0.2823615881206437	0.21916280007226616	0.24674371173805704	0.2517319000690332	8.840730614652018E-4	2.3273253413735214E-9	0.054186636919223354
87000	-3986.3234738949905	-3848.9720805865904	-137.35139330839996	-3848.9720805865904	67.32678896072285	-124.17826513490917	0.06415370722502363	0.09682179015073188	0.045826936222170274	74.3578393644823	1	15.537163114000128	8.349534411280998E-4	0.024798400156638995	0.2923221507831888	0.21023028139655595	0.2457156677512222	0.2517319000690332	8.390639982914007E-4	3.941951586838658E-10	0.023725909192554687
88000	-3983.047558820122	-3847.7468930476357	-135.30066577248652	-3847.7468930476357	61.34290379472335	-129.19716928388488	0.04632340027540464	0.04046216317106421	0.04058889573261446	61.36256414769242	1	17.775387834478078	8.537880044755697E-4	0.06121128086406602	0.27201892307793685	0.21023028139655595	0.2457156677512222	0.2720351277742851	8.743989578650635E-4	1.8320086581791383E-9	0.04985337224360957
89000	-3984.664967646521	-3849.0170571467593	-135.64791049976176	-3849.0170571467593	65.15977278418637	-126.67052343965065	0.04777413352268284	0.06785719639151194	0.041611860940867364	71.40385173853568	1	17.76216457634677	9.356514787312712E-4	0.040137869204073126	0.27201892307793685	0.21023028139655595	0.2457156677512222	0.2720351277742851	9.257919793813293E-4	1.8476990162058374E-9	0.04617095374264697
90000	-3985.622823552835	-3850.9512967727896	-134.67152678004527	-3850.9512967727896	65.85725297365491	-126.95237381630471	0.054127523654356385	0.06785719639151194	0.02397156209379949	69.2232914487289	1	21.042025470716503	8.499041893460246E-4	0.10196987634655137	0.27201892307793685	0.2086219135074661	0.24732403564031205	0.2720351277742851	8.630362299792695E-4	8.850495333952166E-9	0.1122023985891782
91000	-3993.8742297301765	-3856.944452230203	-136.92977749997365	-3856.944452230203	63.27313266031268	-124.38315283586539	0.08774481553145796	0.07999047133212597	0.030824555077117833	85.69136890833124	1	21.042025470716503	9.093527240662696E-4	0.07419386174597187	0.27201892307793685	0.2127086237227768	0.24732403564031205	0.2679484175589744	8.925071368021712E-4	4.830484977445175E-9	0.07614707464817082
92000	-3981.972202746885	-3849.24038340503	-132.73181934185519	-3849.24038340503	67.3846907518041	-125.34492207903139	0.05450485333251944	0.07719246246165616	0.02440507698175957	82.24857532977784	1	21.042025470716503	9.06105264671014E-4	0.007295098607784364	0.27201892307793685	0.217569650282609	0.24732403564031205	0.2630873909991422	9.041187162240972E-4	4.479069915411727E-11	0.007390905625878576
93000	-3987.0082986184534	-3854.204240029566	-132.80405858888773	-3854.204240029566	61.92171085479002	-127.58682871625479	0.03933626292398667	0.06497762549637995	0.03065627491017068	62.50218588479845	1	16.149394857689764	7.930415015112705E-4	0.009024400729384137	0.27201892307793685	0.217569650282609	0.24732403564031205	0.2630873909991422	7.946089353773389E-4	6.324777024006962E-11	0.010011697456511811
94000	-3980.244035242907	-3849.0323935482065	-131.21164169470046	-3849.0323935482065	61.312130895276596	-125.3887825059842	0.0515344494857628	0.06533736214386768	0.027483875512695377	62.16010281720951	1	15.11778381156838	9.087371370634094E-4	0.010817650714212524	0.27201892307793685	0.217569650282609	0.2758706998646578	0.23454072677479645	9.110741986311639E-4	1.1914675344495266E-10	0.012005484035982252
95000	-3986.3137735328914	-3852.3729188060834	-133.94085472680794	-3852.3729188060834	62.072439652609646	-132.79247366876697	0.045861722662149156	0.04334656990844115	0.017339213721494256	66.67224593427463	1	15.402954923112922	9.424318937282853E-4	0.003157129472752251	0.27201892307793685	0.21795765271682943	0.2758706998646578	0.23415272434057602	9.403787844422715E-4	7.301253685466756E-12	0.002869136868334888
96000	-3986.0910472555142	-3854.1927755866427	-131.8982716688714	-3854.1927755866427	63.13732221902341	-129.92686767261972	0.034918384129611645	0.04613172684819817	0.036225771889283144	76.32482835133668	1	15.402954923112922	9.340010440202789E-4	1.4157774260577566E-4	0.27201892307793685	0.22362594990368162	0.2702024026778056	0.23415272434057602	9.340176095086559E-4	1.7188981994848562E-14	1.4037296713653936E-4
97000	-3987.7327016398476	-3852.517444823202	-135.21525681664554	-3852.517444823202	62.968632501564684	-122.79077073297222	0.09215219605168579	0.08700978806332647	0.026292567691772694	100.75686693066362	1	23.8831320046293	8.747113827724453E-4	0.01762227753162336	0.2842480604843729	0.21139681249724557	0.24761188605618387	0.25674324096219775	8.845971318353023E-4	1.4883337092041468E-10	0.013904932190604185
98000	-3981.946922830997	-3849.742049607828	-132.20487322316902	-3849.742049607828	56.82874776878811	-120.8706471621491	0.10156052648103298	0.07808025208833498	0.02360941666568365	60.67745930705536	1	15.345507922677937	9.338616825361037E-4	0.046525310941505596	0.2962255717948816	0.20544415025053725	0.24158703699238343	0.25674324096219775	9.085689390782728E-4	1.6818036010125254E-9	0.04411514053607783
99000	-3983.0828666065368	-3850.112689135968	-132.9701774705685	-3850.112689135968	58.89116417288765	-123.85413616213145	0.05009033555052011	0.07368038439891458	0.046246245305791855	71.40621681315966	1	15.345507922677937	8.597972128235699E-4	0.006409407584309033	0.2962255717948816	0.20732317217601892	0.24158703699238343	0.2548642190367161	8.601282069615835E-4	2.1519140578853217E-11	0.005398260782810339
100000	-3979.98248714775	-3846.5466082884423	-133.43587885930785	-3846.5466082884423	62.557116479906064	-125.22461303976485	0.05655267535547853	0.08080493736351896	0.0239130939745862	71.5970029140475	1	15.345507922677937	7.43484381255981E-4	0.07894196301827189	0.2765339690497769	0.21286138601287116	0.24763263210533448	0.26297201283201754	7.647435749241043E-4	2.56222780728184E-9	0.0666002748231678
101000	-3987.630069880353	-3850.4440639739328	-137.18600590641998	-3850.4440639739328	67.10727568602925	-126.92725753017065	0.08324605731626926	0.08080493736351896	0.025878324475515135	78.15796647833886	0	15.345507922677937	7.60730281044097E-4	0.039269603581146825	0.2765339690497769	0.21286138601287116	0.24763263210533448	0.26297201283201754	7.695686699125199E-4	7.248559393073803E-10	0.03540091276748711
102000	-3986.1076111412185	-3852.796940243682	-133.31067089753668	-3852.796940243682	66.39195440653444	-120.28515292315429	0.08664025712813399	0.088406265814955	0.02770962381767484	74.41629140534457	1	16.75656605142158	8.565075378560594E-4	0.20162187832106138	0.280945540986566	0.236590275073094	0.23237558946569578	0.2500885944746443	8.807331518354379E-4	3.3544216748429394E-8	0.20709812568775282
103000	-3990.0536614327634	-3853.186202253688	-136.86745917907535	-3853.186202253688	63.743318140096015	-122.82820204076513	0.09624318703502391	0.07874171209349468	0.037362341867272976	72.02204357250733	1	20.98985735344049	8.500406344759036E-4	0.08231938211712278	0.27845124886626943	0.23908456719339055	0.23237558946569578	0.2500885944746443	8.559865456088835E-4	4.667844186894649E-9	0.0796312760255723
104000	-3982.5805404425478	-3846.7145856212537	-135.86595482129417	-3846.7145856212537	65.63708438396208	-125.68596960030517	0.06511561127146606	0.08837508390439823	0.018151801965939313	89.43458927213256	1	14.579046030958011	9.773892720781425E-4	0.29967914304120696	0.27845124886626943	0.23908456719339055	0.23237558946569578	0.2500885944746443	8.533203012621158E-4	8.365347809134442E-8	0.31975977671206346
105000	-3982.278743436447	-3848.229444549818	-134.04929888662906	-3848.229444549818	57.23604583639924	-125.18367402065911	0.051445903957197704	0.07021223273408536	0.027996158633129105	102.73911986118324	1	18.732627959013776	0.0010814095079940272	0.1782878353630461	0.2763751821976893	0.23908456719339055	0.23302370793815397	0.25151654267076623	0.0010478393030053236	3.9057646110272014E-8	0.18556952682021438
106000	-3982.9432909822444	-3852.2322453571696	-130.711045625075	-3852.2322453571696	58.00703673748494	-120.7957720732484	0.07500027810838023	0.07021223273408536	0.033299790665067226	79.1420403263811	1	19.070540784906843	0.0010645821244034664	0.014701067435973112	0.2763751821976893	0.23987537376760373	0.23223290136394079	0.25151654267076623	0.0010619975803816259	2.0849109659528446E-10	0.01356425631803976
107000	-3985.929312984432	-3857.7573283770876	-128.17198460734414	-3857.7573283770876	49.90503946487465	-119.61687011780509	0.06262142979654016	0.06969897003756832	0.026479023861319475	57.45597241942973	1	10.238293319846997	0.0011012034149355716	0.27276849361181066	0.2763751821976893	0.23904492908946384	0.2474237948958543	0.23715609381699257	0.0011095989102528035	1.4103964189434264E-7	0.3385384332665606
108000	-3990.508279988409	-3860.2432825118085	-130.26499747660026	-3860.2432825118085	49.64174565264402	-118.04536273935472	0.05734023671242841	0.0991932426365375	0.03170681464874357	55.202533516281235	1	9.715437019351006	0.001265061445664955	0.3538505739221525	0.2763751821976893	0.23904492908946384	0.24861286829421236	0.23596702041863452	0.0011614711271086065	3.8751386499906535E-7	0.44046708558805464
109000	-3984.2123187779152	-3852.2966959206096	-131.91562285730558	-3852.2966959206096	53.1667007326148	-117.78348438233053	0.08930984695992646	0.07492851657830707	0.0380557661554584	60.34674547971809	1	20.08776978322574	0.0010851764866645136	0.2267942599166449	0.2878536507824384	0.23904492908946384	0.23713439970946332	0.23596702041863452	0.0011385081497610134	5.45261687044302E-8	0.20089284223506246
110000	-3986.557394556091	-3854.004692603576	-132.55270195251492	-3854.004692603576	53.73089119876896	-118.25806567245988	0.07099831852122927	0.09070246191123713	0.041171593814716294	65.2824280887017	1	20.08776978322574	0.0010028591448973379	0.15506520956053008	0.2878536507824384	0.23904492908946384	0.23713439970946332	0.23596702041863452	0.001003581934481739	2.764857263845451E-8	0.16846094495641797
111000	-3984.6948129663633	-3853.5407878215833	-131.15402514477995	-3853.5407878215833	60.13393368094544	-119.06565372835703	0.08799231304459686	0.08054183847743054	0.03562130253787306	74.5992358605778	1	14.640507326442167	9.665776018289521E-4	0.03336740265617995	0.2878536507824384	0.23844181502074646	0.23713439970946332	0.2365701344873519	9.702892149093704E-4	9.655347068766501E-10	0.03211764543394982
112000	-3986.0587842453824	-3852.839771274212	-133.21901297117049	-3852.839771274212	60.89714692186201	-122.5832948706601	0.06813724147632236	0.10122792443397531	0.019288736643037138	75.10881101262105	1	18.33015073080316	9.958242979831783E-4	0.03369757745819764	0.2878536507824384	0.23844181502074646	0.23713439970946332	0.2365701344873519	9.65097083084619E-4	1.1165280709708711E-9	0.034166956160424276
113000	-3984.8893023773244	-3847.6531370660236	-137.23616531130082	-3847.6531370660236	60.07036232411035	-126.72882892092737	0.08786960047587929	0.059512078311364354	0.024438976066344306	79.07000089244322	1	18.057490693863027	8.25489711422639E-4	0.34368295234906854	0.2787550055303142	0.2224297694895978	0.253146445240612	0.2456687797394761	8.492874072340721E-4	9.664919845930825E-8	0.3450195873924084
114000	-3987.3813868912507	-3851.842534014841	-135.53885287640972	-3851.842534014841	66.95644259375821	-130.23859934359163	0.044087587761957654	0.06223294197707537	0.027037370156677357	91.5962646883252	1	16.57651443781916	8.234647201137502E-4	0.017702495355808767	0.2806846289637474	0.2224297694895978	0.25121682180717875	0.2456687797394761	8.311960809575686E-4	1.5273030309229994E-10	0.014913307371771233
115000	-3987.277479488428	-3849.7944328783674	-137.48304661006057	-3849.7944328783674	74.54086966243966	-127.98277612974391	0.0814391661937708	0.08228945498540934	0.01699370639952062	84.80408630957484	1	16.57651443781916	6.687829319777903E-4	0.08805057174085039	0.2806846289637474	0.2224297694895978	0.25121682180717875	0.2456687797394761	6.710517846402909E-4	4.3191722529114805E-9	0.09704697584661495
116000	-3985.380314765351	-3848.4826526861157	-136.8976620792356	-3848.4826526861157	70.44739681140865	-127.34750087264699	0.07339780149378808	0.09165875394900137	0.015463508445336444	89.40821691107566	1	14.08054305618224	7.879461384544453E-4	0.11094075053557675	0.2806846289637474	0.20665023434725371	0.26699635694952284	0.2456687797394761	7.469146640148684E-4	1.0076050673574324E-8	0.13093630500876127
117000	-3981.9157493350745	-3847.253085364568	-134.66266397050634	-3847.253085364568	70.15239751332152	-126.68663285898441	0.07339780149378808	0.07547718533328981	0.025862132740709903	74.45618112335589	1	14.08054305618224	7.570576544540425E-4	0.008881304465436363	0.27520128946175904	0.20665023434725371	0.26699635694952284	0.25115211924146447	7.558877758870149E-4	5.863810772322357E-11	0.010107361937785289
118000	-3988.1741875602165	-3848.205539063125	-139.96864849709178	-3848.205539063125	70.02243969424127	-126.55291963985442	0.1015965933835343	0.10956130138135406	0.020820014517086507	108.77237251214055	1	18.96246673781348	7.111637152959277E-4	0.006282718660355962	0.2686741063810316	0.2170472923741001	0.26699635694952284	0.24728224429534554	7.121987384871933E-4	2.0782617972516324E-11	0.00640901152993132
119000	-3984.801091630345	-3850.2971075360433	-134.50398409430196	-3850.2971075360433	63.650172116177394	-125.67893122981137	0.06236727118670789	0.0665791810988989	0.033927639956464375	67.64348877579195	1	18.96246673781348	8.531755853899802E-4	0.03421440320628892	0.2709467623863673	0.20888906617243147	0.26630540230304156	0.25385876913815975	8.520837922888718E-4	9.277459532682681E-10	0.03565359956483005
120000	-3991.9534525480703	-3854.574025420403	-137.3794271276672	-3854.574025420403	62.79467911287761	-129.53854862153776	0.06255373273047185	0.059427663746808905	0.026611510653473256	80.24926958149594	1	19.44293075030659	8.125596539155213E-4	0.11337899593910339	0.3051614237216285	0.20888906617243147	0.23209074096778032	0.25385876913815975	7.789791832847519E-4	1.1962525415075383E-8	0.13437225763279642
121000	-3980.975954344553	-3846.842494519252	-134.13345982530106	-3846.842494519252	64.91996909369529	-126.36358927294417	0.06319634872651646	0.05970948972777819	0.027880668223226168	68.30081250691389	1	19.44293075030659	7.675880997013429E-4	0.07978354759196282	0.3051614237216285	0.20888906617243147	0.23209074096778032	0.25385876913815975	7.662849952486924E-4	4.439758104736402E-9	0.0864989316909515
122000	-3989.9007114769092	-3854.399636628196	-135.5010748487135	-3854.399636628196	67.75344631469652	-126.70736358426835	0.0736351721540787	0.0617761035468988	0.029195908165582967	72.69281433157859	1	31.063711243813504	7.849789592954022E-4	0.006071353649233788	0.295410195806378	0.226183732882402	0.24315413088657972	0.23525194042464032	7.829196899756611E-4	1.4263858701971338E-11	0.004813918936275315
123000	-3991.0538946297365	-3851.1183356136007	-139.93555901613587	-3851.1183356136007	66.7036965806605	-132.2663272380939	0.049499513888930716	0.03859235237927592	0.04625775063327135	78.65515196632013	1	30.669432245683883	8.836555275645177E-4	0.015982129970584468	0.28735977480952	0.226183732882402	0.24315413088657972	0.24330236142149833	8.838226967491909E-4	1.690798905260152E-10	0.01472194750890934
124000	-3992.336282136517	-3857.025495147277	-135.31078698924034	-3857.025495147277	63.406687564765	-124.82269662448242	0.06312110252146641	0.08545501407873574	0.027027993945542315	83.55535362355542	1	30.669432245683883	8.727219591230273E-4	0.013674705114001182	0.28735977480952	0.23336227206854337	0.24315413088657972	0.23612382223535697	8.73417652777764E-4	1.7933548589697175E-10	0.015307544077154482
125000	-3986.7051920243393	-3855.264274783828	-131.44091724051117	-3855.264274783828	61.379983943588066	-124.70106268222202	0.06532668928011605	0.06983571949615555	0.026311754533742963	75.91041885079645	1	30.669432245683883	9.294710393147837E-4	1.0295418296434939E-4	0.28735977480952	0.22326895862799545	0.25324744432712765	0.23612382223535697	9.294124482413697E-4	1.090912942183464E-14	1.1237435163679381E-4
126000	-3980.776836313391	-3851.074144288183	-129.70269202520788	-3851.074144288183	63.175801265273904	-124.8177411133039	0.0669099661206878	0.06955360971635115	0.023985564737698983	78.7812719344131	1	17.801022491557543	9.358632876562561E-4	5.0598625789431585E-5	0.2661024866551106	0.22326895862799545	0.25324744432712765	0.2573811103897664	9.358705133749494E-4	2.3986673802062805E-15	5.233224123519683E-5
127000	-3989.7568960905774	-3853.6976617143246	-136.05923437625268	-3853.6976617143246	69.47031090527851	-130.92965609098545	0.0617042552173273	0.057359072629129294	0.023435326301124784	72.98611607763061	1	17.801022491557543	7.465433533468368E-4	0.005652433725868339	0.2661024866551106	0.22326895862799545	0.25324744432712765	0.2573811103897664	7.473164937987167E-4	1.3765478475165663E-11	0.0049703333325008935
128000	-3987.3206832156693	-3848.359906496036	-138.9607767196334	-3848.359906496036	71.95733354561577	-133.987070359834	0.037523010014048015	0.057359072629129294	0.021114156353092925	95.18776789062888	1	16.31428765871756	7.403167179803915E-4	0.22057590151963902	0.2635771007720972	0.22326895862799545	0.25324744432712765	0.25990649627277984	7.006205193352084E-4	2.301352875314988E-8	0.21081889595488626
129000	-3987.134529734561	-3849.22711061223	-137.90741912233142	-3849.22711061223	68.05654810694584	-124.02984450390086	0.1006346804800169	0.11339773568563406	0.012497676511516825	71.9512390790174	1	20.735473251311774	7.923226795572365E-4	0.06467663054138263	0.2635771007720972	0.22326895862799545	0.25324744432712765	0.25990649627277984	7.884804086632945E-4	2.4338600257138748E-9	0.062464215788463666
130000	-3989.2592331637843	-3853.4272753441087	-135.8319578196754	-3853.4272753441087	63.29736122822911	-117.56857426988593	0.10785965138401427	0.14284131015572107	0.022440345606837525	67.48120898712881	1	20.735473251311774	8.376172979791932E-4	0.019778771414694134	0.2645687499025312	0.20723661917888817	0.2682881346458009	0.25990649627277984	8.319458275968733E-4	2.770894414973201E-10	0.019913963645415034
131000	-3983.6964458098937	-3847.147575104189	-136.54887070570481	-3847.147575104189	67.58171199410914	-129.75306190318554	0.042866207653844204	0.057108288473142574	0.03867466927160248	84.53412829534302	1	20.735473251311774	8.376172979791932E-4	0.013643978250829593	0.2971635742303461	0.20723661917888817	0.23569331031798604	0.25990649627277984	8.399865436672061E-4	1.4246357270069794E-10	0.014211792742942028
132000	-3991.0293069852914	-3853.9347041693177	-137.09460281597353	-3853.9347041693177	72.46317808827183	-129.70552484874923	0.061421827509857405	0.04834118311795103	0.03015342992471676	81.04998372231827	1	20.735473251311774	7.614439092867341E-4	0.1330507763914485	0.2971635742303461	0.20723661917888817	0.23569331031798604	0.25990649627277984	7.81493429020455E-4	8.688789123404859E-9	0.12102122829314156
133000	-3986.372745050685	-3843.7590518918937	-142.6136931587912	-3843.7590518918937	75.64279585618044	-137.23062237137836	0.03190484253094304	0.048382399871245756	0.03184580619727171	95.99953343763129	1	20.735473251311774	7.752822678631317E-4	0.13823141653757162	0.2852744145855168	0.21335761974275008	0.24146146939895347	0.25990649627277984	7.158504214953759E-4	1.3681078892380329E-8	0.15447885981926288
134000	-3986.861450513152	-3846.336290710599	-140.5251598025527	-3846.336290710599	77.88854539054505	-133.71894819378556	0.05157000642514643	0.045920598977295196	0.034751347773914434	95.88172814033827	1	20.735473251311774	7.006577078086116E-4	0.10012757995654868	0.2997977201767097	0.21335761974275008	0.24146146939895347	0.24538319068158693	6.772847527888466E-4	6.461413135464067E-9	0.1146779407896022
135000	-3982.4788335786425	-3845.630944239607	-136.84788933903582	-3845.630944239607	69.86607177162875	-126.67194590588667	0.08221708854690978	0.05748081175325839	0.03492518785286321	84.82049502154753	1	20.735473251311774	7.770821723236283E-4	0.06202053862722997	0.28736540405464844	0.21335761974275008	0.2538937855210147	0.24538319068158693	7.802449522837863E-4	2.4943567582765387E-9	0.06326512837272578
136000	-3977.3125573528678	-3843.7107204423096	-133.60183691055803	-3843.7107204423096	63.39237586629658	-126.81821197936006	0.05507102429280136	0.07025635265973414	0.02020954198641394	65.50244879172166	1	17.679377890580284	8.519065133299785E-4	0.06711866820325953	0.28736540405464844	0.21335761974275008	0.2538937855210147	0.24538319068158693	8.544060908227203E-4	2.9925805922640665E-9	0.06496531916813068
137000	-3980.250557927268	-3846.9398706268566	-133.31068730041105	-3846.9398706268566	64.51866451470403	-123.80119502366821	0.07253835132221881	0.08521662143218516	0.0188518816039603	71.07772621435898	1	21.462023569578818	7.976137754034885E-4	0.03644053667354093	0.28736540405464844	0.21826871474195264	0.24159549162204183	0.2527703895813573	8.165249280841728E-4	9.657224165688927E-10	0.03867647611288742
138000	-3978.7551281978654	-3845.786986766639	-132.96814143122626	-3845.786986766639	62.12776611602072	-119.79568153251516	0.08753875465749153	0.08369671761778744	0.03664466627689818	68.09022228694238	1	16.334558037863292	9.200328023309017E-4	0.07549868529855581	0.28736540405464844	0.21826871474195264	0.2506840139330015	0.24368186727039765	9.274873611796898E-4	7.268475790137015E-9	0.09250255497642405
139000	-3989.018076099071	-3852.957341668297	-136.06073443077392	-3852.957341668297	60.076286787877386	-121.7439959496783	0.0892681532365899	0.08404583072117014	0.03901893703414935	78.51786299300092	1	14.539661633671509	0.0010044101308763732	0.19437785261647417	0.29560906621985994	0.21002505257674114	0.2506840139330015	0.24368186727039765	9.684715559405848E-4	4.311112573551323E-8	0.21021104003583455
140000	-3984.9467046207365	-3854.158840296702	-130.7878643240345	-3854.158840296702	59.03729617385567	-121.0823045511031	0.06878718354111174	0.0653451013160013	0.025908048685135767	65.03828598382802	1	19.816307734160898	0.0010404782102842248	0.23741416254661651	0.29560906621985994	0.21002505257674114	0.2506840139330015	0.24368186727039765	9.443066145395401E-4	3.389363426291217E-8	0.19082546824511085
141000	-3985.488512201198	-3857.1149573943726	-128.37355480682527	-3857.1149573943726	58.011967754851895	-119.4034856116537	0.07148633039079268	0.06636478847529007	0.027428413822632166	58.486693267688295	1	14.76790942111976	0.001064462988134801	0.11719487606118209	0.29560906621985994	0.2217630329272242	0.24913465129926765	0.23349324955364842	0.0010437105117149384	9.94889582619283E-9	0.09264937840347728
142000	-3985.8151692442775	-3859.9747648567295	-125.8404043875478	-3859.9747648567295	56.63569416461185	-119.63942832930972	0.07148633039079268	0.07952991224640797	0.02724645183502508	67.0152023088635	1	14.76790942111976	0.0011070348075867997	2.9505776211509283E-5	0.2976453343000716	0.2217630329272242	0.24709838321905597	0.23349324955364842	0.0011070376970810211	1.091701469476748E-15	2.984627569902968E-5
143000	-3988.2534486170916	-3851.4040931887685	-136.8493554283232	-3851.4040931887685	68.60923801605247	-125.74852993831884	0.05743404708284944	0.07945710206185183	0.040429405603038274	83.2186523053187	1	25.12237220506667	8.306897312294973E-4	0.02029034068714007	0.2976453343000716	0.20510362453310824	0.2601613462908577	0.23708969487596263	8.302824542050388E-4	2.644313116432724E-10	0.01955853025288264
144000	-3985.1556228531203	-3852.5951723606513	-132.560450492469	-3852.5951723606513	60.36677339312613	-119.11305084206649	0.0990904084525371	0.10722288790958111	0.024007298423856453	63.00219733465072	1	25.12237220506667	8.877080247813216E-4	0.0013675855489967664	0.2976453343000716	0.20147824671770578	0.2601613462908577	0.24071507269136508	8.872807552390174E-4	1.1246416382708211E-12	0.0011948633180740493
145000	-3982.0132463608575	-3849.6821441122042	-132.33110224865317	-3849.6821441122042	58.78620060182045	-124.26133144981996	0.06947103888209183	0.0637770826615913	0.025543001846637565	83.14935947037989	1	25.12237220506667	9.861987970849603E-4	0.010112917832393247	0.2714765240974667	0.20147824671770578	0.2601613462908577	0.26688388289396997	9.835019011271136E-4	9.390826798776693E-11	0.009834747781636581
146000	-3985.2320891448917	-3851.3815533991387	-133.85053574575298	-3851.3815533991387	64.45696261022889	-123.90261945430778	0.0677606274791443	0.07281705929075838	0.028594399919626767	72.31150674841331	1	25.12237220506667	9.777412047777619E-4	0.039014460739842154	0.2714765240974667	0.20147824671770578	0.2601613462908577	0.26688388289396997	9.677686776868864E-4	1.3987617384701424E-9	0.03830335811386686
147000	-3983.154557499081	-3847.1560274210774	-135.9985300780034	-3847.1560274210774	60.020695147676214	-132.07885663521108	0.0677606274791443	0.03812330348684812	0.022679139309999714	93.3217410559075	1	25.12237220506667	8.611675444657725E-4	0.0014086677051947899	0.27341808017413893	0.20766348205722893	0.2601292332716773	0.25878920449695497	8.609037595202312E-4	8.769410455573207E-13	0.0010875893855836827
148000	-3978.7937764627213	-3849.651453135201	-129.14232332752042	-3849.651453135201	60.079896202953826	-122.038567877529	0.051104657038758154	0.08212111513361156	0.03321843685708571	69.20550988051383	1	13.887444377419861	0.0010022940492353562	9.226893664136294E-4	0.2642938082864028	0.21678775394496505	0.2601292332716773	0.25878920449695497	0.0010025420653034553	7.176549882486864E-13	8.452892870895319E-4
149000	-3977.7863604061745	-3846.309702478361	-131.4766579278135	-3846.309702478361	61.62457961504378	-121.7500633481576	0.10075073557432822	0.08212111513361156	0.018386165283819877	61.640315465587456	1	22.201671595143303	8.697363236772465E-4	9.219391644485071E-4	0.27230294129224974	0.2087786209391181	0.2601292332716773	0.25878920449695497	8.695314949979034E-4	5.70377366259719E-13	8.683803977378678E-4
150000	-3981.821859014514	-3846.013753631718	-135.80810538279607	-3846.013753631718	68.19738241581977	-125.21913468824776	0.07622974013958637	0.08249762161016054	0.020086946164793857	75.44795789693106	1	21.435356322706955	7.067529055114202E-4	0.15338270509982763	0.29361825490367033	0.21304527961984257	0.23881391966025672	0.2545225458162305	7.381831947487273E-4	8.733371206628862E-9	0.132393521220672
151000	-3994.878178198031	-3854.9853951160135	-139.8927830820176	-3854.9853951160135	66.26986596410504	-130.55367646898227	0.06559993948150761	0.06705061647727353	0.029520921862490893	76.10605762069055	0	24.158872789879133	7.549573112921348E-4	0.06634620600376102	0.27782866669289885	0.19633049765038146	0.273864059863413	0.25197677579330685	7.441816534454547E-4	2.5789144219105577E-9	0.0672670853090564
152000	-3983.3790792162476	-3848.4780017211833	-134.90107749506424	-3848.4780017211833	61.15436523209147	-124.61261555009563	0.0660908168342585	0.08966140382795605	0.018181744815937123	69.71981880041876	1	22.45267680685777	8.709474369653351E-4	0.12050207056158348	0.27782866669289885	0.21974806179836218	0.2504464957154323	0.25197677579330685	8.388040461344419E-4	9.486803454102416E-9	0.11674161520437382
153000	-3980.8169767603067	-3846.1533210114853	-134.6636557488212	-3846.1533210114853	65.02183807658152	-122.32216748276686	0.08622762453084289	0.08917438099351228	0.02948563837560872	66.20936964255264	1	13.996048119698903	8.587647224548708E-4	0.09985833104120535	0.2893131192083708	0.20826360928289023	0.2504464957154323	0.25197677579330685	8.47821501010677E-4	5.054478791763363E-9	0.08390839523816689
154000	-3987.2684373804586	-3853.8238855319387	-133.44455184852018	-3853.8238855319387	67.46121801916364	-123.10198166223488	0.08622762453084289	0.08917438099351228	0.019124424737586368	69.88016005685897	1	13.60717306326548	9.479698234669767E-4	0.04675080953640495	0.2682347750280079	0.20826360928289023	0.2768879094346678	0.24661370625443427	9.596035110252881E-4	1.900231767129025E-9	0.04550424741894954
155000	-3986.7755648369093	-3851.527795332737	-135.24776950417265	-3851.527795332737	66.27703756740223	-125.5965538298232	0.08622762453084289	0.08307609606991777	0.029023733850692797	73.86730399580343	1	13.60717306326548	7.759279419644227E-4	0.0028707355219448213	0.2682347750280079	0.20826360928289023	0.24477965823411524	0.27872195745498685	7.763053270060616E-4	4.710354250616715E-12	0.0027968067272150722
156000	-3986.0313633521637	-3851.3794952010066	-134.65186815115686	-3851.3794952010066	72.83317776322161	-126.00555821058114	0.06978161618530168	0.08307609606991777	0.024675118885582936	81.303216187338	1	14.759273893873802	7.633388346988945E-4	0.014783306347868397	0.2682347750280079	0.20826360928289023	0.27414588406294293	0.24935573162615918	7.651850485176986E-4	1.3859509159541976E-10	0.015444907897710214
157000	-3985.7154498474147	-3851.289698855102	-134.42575099231294	-3851.289698855102	66.69434158260258	-122.32132204918884	0.0806781287951922	0.09564364244111388	0.022502469033034225	72.65877958986229	1	17.327537514334352	7.72021417485574E-4	0.13480524137367145	0.2682347750280079	0.20826360928289023	0.27414588406294293	0.24935573162615918	7.866681890613213E-4	1.2299360580153663E-8	0.14121215173290075
158000	-3992.3917113969615	-3851.181578436303	-141.21013296065857	-3851.181578436303	71.48116416884253	-130.77840181711503	0.07188063771428749	0.07403423157526823	0.03252763606412882	75.20943151959487	0	17.327537514334352	7.361912857383124E-4	0.0933799416837848	0.2682347750280079	0.21719249050370973	0.25414545479813877	0.2604272796701438	7.38697219850544E-4	3.3355079871199855E-9	0.07854538823989095
159000	-3984.1145153159396	-3847.622060602857	-136.49245471308257	-3847.622060602857	62.25227178680248	-128.00125145559014	0.07451673917625676	0.07931158745328044	0.013660875667040608	78.39918719738208	1	14.036025503326487	6.770994187526776E-4	0.206530555317136	0.2682347750280079	0.21719249050370973	0.25414545479813877	0.2604272796701438	7.258592931563145E-4	1.8857457511235578E-8	0.2043530031490031
160000	-3982.6168737174658	-3845.5064228810156	-137.1104508364503	-3845.5064228810156	59.65509725683609	-129.24427614478518	0.05339827739465469	0.061737926779902384	0.02700456181757272	79.78817833905835	1	14.036025503326487	6.150683677040925E-4	0.42439748778607733	0.2682347750280079	0.21719249050370973	0.25414545479813877	0.2604272796701438	7.297868867532398E-4	6.475419030486043E-8	0.37492351626800674
161000	-3984.619857408836	-3848.616531974691	-136.00332543414532	-3848.616531974691	61.74968551068303	-129.99646501895168	0.04024377350490906	0.061737926779902384	0.0252281330485084	79.03406590355083	1	17.234805545908156	8.456288356397991E-4	0.13937718916264766	0.2682347750280079	0.21719249050370973	0.25414545479813877	0.2604272796701438	8.951956762361828E-4	1.4451272924063363E-8	0.14083439431763375
162000	-3983.0670606906774	-3851.1675047689787	-131.89955592169855	-3851.1675047689787	63.18012631512485	-121.57791036858448	0.07097302015658484	0.10116920611779852	0.022360648449933934	64.34972804960428	1	13.719771093331776	9.008849032656679E-4	0.02091896115360975	0.2682347750280079	0.21719249050370973	0.25414545479813877	0.2604272796701438	9.064650205310023E-4	2.5294156581235123E-10	0.017535886671569804
163000	-3986.6179466618414	-3848.861528797932	-137.75641786390966	-3848.861528797932	63.434067085301976	-125.08071395231663	0.05812423794371101	0.11418094729706862	0.0307279619125465	71.27436200406072	1	14.773138109340827	7.97349128722458E-4	0.07854706621085442	0.2682347750280079	0.21719249050370973	0.25414545479813877	0.2604272796701438	8.225959575037938E-4	4.843723279837375E-9	0.08566615711611728
164000	-3986.6125345122514	-3851.480320761861	-135.13221375039035	-3851.480320761861	61.434853422096936	-116.88244555517288	0.10600934433802288	0.12716375263094618	0.022946973733925707	66.53132323197632	1	20.99481888537273	8.245543550091497E-4	0.21608099755036678	0.28122732097411735	0.20419994455760032	0.25356456682875206	0.2610081676395305	8.831452653913155E-4	3.4728907410030306E-8	0.21217438686538015
165000	-3983.6429296738156	-3850.939917230923	-132.7030124428923	-3850.939917230923	59.251444641099596	-123.21536570871964	0.07020334786068219	0.0673166774168473	0.03326697369750127	66.21042783177798	1	12.936581677345838	8.337207476668166E-4	0.1352906707160719	0.2737065103133453	0.20419994455760032	0.25356456682875206	0.26852897830030253	8.748867639993281E-4	1.4219064354062557E-8	0.1394845558312148
166000	-3986.624503818167	-3856.860226912142	-129.76427690602475	-3856.860226912142	55.39569063694993	-121.06930982990275	0.07020334786068219	0.06611791037138591	0.030811064029999547	60.30160838549473	1	16.65130887723789	9.813506007121946E-4	0.03072756840883262	0.2737065103133453	0.20419994455760032	0.25356456682875206	0.26852897830030253	9.870737219657866E-4	6.497170117934836E-10	0.02585034601919216
167000	-3988.970256406172	-3852.768693652989	-136.20156275318303	-3852.768693652989	58.966517995103146	-126.7991031130107	0.07020334786068219	0.06663786754440425	0.023173181034641232	88.32338262791517	1	20.86056438842616	7.646192006555753E-4	0.22578687572619463	0.2737065103133453	0.20419994455760032	0.25356456682875206	0.26852897830030253	8.05833932664319E-4	2.153313549126951E-8	0.1828848694681468
168000	-3990.038463237175	-3853.2853998918704	-136.75306334530495	-3853.2853998918704	60.80320988950299	-126.85655513825279	0.057427924112993474	0.06501884698994176	0.0373427456890362	80.27263576215678	1	19.042130164746027	8.248441083617482E-4	0.16914861585683694	0.3086397926002935	0.20419994455760032	0.2537728223184628	0.23338744052364357	8.989637822351463E-4	2.2855329633434003E-8	0.18327267144965767
169000	-3984.5490683095722	-3847.949953277516	-136.59911503205603	-3847.949953277516	60.11603706138279	-129.9430596395559	0.03895686726104373	0.06501884698994176	0.030061068293695127	70.50470725843219	1	12.43835799320001	7.88791322336948E-4	0.22999524209226863	0.30469509583667886	0.20814464132121496	0.2537728223184628	0.23338744052364357	7.721225226253476E-4	4.271496668897055E-8	0.26681142727675167
170000	-3985.852924155171	-3850.5606544967	-135.29226965847096	-3850.5606544967	64.68375999108599	-125.59384294249922	0.07742229148770977	0.06316059798284758	0.02623231663182368	71.63688861044342	1	23.764441532614516	8.060358190878733E-4	0.10198299683595902	0.30469509583667886	0.20814464132121496	0.2448708281445318	0.2422894346975746	8.316303398380015E-4	6.25531893056951E-9	0.09894962145788236
171000	-3990.324217074853	-3851.867120950158	-138.45709612469514	-3851.867120950158	68.37546287882864	-130.58163176662777	0.06386014039969125	0.06961472837610935	0.02059688518932535	73.69535484140047	0	19.059906526818395	8.897976685004729E-4	0.085690925196029	0.30469509583667886	0.20814464132121496	0.2448708281445318	0.2422894346975746	8.743887547371847E-4	7.15093640067893E-9	0.09469678891829382
172000	-3986.546188966864	-3847.8556557257452	-138.69053324111906	-3847.8556557257452	71.49487341242403	-134.31630111146066	0.047595735636048166	0.05487187033020841	0.016457469753941304	83.67647426457721	1	19.059906526818395	7.415362017064021E-4	0.08895780028362561	0.30469509583667886	0.20814464132121496	0.2448708281445318	0.2422894346975746	7.286778438656239E-4	4.534994874810463E-9	0.09199643834024034
173000	-3985.4627189761886	-3851.2839923217825	-134.17872665440618	-3851.2839923217825	65.58520180975579	-124.33670144789497	0.07558795134157895	0.08679302204956289	0.024374346472468077	71.74230297629836	1	12.802445390109026	8.245411411601405E-4	0.05031811306030142	0.3045940777618126	0.20814464132121496	0.2448708281445318	0.2423904527724409	8.237757058840952E-4	1.5698444777094801E-9	0.048254754868392105
174000	-3976.8456682609763	-3843.0740796187465	-133.77158864222972	-3843.0740796187465	59.75773595452898	-120.89177861887018	0.07558795134157895	0.08679302204956289	0.02526826822303315	74.47389677145463	1	21.348755506758103	9.689316454639068E-4	0.3422645914436129	0.29203459966389816	0.20814464132121496	0.26543132221775645	0.23438943679713067	8.620240766905763E-4	1.0116724096823712E-7	0.3508638182667178
175000	-3981.0014309953126	-3849.0583884884386	-131.94304250687404	-3849.0583884884386	59.792698613592364	-123.43369663884476	0.05552490975563884	0.059876471247438764	0.034496644812817535	66.29919475898339	1	21.348755506758103	0.0010115889912027983	0.06722929695805394	0.29203459966389816	0.20814464132121496	0.26543132221775645	0.23438943679713067	0.0010115674937373046	3.473596730369189E-9	0.05775113199445215
176000	-3988.6530283280913	-3853.7115110391014	-134.94151728898973	-3853.7115110391014	60.01372013632674	-127.64226275229205	0.039053522764986186	0.055838736425805946	0.039493554455595124	64.26597542092692	1	19.30436820982726	8.976725158856944E-4	0.07915063917450191	0.29203459966389816	0.20764560027299053	0.26543132221775645	0.2348884778453551	8.836850846539623E-4	5.41917372097487E-9	0.08207729117062658
177000	-3986.9602370260345	-3852.260683760071	-134.6995532659633	-3852.260683760071	63.04957334799127	-123.29050069430777	0.07225484360948758	0.06441130518532726	0.054820571345669464	68.29723304705881	1	12.091781523633994	8.698818862872544E-4	0.02357559458814932	0.2727585029910062	0.19662889778866607	0.2662498687198301	0.26436273050049786	8.748007330458772E-4	5.910284550836563E-10	0.027946543374453237
178000	-3982.8709820905324	-3849.8956213511033	-132.97536073942916	-3849.8956213511033	62.43049933760775	-124.93403047903341	0.043410938871863675	0.07752663179098691	0.029184776384579433	66.00843431906348	1	13.849315266058275	8.47237590310614E-4	0.15908272908619595	0.2727585029910062	0.19662889778866607	0.2662498687198301	0.26436273050049786	8.479344762455125E-4	1.3584848799755473E-8	0.13528477061721148
179000	-3986.958764696356	-3853.3567553569405	-133.6020093394155	-3853.3567553569405	61.375806406591344	-125.45198280522592	0.06163486247517259	0.0828942575714961	0.016288116986438783	61.93280971645765	1	13.61372458869329	9.593130047797473E-4	0.1564279381565616	0.2721124635173033	0.19662889778866607	0.2662498687198301	0.26500876997420075	9.341209284195027E-4	1.867040020840509E-8	0.14521576976447928
180000	-3983.4747104766225	-3848.4582171841594	-135.01649329246305	-3848.4582171841594	66.24727676866665	-127.52267581475711	0.06163486247517259	0.06280714494987602	0.02836367550192242	87.80834465476667	1	13.731259140076498	8.442972900210657E-4	0.08750120587306652	0.27192583760184674	0.19662889778866607	0.2664364946352866	0.26500876997420075	8.371712020916727E-4	5.933852523564063E-9	0.09253352837962033
181000	-3986.481069541739	-3851.675321619132	-134.80574792260717	-3851.675321619132	58.11388118512237	-128.67411372547207	0.03434087666898962	0.0578652391797044	0.039519235460449054	75.13734587604131	1	13.334851042800622	9.059010502854295E-4	0.05315333482207049	0.27192583760184674	0.2018753473367704	0.2611900450871823	0.26500876997420075	8.97444437903024E-4	1.5406712451159741E-9	0.043604871119819644
182000	-3987.6401432523007	-3853.1332987976293	-134.5068444546715	-3853.1332987976293	57.465843241753106	-121.46401087229061	0.08328968762660116	0.07451410140583539	0.037494234561708854	67.53902559035818	1	16.372247736160794	9.193281583755937E-4	0.2478779488805409	0.27192583760184674	0.20003575895295997	0.26302963347099273	0.26500876997420075	8.753338864178832E-4	5.02306581430659E-8	0.23850457817622847
183000	-3992.6381741432383	-3858.6713601085967	-133.96681403464146	-3858.6713601085967	57.465843241753106	-120.1316805661467	0.0887542180355296	0.10923859583618936	0.0208596070087346	67.87695446254737	1	16.372247736160794	9.837507500769708E-4	0.11763775841857967	0.29977807400974027	0.20003575895295997	0.23758413993887223	0.2626020270984277	9.942245332938645E-4	9.420349629543414E-9	0.09829391829583989
184000	-3984.824279164304	-3844.5114850186524	-140.31279414565142	-3844.5114850186524	60.66148648939962	-131.1081316162737	0.05203130191547482	0.07088932766407798	0.026323581169936962	160.3183622888962	1	14.927644558303246	8.540658090518325E-4	0.40895702073290074	0.29977807400974027	0.2030028165060244	0.23758413993887223	0.2596349695453633	8.599698213021176E-4	1.501525441041453E-7	0.4305497720941685
185000	-3984.726662657932	-3849.671149482115	-135.05551317581708	-3849.671149482115	56.53636106214812	-126.43156469142758	0.05719914922181999	0.05673619967053913	0.031843846882243634	106.5649469394483	1	14.927644558303246	9.910965092983677E-4	0.31628055980843867	0.274544481712689	0.2030028165060244	0.2628177322359235	0.2596349695453633	9.561431422385957E-4	1.2164256384645808E-7	0.36259323500034646
186000	-3982.4929027510643	-3850.3861532553815	-132.10674949568283	-3850.3861532553815	57.686937148443114	-120.37405115009034	0.061541319988317245	0.08729624522541181	0.0326847085909144	67.29047960956449	1	14.927644558303246	9.910529503007958E-4	0.24831810306882296	0.274544481712689	0.2030028165060244	0.2628177322359235	0.2596349695453633	0.0010439067449188554	5.844096083506018E-8	0.23653079286821188
187000	-3980.541358138892	-3846.741689992826	-133.79966814606598	-3846.741689992826	66.15258306153132	-125.67961601947613	0.057990360810088265	0.06760873307536505	0.024483637184366584	78.91534028931402	1	14.927644558303246	8.676143336969497E-4	0.23750476587325847	0.274544481712689	0.2030028165060244	0.2628177322359235	0.2596349695453633	8.562690022963939E-4	3.2871276283582117E-8	0.21317093899305567
188000	-3977.9968989824833	-3848.1351648555556	-129.86173412692784	-3848.1351648555556	61.33127117213697	-120.769184157896	0.07606297862107665	0.08831930695172713	0.024703799527242686	67.87914330433908	1	14.927644558303246	9.227692608834898E-4	0.003203681583097649	0.274544481712689	0.21348859040001744	0.2628177322359235	0.24914919565137023	9.213472399471757E-4	1.1780079859063301E-11	0.0037209791381748437
189000	-3982.0825441247976	-3849.5222407483884	-132.5603033764092	-3849.5222407483884	62.100380831767396	-121.84771390391795	0.08174660751600533	0.08831930695172713	0.022585623204566536	62.96802444042687	1	14.927644558303246	9.425334825228617E-4	0.05833863241914251	0.2908047174031405	0.21546751098409206	0.24318674520448624	0.25054102640828135	9.490366593162083E-4	4.114934726315711E-9	0.0682097457443314
190000	-3984.1823321535953	-3850.1311649251206	-134.05116722847487	-3850.1311649251206	60.73217323970374	-125.40136114541025	0.06834401986824014	0.08293474434898757	0.017025466703787913	62.96802444042687	1	19.74581160577192	8.717556994117386E-4	0.04476178675725948	0.2908047174031405	0.21546751098409206	0.24365567706641608	0.25007209454635154	8.711778791025861E-4	1.1789792282582857E-9	0.039521150880423385
191000	-3980.0086323361334	-3847.305402153483	-132.70323018265006	-3847.305402153483	63.282814101349494	-122.30412678891177	0.08481456091061529	0.08200974820703888	0.02768143919091669	81.5095660858379	1	16.422370293046654	7.798291549068031E-4	0.013638129777414262	0.2893287940043055	0.21694343438292707	0.24586296965890503	0.2478648019538626	7.831920528711386E-4	9.596994339151494E-11	0.012546275672944468
192000	-3982.6402913293036	-3848.397186830536	-134.24310449876745	-3848.397186830536	62.090449356688225	-126.39672715411844	0.054253471403363666	0.08270248722008429	0.02169943727865652	72.43730022550157	1	16.422370293046654	8.209548505634609E-4	0.05093234988629016	0.29808096605127127	0.2081912623359613	0.24586296965890503	0.2478648019538626	8.17038590504829E-4	1.713616514086958E-9	0.05068536090077277
193000	-3987.1854300610516	-3854.8692042004895	-132.3162258605621	-3854.8692042004895	57.67395434386728	-125.00331538891511	0.0596275653298354	0.07593720017718543	0.016641793807351236	74.28237984250256	1	14.1599907500512	9.310508018530834E-4	0.13421439358522982	0.2742120554341076	0.23206017295312498	0.24586296965890503	0.2478648019538626	9.595889090838476E-4	1.3397603892791968E-8	0.12149177653992316
194000	-3980.0742279176266	-3845.852408373364	-134.2218195442623	-3845.852408373364	57.71895856038507	-129.65333396996814	0.035229677817111504	0.06276102243133136	0.024211257397120187	80.12867060919382	1	14.1599907500512	9.005491154876076E-4	0.05667161339839366	0.29222002162217675	0.20839899254542296	0.2515161838785379	0.2478648019538626	9.114386278352586E-4	2.190899718958029E-9	0.05151260826819923
195000	-3984.3014930518466	-3849.021721259365	-135.2797717924814	-3849.021721259365	64.49485729935255	-119.11981271094544	0.08621415581600614	0.11448807697552187	0.0329393369261585	79.96075642014145	1	19.524076346155354	9.758555201627945E-4	0.08558659736625664	0.285390206689893	0.2152288074777067	0.2515161838785379	0.2478648019538626	9.433874418987258E-4	6.100627315444558E-9	0.08161051897630962
196000	-3983.209029576487	-3851.775712720723	-131.43331685576416	-3851.775712720723	58.92182481435998	-120.14546173054698	0.09163813629782903	0.0740587062649792	0.03386985493650176	59.08042559377811	1	14.315348620743446	9.40953438234007E-4	0.02995790974867148	0.29144348875973336	0.2152288074777067	0.23447841136577952	0.2588492923967806	9.431291584664576E-4	9.467978113102649E-10	0.032623430415249004
197000	-3991.7006313602296	-3853.25781284345	-138.44281851677943	-3853.25781284345	66.95048563406819	-132.58014717217785	0.05817173784894854	0.0740587062649792	0.011119707995682347	107.71651905169605	1	18.189708838754896	8.188529220267447E-4	0.03692570444671606	0.30438172149504855	0.20229057474239154	0.24389394559364613	0.249433758168914	8.213884489799519E-4	8.723752259779651E-10	0.03588659852271454
198000	-3984.0134271284483	-3850.5258862312157	-133.48754089723258	-3850.5258862312157	65.26133363875871	-123.1021256035141	0.07178104883402116	0.07110575112455038	0.029437102170878162	73.17369424084109	1	16.789856094774922	8.438089826542377E-4	0.20837790886943142	0.313877238069105	0.2151690386184858	0.24389394559364613	0.22705977771876326	8.423385508141451E-4	3.4897908412485686E-8	0.21406423441932607
199000	-3983.7125768517035	-3848.2531257403043	-135.45945111139932	-3848.2531257403043	61.49034505960637	-123.17184330792202	0.05689831231068116	0.06836273113055842	0.04268434176040064	67.5730122273127	1	23.995030825255544	9.448238315973766E-4	0.3183336345087361	0.313877238069105	0.19559199531773017	0.24389394559364613	0.2466368210195189	9.383237305036449E-4	8.98417176853377E-8	0.3030394730480315
200000	-3985.2863179380574	-3851.570452877075	-133.71586506098276	-3851.570452877075	62.19404700746803	-120.105231029737	0.0887915069476354	0.09905315568570774	0.02872441174704394	69.23420372769982	1	23.995030825255544	8.712528489465051E-4	0.017064076506285043	0.313877238069105	0.19559199531773017	0.24389394559364613	0.2466368210195189	8.667565458581571E-4	2.3334322761812216E-10	0.017590881445251824
201000	-3982.7585445727746	-3848.3425136876485	-134.416030885126	-3848.3425136876485	61.263192406004535	-120.60747716755257	0.10027586653554857	0.08695877364011113	0.023632408112784917	65.4786107577694	1	23.995030825255544	8.0739922773379E-4	0.1473126114518802	0.2812412767608976	0.2109642432537209	0.24389394559364613	0.26390053439173555	8.48310288649715E-4	9.258675324855791E-9	0.1188161899564586
202000	-3984.361074610931	-3847.89551460776	-136.465560003171	-3847.89551460776	63.433400952992415	-122.80526889238764	0.10805786226094857	0.09657029603228497	0.027824915216671128	85.27004453282383	1	17.219842562527155	8.908127316242147E-4	0.00720071795943566	0.2812412767608976	0.2109642432537209	0.2600032659849861	0.24779121400039564	8.91634662707141E-4	3.132565115757252E-11	0.006280234050816768
203000	-3983.6543212284287	-3851.9985352693056	-131.6557859591232	-3851.9985352693056	62.02066651854075	-117.03812476937217	0.09869099295084649	0.11210105826109609	0.040206340240846856	65.79110393130395	1	13.067242969404953	8.788578451600336E-4	7.657414961215986E-4	0.2812412767608976	0.2012070194083176	0.2600032659849861	0.25754843784579895	8.785279402971643E-4	2.7513299561201473E-13	5.96949173278207E-4
204000	-3981.4822751197626	-3847.3304201471456	-134.15185497261677	-3847.3304201471456	64.47157359471788	-123.95181411346985	0.09523994574701966	0.08726890834322895	0.02380242884116246	99.75276513251652	1	18.03474108726403	8.94329832323347E-4	7.555501209073864E-4	0.2812412767608976	0.2012070194083176	0.2575842455494136	0.2599674582813714	8.942263644085941E-4	3.8105909150718406E-13	6.902811247055595E-4
205000	-3980.3871262365556	-3848.7786692153554	-131.60845702120002	-3848.7786692153554	63.281615443562465	-127.29998153890944	0.05324805331676428	0.06646710280071563	0.02650088488465519	105.83102869895711	1	15.379453382339376	9.675069183787047E-4	2.0416383192359034E-4	0.2812412767608976	0.2012070194083176	0.24566313929100625	0.2718885645397788	9.675059981396108E-4	5.3873715562219907E-14	2.3989803227140901E-4
206000	-3981.309117963104	-3850.701185028373	-130.60793293473125	-3850.701185028373	60.390298752452075	-120.89465018356316	0.07473477203106378	0.08137775531956383	0.03081976003770284	61.37509536343555	1	14.845455652135636	8.377663533018448E-4	0.011829494020950923	0.2812412767608976	0.2012070194083176	0.24566313929100625	0.2718885645397788	8.371577152294253E-4	1.1216790550318791E-10	0.012643051308501078
207000	-3985.8289978573953	-3855.504724371078	-130.32427348631754	-3855.504724371078	59.99962517764597	-118.67708070149848	0.07473477203106378	0.09362910185823259	0.02658322827836634	61.31321251321568	1	14.845455652135636	9.035400690486225E-4	0.10893729755696067	0.2812412767608976	0.2012070194083176	0.24566313929100625	0.2718885645397788	8.95115923124381E-4	6.7143829620231656E-9	0.08916762313679688
208000	-3976.2300249897194	-3845.2030907426415	-131.02693424707786	-3845.2030907426415	61.046062739737664	-122.37151292775155	0.07473477203106378	0.07164428800184063	0.029232668133927418	61.31321251321568	1	14.845455652135636	9.179245437598246E-4	0.013673377423842541	0.2812412767608976	0.2012070194083176	0.24566313929100625	0.2718885645397788	9.183727525986905E-4	1.4906067005836135E-10	0.013283872869585565
209000	-3977.0563824898622	-3848.2090573143587	-128.84732517550339	-3848.2090573143587	56.48141491474397	-115.18916895112385	0.10277297759502994	0.11523859320043697	0.027951412208498175	58.004661847055175	1	12.412769951937412	0.0010085807809985278	0.0012934894233489396	0.2680601353498156	0.2220067856626235	0.24566313929100625	0.2642699396965549	0.0010086849285572935	9.84421811370319E-13	9.834904212564822E-4
210000	-3983.4640313622676	-3847.1143461793617	-136.34968518290583	-3847.1143461793617	60.63330506478978	-118.88606380526427	0.10943777397301564	0.09437961234615933	0.041642802478599646	66.60738991040289	1	19.789006832219943	9.289847079723445E-4	0.11447075337653945	0.28239950475544007	0.18902196179970474	0.25886035478933744	0.26971817865551795	9.206508267480269E-4	1.2127672032541349E-8	0.1181352217871036
211000	-3985.465544465719	-3851.4584021824708	-134.00714228324819	-3851.4584021824708	63.84347590494163	-117.84133293395291	0.09118240691924406	0.11785604239063993	0.02449287716997981	66.6492302394337	1	19.789006832219943	9.542748205944368E-4	0.17676765710715556	0.28239950475544007	0.21215788026838753	0.23572443632065465	0.26971817865551795	9.080531446686238E-4	3.2738061959681316E-8	0.18863858634036235
212000	-3991.294173862171	-3853.5196189924145	-137.77455486975663	-3853.5196189924145	71.08965327171285	-128.81815110655788	0.06550277308913995	0.09952885333165687	0.013341294841882873	86.31093430990389	1	19.789006832219943	7.471146645627269E-4	0.01704585159482004	0.28239950475544007	0.21215788026838753	0.23572443632065465	0.26971817865551795	7.50829482399352E-4	1.676929241918134E-10	0.01728067009493113
213000	-3984.91499055265	-3850.053103247054	-134.86188730559593	-3850.053103247054	72.27297397857534	-130.1368250235113	0.06550277308913995	0.0543137685528156	0.01716779472263205	86.4391722906914	1	16.097944181744513	7.660974910111188E-4	0.02276797655607113	0.28239950475544007	0.21215788026838753	0.23572443632065465	0.26971817865551795	7.660290148467166E-4	2.291465608168391E-10	0.019870358453621412
214000	-3986.413314008615	-3849.3564984990567	-137.05681550955836	-3849.3564984990567	70.25451937896038	-132.58652636935	0.04446848589765353	0.06100828130572617	0.015513544499870925	75.06289274866495	1	18.161929193480713	7.945248026760667E-4	0.08251902933485823	0.2713761311555713	0.20239179258830556	0.25498590744199356	0.2712461688141298	7.77726915293659E-4	5.745395042846347E-9	0.09394162491373714
215000	-3978.8423271194497	-3845.2740196138625	-133.56830750558723	-3845.2740196138625	63.01655389963241	-121.90911308532326	0.07396316610273003	0.07842079598876249	0.03567115631295911	68.00710057236671	1	16.084780038707617	9.156480650613345E-4	0.11302016968424865	0.2916341124428088	0.20619583247825662	0.25498590744199356	0.24718414763694121	9.071553353866597E-4	1.238790354516179E-8	0.12098583934359268
216000	-3981.029320246976	-3847.3783626374257	-133.6509576095505	-3847.3783626374257	65.71176646376524	-122.15891352767036	0.09275461423425273	0.07782278676155624	0.021955863314461945	65.76990581684635	1	16.38293062852503	8.577529305395493E-4	0.19656233866459769	0.27671208111651147	0.205620837303456	0.24830744049972972	0.269359641080303	8.257091887927254E-4	2.8479415521169658E-8	0.1991968438941964
217000	-3989.9109002340483	-3853.70733964662	-136.20356058742843	-3853.70733964662	65.61357668398833	-126.35081196461833	0.05788815240671175	0.08971151023364085	0.02527474795836499	83.62921623696542	0	16.688587725912875	9.905554178141537E-4	0.07455197865235318	0.27671208111651147	0.205620837303456	0.24830744049972972	0.269359641080303	9.708004154539208E-4	4.5530018424703544E-9	0.06798670636322883
218000	-3984.6618420823925	-3850.4928254214287	-134.16901666096385	-3850.4928254214287	64.58745764399319	-123.42822642674518	0.09021037026973805	0.08937396116532825	0.021606363929733707	86.86160021900427	1	20.039648146631777	8.110277654794942E-4	0.005860435065791052	0.27671208111651147	0.205620837303456	0.24830744049972972	0.269359641080303	8.129533226626911E-4	3.015045319554343E-11	0.006770734225536235
219000	-3986.9224010417447	-3846.017459960905	-140.90494108083985	-3846.017459960905	69.77068327297556	-128.3670067874145	0.06207037767509746	0.09198326963382128	0.03977888843506928	91.96764769242877	0	20.039648146631777	8.774309645385807E-4	0.039995402427407255	0.27671208111651147	0.205620837303456	0.24830744049972972	0.269359641080303	8.9215703558639E-4	1.9005952599462695E-9	0.0492393148304208
220000	-3983.81520715355	-3847.091798737067	-136.72340841648307	-3847.091798737067	61.760256475512804	-122.05794112723869	0.10983415743916933	0.10739493261705056	0.017878024538392875	94.76619135722196	1	17.38593955958268	8.046681850546829E-4	0.08147322181230698	0.2931118512121496	0.205620837303456	0.23190767040409155	0.269359641080303	8.377886109183016E-4	5.344457130016327E-9	0.0894497646245823
221000	-3986.1196321192824	-3848.091669136965	-138.02796298231746	-3848.091669136965	68.60976190840266	-123.08434252825779	0.10983415743916933	0.11117068385678587	0.0167542921166736	79.58310373551183	1	16.22703411115523	8.305313860433009E-4	0.11415234581466355	0.2931118512121496	0.20553448804946195	0.2319940196580856	0.269359641080303	7.956199176330119E-4	9.21037491669928E-9	0.11761848831881908
222000	-3985.6409056672037	-3848.3562671939785	-137.28463847322502	-3848.3562671939785	60.72633508379446	-125.70711142246431	0.05436393974288498	0.10141674476033603	0.022121739931045985	83.5596503292053	1	15.747840147799739	8.692130611364726E-4	0.3804363418135525	0.2931118512121496	0.2248948568157485	0.2319940196580856	0.2499992723140165	8.262765471735327E-4	7.034160799579642E-8	0.3563779982103652
223000	-3992.0111805502256	-3853.0444095180446	-138.96677103218082	-3853.0444095180446	69.5350384420181	-128.71325582302407	0.05436393974288498	0.10141674476033603	0.017117555463513213	112.65686504812122	1	12.956891148461295	9.315106325867969E-4	0.29740179896739943	0.3011515571175736	0.21685515091032453	0.2319940196580856	0.2499992723140165	8.810921498235358E-4	4.6460407506114615E-8	0.2386489274831696
224000	-3986.0215160927605	-3851.5040095671743	-134.51750652558638	-3851.5040095671743	68.90294037021918	-124.40945249260885	0.0613311967142995	0.06062413506025785	0.04099955768711667	69.60291781144609	1	16.388975222899123	0.0010565265022372107	0.1568246360180986	0.3011515571175736	0.2006578353085744	0.24697729081675956	0.2512133167570927	9.47023477074766E-4	1.5905922374494338E-8	0.12823923092062436
