#
#model:
#
#<?xml version="1.0" encoding="UTF-8" standalone="no"?><input id="posterior" spec="beast.core.util.CompoundDistribution">
#    <distribution id="prior" spec="beast.core.util.CompoundDistribution">
#        <distribution id="BirthDeath.t:dna" spec="beast.evolution.speciation.BirthDeathGernhard08Model">
#            <parameter id="BDDeathRate.t:dna" lower="0.0" name="relativeDeathRate" spec="beast.core.parameter.RealParameter">0.5</parameter>
#            <parameter id="BDBirthRate.t:dna" lower="0.0" name="birthDiffRate" spec="beast.core.parameter.RealParameter">1.0</parameter>
#            <tree id="Tree.t:dna" spec="beast.evolution.tree.Tree">
#                <taxonset id="TaxonSet.dna" spec="beast.evolution.alignment.TaxonSet">
#                </taxonset>
#            </tree>
#        </distribution>
#        <prior id="BirthRatePrior.t:dna" name="distribution" x="@BDBirthRate.t:dna">
#            <LogNormal id="LogNormal.4" meanInRealSpace="true" name="distr">
#                <parameter id="RealParameter" lower="0.0" name="M" spec="beast.core.parameter.RealParameter" upper="0.0">1000.0</parameter>
#                <parameter id="RealParameter1" lower="0.0" name="S" spec="beast.core.parameter.RealParameter" upper="0.0">3.0</parameter>
#            </LogNormal>
#        </prior>
#        <prior id="DeathRatePrior.t:dna" name="distribution" x="@BDDeathRate.t:dna">
#            <Uniform id="Uniform.5" name="distr" upper="Infinity"/>
#        </prior>
#        <prior id="fastUcldStdevPrior.c:dna" name="distribution">
#            <parameter id="fastUcldStdev.c:dna" lower="0.0" name="x" spec="beast.core.parameter.RealParameter" upper="1.0">0.2</parameter>
#            <Gamma id="Gamma.10" name="distr">
#                <parameter estimate="false" id="RealParameter.47" name="alpha" spec="beast.core.parameter.RealParameter">0.5396</parameter>
#                <parameter estimate="false" id="RealParameter.48" name="beta" spec="beast.core.parameter.RealParameter">0.3819</parameter>
#            </Gamma>
#        </prior>
#        <prior id="FrequenciesPrior.s:dna" name="distribution">
#            <parameter dimension="4" id="freqParameter.s:dna" lower="0.0" name="x" spec="beast.core.parameter.RealParameter" upper="1.0">0.25</parameter>
#            <Uniform id="Uniform.3" name="distr"/>
#        </prior>
#        <prior id="KappaPrior.s:dna" name="distribution">
#            <parameter id="kappa.s:dna" lower="0.0" name="x" spec="beast.core.parameter.RealParameter">2.0</parameter>
#            <LogNormal id="LogNormalDistributionModel.0" name="distr">
#                <parameter estimate="false" id="RealParameter.1" name="M" spec="beast.core.parameter.RealParameter">1.0</parameter>
#                <parameter estimate="false" id="RealParameter.2" name="S" spec="beast.core.parameter.RealParameter">1.25</parameter>
#            </LogNormal>
#        </prior>
#    </distribution>
#    <distribution id="likelihood" spec="beast.core.util.CompoundDistribution" useThreads="true">
#        <distribution data="@dna" id="treeLikelihood.dna" spec="beast.evolution.likelihood.ThreadedTreeLikelihood" tree="@Tree.t:dna">
#            <siteModel id="SiteModel.s:dna" spec="beast.evolution.sitemodel.SiteModel">
#                <parameter estimate="false" id="mutationRate.s:dna" name="mutationRate" spec="beast.core.parameter.RealParameter">1.0</parameter>
#                <parameter estimate="false" id="gammaShape.s:dna" name="shape" spec="beast.core.parameter.RealParameter">1.0</parameter>
#                <parameter estimate="false" id="proportionInvariant.s:dna" lower="0.0" name="proportionInvariant" spec="beast.core.parameter.RealParameter" upper="1.0">0.0</parameter>
#                <substModel id="hky.s:dna" kappa="@kappa.s:dna" spec="beast.evolution.substitutionmodel.HKY">
#                    <frequencies frequencies="@freqParameter.s:dna" id="estimatedFreqs.s:dna" spec="beast.evolution.substitutionmodel.Frequencies"/>
#                </substModel>
#            </siteModel>
#            <branchRateModel id="FastRelaxedClock.c:dna" spec="beast.evolution.branchratemodel.UCRelaxedClockModel" tree="@Tree.t:dna">
#                <LogNormal S="@fastUcldStdev.c:dna" id="FastLogNormalDistributionModel.c:dna" meanInRealSpace="true" name="distr">
#                    <parameter estimate="false" id="RealParameter3" name="M" spec="beast.core.parameter.RealParameter">1.0</parameter>
#                </LogNormal>
#                <rateCategories dimension="18" id="rateCategories.c:dna" lower="0" spec="beast.core.parameter.IntegerParameter">1</rateCategories>
#                <parameter id="fastUcldMean.c:dna" name="clock.rate" spec="beast.core.parameter.RealParameter">1.0</parameter>
#            </branchRateModel>
#        </distribution>
#    </distribution>
#</input>
#
Sample	posterior	likelihood	prior	treeLikelihood	TreeHeight	kappa	fastUcldMean	fastUcldStdev	BirthDeath	BDBirthRate	BDDeathRate	freqParameter.1	freqParameter.2	freqParameter.3	freqParameter.4	ratesStat.mean	ratesStat.variance	ratesStat.coefficientOfVariation
0	-7950.31481464221	-7939.558175550062	-10.756639092148397	-7939.558175550062	2.964623994332215	2.0	1.0	0.2	-6.7900473522647555	1.0	0.5	0.25	0.25	0.25	0.25	1.097170285076464	0.061490625218469395	0.22498801491029483
2000	-5121.619557756989	-5119.472801550411	-2.146756206578265	-5119.472801550411	0.4600969382521275	2.184073288051385	1.0	0.4500759457607939	3.7333682696031243	2.7966477869482995	0.35715607518003006	0.277798764746744	0.24819075210441663	0.22710120049704302	0.24690928265179643	0.8482158898716216	0.25547644125193486	0.47146876313990654
4000	-5085.683040503316	-5084.429839779575	-1.2532007237410216	-5084.429839779575	0.2844518270501459	2.427224914690178	1.0	0.17768132849183402	4.269665961611411	6.0702403794524304	0.12415509497324548	0.2787808169265836	0.2789286329867424	0.19760600754507587	0.24468454254159822	0.9343633611137009	0.031951473724034896	0.18480486865700332
6000	-5085.932656074961	-5086.979625739322	1.0469696643602266	-5086.979625739322	0.2533780227105901	2.7910596067053786	1.0	0.0503378844158733	5.6080017173101915	4.974480131129575	0.11549012770233903	0.2787808169265836	0.2789286329867424	0.1974457642673976	0.2448447858192765	0.988655605861942	0.0012866365561105208	0.03616514421340751
8000	-5079.960380450897	-5079.830664690359	-0.1297157605380821	-5079.830664690359	0.25650115603688795	2.396348736784968	1.0	0.042510666024033174	3.7110298448771415	2.903048923687822	0.7071865428004611	0.2749899954504805	0.2914182577658237	0.18942046311104843	0.2441712836726475	0.9942330911854246	0.001667905636026431	0.040677927213524256
10000	-5078.7973782179415	-5080.204886293986	1.407508076044464	-5080.204886293986	0.2504649910454383	2.486058619098208	1.0	0.028258553407145087	5.262287629318738	3.68095538426784	0.24137732649782365	0.2715129753598036	0.3034047969041822	0.17979378992110917	0.2452884378149051	0.9998766052723065	5.721676228882945E-4	0.02379030047563118
12000	-5068.174876158417	-5068.50695782584	0.3320816674232634	-5068.50695782584	0.25034542228607076	2.3593944253886177	1.0	0.1946922958404243	5.325475890846356	3.142538281097541	0.1318192946458739	0.27871149356023367	0.2984140534352811	0.17216439094806382	0.25071006205642155	0.9898847961402854	0.04886175121148255	0.22494455313980177
14000	-5066.625901252946	-5066.087288224781	-0.538613028165384	-5066.087288224781	0.26830806238587224	2.5272647878502466	1.0	0.024342726402436825	3.7891700026681603	6.63630566969596	0.33274620829773044	0.2743423935337823	0.30549766614882057	0.15816443508985153	0.2619955052275457	1.003400919871762	6.705033331745275E-4	0.025863687750608568
16000	-5063.0430788054655	-5064.002378691895	0.9592998864295263	-5064.002378691895	0.2631636234435034	2.5272647878502466	1.0	0.005308072837394125	4.395278057613496	5.708169944915226	0.3694253246885485	0.28136643304971387	0.306594886188459	0.1532541494183819	0.2587845313434454	0.9980311875304074	1.9479013565724174E-5	0.0044230300972574335
18000	-5061.550302878199	-5062.819699157874	1.2693962796759415	-5062.819699157874	0.2692356901891372	2.245482074014197	1.0	0.06586407723701691	5.729288952319784	4.658520895212494	0.033449879724339084	0.29122511560369024	0.2998314107198237	0.1435353016383319	0.26540817203815426	1.007777850717525	0.0035713485742783547	0.058978975989881714
20000	-5059.993705556514	-5059.15081484008	-0.8428907164344046	-5059.15081484008	0.2501786040915261	2.507179396819889	1.0	0.1411300745019273	3.603591194617991	2.1588112539817588	0.05916041839774586	0.2849555769980026	0.29890474369568515	0.14110010959273403	0.27503956971357835	0.9716743723212768	0.020755340273411145	0.14332070768547414
22000	-5057.427875508889	-5058.37372420465	0.9458486957608607	-5058.37372420465	0.2617388370148691	2.507179396819889	1.0	0.10625316935502971	5.707654998630124	4.053228128546457	0.14952141841681157	0.28292107608051165	0.3037942739826251	0.14186984571687833	0.27141480421998504	1.0064089950108008	0.008991123747175896	0.09428330390117579
24000	-5056.321834346326	-5056.583946821891	0.26211247556555417	-5056.583946821891	0.2545979875004888	2.507179396819889	1.0	0.11912720487516719	4.785190379164791	2.7860163164834315	0.1357558648123304	0.28735765836752936	0.3042951082585716	0.12516701466656666	0.28318021870733256	0.9795753157982234	0.012725760755872784	0.11654950758702183
26000	-5056.272427557357	-5059.613894032199	3.341466474841879	-5059.613894032199	0.2456852623624228	2.4616483217033114	1.0	4.959286214324941E-4	5.092814246933006	3.0599645492002883	0.2744294487939446	0.27730202511783436	0.29458943896941636	0.13856210657680929	0.28954642933594016	1.000034852253304	1.188189767612127E-7	3.4469068220643217E-4
28000	-5056.706878342985	-5060.065540431787	3.358662088801699	-5060.065540431787	0.25161924718416334	2.2837288356607304	1.0	4.8015313119460665E-4	3.5688342470652827	0.4364419965458725	0.9298617373248766	0.2876154723091547	0.2915160722487557	0.13318323015156616	0.28768522529052365	0.9998857995672269	1.5232631031561472E-7	3.903003604123644E-4
30000	-5060.182053718795	-5061.739597455937	1.5575437371421335	-5061.739597455937	0.2693619628438619	2.8713592447218987	1.0	0.002516986591032126	2.3527806118059074	0.22366643336986558	0.9307302014916685	0.2874921799727953	0.2901245922635359	0.13305260368453944	0.28933062407912963	0.9999993484467057	4.097814222865872E-6	0.002023384132570215
32000	-5059.890262829446	-5061.912488132748	2.0222253033016537	-5061.912488132748	0.24628344858762777	2.724191745857939	1.0	0.0035088131197623215	3.3649818761411563	0.46606943429472325	0.9147203502521791	0.3012775298197223	0.2842849784680373	0.12802256275560817	0.2864149289566325	1.0014031576711293	1.40758431537729E-5	0.0037478269785379413
34000	-5059.144313467618	-5058.591937192951	-0.5523762746672538	-5058.591937192951	0.25080294949917487	2.2514228710103534	1.0	0.14662962105239696	3.8822651294738466	2.3068120626108866	0.7498641234184626	0.28681030554397496	0.28391866807796046	0.12879783285173227	0.30047319352633256	1.0380443602978255	0.026381554259192058	0.15519760978962857
36000	-5062.619996691271	-5061.708674305254	-0.9113223860171362	-5061.708674305254	0.25141590907733846	2.2855729368447335	1.0	0.09371556374872422	4.168681203928782	6.941750601159402	0.2545258842492132	0.2762818387745841	0.2758202496319705	0.14556449761888318	0.3023334139745625	0.9996411598043222	0.007391448917302185	0.08515132898576672
38000	-5059.653281946808	-5059.995879198099	0.3425972512901567	-5059.995879198099	0.27029006157098673	2.27846878820159	1.0	0.13388571795277673	5.167994270259542	3.929771455535896	0.08863792365834197	0.269315359131504	0.2886530261592364	0.141333507142192	0.30069810756706783	0.9654287662220432	0.01644332044687251	0.1322909231587627
40000	-5060.645410181346	-5060.988141134006	0.3427309526594229	-5060.988141134006	0.25153044793271223	2.3505433899126693	1.0	0.1112640897193818	4.5936202432572255	2.299671503664949	0.2559737607373873	0.30639972678243715	0.2733653320225959	0.13923583794573025	0.280999103249237	1.0257694199911274	0.013950394133256393	0.11729888466017833
42000	-5058.411975498336	-5058.869562834736	0.4575873364001595	-5058.869562834736	0.26647025339950653	2.3505433899126693	1.0	0.10729378450096676	4.799329749142126	2.649627090269532	0.6091547331840412	0.2977305593020169	0.28166811569931505	0.12982717144562644	0.29077415355304187	1.0024598848539774	0.01237206349600132	0.10839077096627223
44000	-5058.15769363869	-5058.666730226547	0.5090365878572638	-5058.666730226547	0.247893575624828	2.424926266181205	1.0	0.06426429620802525	5.489654949401453	7.690676240976477	0.0012134437286648893	0.27528763386664157	0.2856028419358232	0.13684097182010843	0.3022685523774271	0.9680576465430695	0.006439389069171121	0.08116940508452732
46000	-5060.569199857201	-5062.490017661037	1.9208178038365356	-5062.490017661037	0.2431867030312479	2.424926266181205	1.0	0.010842533954099329	5.2632458133941675	3.6707059584388233	0.036185318845725484	0.28662500997436274	0.288190666482884	0.1417162819123165	0.2834680416304371	1.0018047436360942	1.1834222090278436E-4	0.010854813716425233
48000	-5058.052737671123	-5059.7999336653065	1.7471959941833404	-5059.7999336653065	0.2431827148615997	2.3024800660160976	1.0	0.023833900597827373	5.861585288748549	5.86075039994806	0.11580824353081683	0.28662500997436274	0.27865928567985243	0.13275061512859698	0.3019650892171881	1.011754397091841	3.2586910742923934E-4	0.01788169900009399
50000	-5062.367668083029	-5062.125520076742	-0.24214800628670408	-5062.125520076742	0.24943457327785348	2.3024800660160976	1.0	0.08298202691076202	4.928759424493206	8.276898479021673	0.004342922967274101	0.2801771911606685	0.27865928567985243	0.14816747140600345	0.2929960517534759	0.9888866282007625	0.00512128653633443	0.07361824733444566
52000	-5057.067650200866	-5056.247215755514	-0.8204344453524142	-5056.247215755514	0.28169873977788634	2.3024800660160976	1.0	0.2576648073753301	4.491609729210361	3.3175294130046424	0.1796220955514199	0.2801771911606685	0.2882385229726517	0.13858823411320426	0.2929960517534759	0.898057889595269	0.054202153954591034	0.2419740377383082
54000	-5058.370752827412	-5059.2740662566885	0.9033134292769134	-5059.2740662566885	0.2601591637364587	2.835876697343173	1.0	0.02727430026379107	4.507149997096817	2.4096473875598625	0.334104303708001	0.2963564895442095	0.29021555567748286	0.13858823411320426	0.2748397206651037	0.9996514266217532	6.740287543983499E-4	0.02583985199222884
56000	-5060.986756087493	-5064.834390564734	3.8476344772416313	-5064.834390564734	0.24695271329327023	2.195072857396892	1.0	3.9877086757926283E-4	5.443140398047079	3.2354112376547226	0.16958730217409035	0.2972189497510451	0.2956534282166923	0.12093208694737631	0.28619553508488654	0.9998301902176351	1.4889432346655678E-7	3.8592366571633106E-4
58000	-5062.421941510806	-5062.211832046145	-0.2101094646616386	-5062.211832046145	0.26158750190449076	2.9006320624032336	1.0	0.16976836540212287	5.3545962258215845	5.497575273173557	0.16442593856399354	0.3048837241476574	0.26952624085179877	0.13939449991565755	0.28619553508488654	0.9455643871421993	0.04837864450658185	0.2255893742140063
60000	-5061.174094227237	-5061.659542612947	0.4854483857098342	-5061.659542612947	0.25569201747935594	2.2777477962108126	1.0	0.06747793476867718	4.525253558341539	2.7916701068343013	0.05979948868559195	0.275702353912601	0.2904510349470682	0.13381565207481352	0.3000309590655176	0.9704826836214969	0.004095725384917942	0.06595659930766722
62000	-5059.336480558843	-5060.552292081358	1.2158115225154464	-5060.552292081358	0.24892981618285395	2.4803870457525226	1.0	0.010517627516091376	3.5512140007346167	1.0461315982401251	0.7031881272736559	0.2786023806846313	0.28684202012107163	0.13381565207481352	0.3007399471194839	0.9996138762070025	8.455574537433549E-5	0.009190134506979858
64000	-5062.1075432360185	-5063.120883083038	1.0133398470194717	-5063.120883083038	0.25323585649414293	2.585421626145265	1.0	0.11783656484718828	5.938368453009581	4.3150926083231225	0.10048738308569835	0.2786023806846313	0.28175277254896386	0.13579011496572227	0.3038547318006829	1.024632720084625	0.016812006938327594	0.12649002704324466
66000	-5067.135890892986	-5066.853977174531	-0.2819137184547309	-5066.853977174531	0.2734065968565142	2.7244047505607525	1.0	0.027846637684652363	2.945511912575087	1.567322894115692	0.35772251544868555	0.2924275185187702	0.29365465022695353	0.12522819538316002	0.2886896358711165	0.9923098106497802	4.908887727343064E-4	0.022234505669215695
68000	-5062.929327208727	-5062.016994912034	-0.9123322966932472	-5062.016994912034	0.2567994821993054	2.2663351765483535	1.0	0.016769710929318147	3.508453723593183	9.88522826625201	0.04061235978892894	0.27952517007128314	0.2874246725152502	0.1505756388361598	0.2824745185773071	0.9957685749097664	2.2301732637005413E-4	0.014984499337217993
70000	-5065.577965106431	-5066.663784759722	1.08581965329057	-5066.663784759722	0.2529070734526238	2.4421621052246523	1.0	0.047051672543018244	4.6890484423008605	1.989355341968346	0.4758265545409513	0.32157061420960414	0.26749759505082765	0.13850106042919622	0.27243073031037224	1.0103483360115184	0.002818050622348496	0.05214088424086378
72000	-5068.487070384573	-5066.874979189381	-1.6120911951917056	-5066.874979189381	0.2676394413197348	2.4421621052246523	1.0	0.09028600859764606	3.466517477850733	6.685501880646035	0.32489054882996743	0.28465608176240503	0.31520867023724003	0.1284347690885485	0.2717004789118067	0.9492924369460846	0.005757459688437975	0.07920808719333579
74000	-5058.134101081757	-5058.890055973285	0.7559548915281669	-5058.890055973285	0.2651242973005507	2.4421621052246523	1.0	0.07170463606498918	5.157185802831253	3.768616184789002	0.016481641561180305	0.2729750630820828	0.31491295204998887	0.12873048727579964	0.28338149759212894	0.9943268461003029	0.00573001854402912	0.07535869096204789
76000	-5056.603027224225	-5057.277507571261	0.6744803470354288	-5057.277507571261	0.26650437478958444	2.3834390253379047	1.0	0.10467622999329967	5.571379684625569	5.024338825542853	0.02445388046820813	0.2729750630820828	0.3157606735080135	0.12788276581777497	0.28338149759212894	0.9691571521703705	0.010382063803719444	0.105783584134799
78000	-5055.938297630586	-5059.115649604481	3.177351973895477	-5059.115649604481	0.2583169071212198	2.490579249009538	1.0	5.377511461108094E-4	4.833411837070368	2.5827572660065905	0.5088404185412818	0.2995705181387575	0.28349595970896463	0.14345502523452844	0.2734784969177496	1.0001201371114818	2.3807591374983822E-7	4.879325418056224E-4
80000	-5055.993585628054	-5062.521339416315	6.527753788261435	-5062.521339416315	0.25440066853601334	2.306364569994848	1.0	5.856093924897342E-7	5.0504021942273605	2.838887393429021	0.3575865678018842	0.2841873724688897	0.29887910537883244	0.14345502523452844	0.2734784969177496	0.999999925478529	3.0367159341700863E-13	5.510640610859785E-7
82000	-5062.744657067112	-5063.813629735668	1.068972668556031	-5063.813629735668	0.27175662226286723	2.306364569994848	1.0	0.030371337253521126	4.648964040166912	2.771173974209692	0.5018185633995392	0.2945434021384861	0.29887910537883244	0.130172775714014	0.2764047167686676	0.9905939466804897	0.0013424124437290603	0.03685546732697328
84000	-5062.698155918252	-5063.0768695074	0.3787135891479001	-5063.0768695074	0.26292285711773045	2.6949091444783586	1.0	0.036541343611847216	3.989422155795163	2.132720094252959	0.712948494932396	0.2986283244078699	0.2849625398417853	0.14000441898167737	0.2764047167686676	0.9970558969293557	0.001585465790967326	0.03971861719330038
86000	-5058.896307921522	-5058.47013250652	-0.42617541500235356	-5058.47013250652	0.2712424376099372	2.718264915172233	1.0	0.14592187294684272	4.842203388207758	4.940186335266137	0.1962828724837479	0.2986283244078699	0.2849625398417853	0.14000441898167737	0.2764047167686676	1.0082057687505654	0.016909773789566315	0.1306470677096897
88000	-5059.7192604975035	-5060.710026968645	0.9907664711416317	-5060.710026968645	0.24658122409423322	2.414327383635665	1.0	0.04865797337100908	4.254959883898062	1.276330804879957	0.7003874889312016	0.2986283244078699	0.2849625398417853	0.14000441898167737	0.2764047167686676	0.9840834768502988	0.0014219641096229693	0.038451891160534685
90000	-5058.562615892352	-5059.6194184873875	1.056802595034804	-5059.6194184873875	0.2551802472372514	2.414327383635665	1.0	0.007936343243774707	3.853068151648492	2.319510260749919	0.13107392624416878	0.2848793317433531	0.2925327698918162	0.1461831815961633	0.2764047167686676	0.9982242410607349	6.16775722289164E-5	0.007867653629230668
92000	-5063.323220887578	-5063.3813290926	0.058108205022064485	-5063.3813290926	0.24908920264896453	2.345081936049677	1.0	0.070686559986998	4.67860607227726	5.069342969159816	0.32154123044041877	0.2820425092346761	0.2953695924004932	0.1461831815961633	0.2764047167686676	0.9792922318210469	0.003745915798117471	0.061410271911427734
94000	-5056.397701264396	-5056.3988976412165	0.0011963768197924551	-5056.3988976412165	0.24757776250721775	2.4906215836502534	1.0	0.19781494407910002	5.851982881809123	7.514644622495274	0.011631100966190282	0.3067873143839671	0.28744623327851676	0.1290997170276333	0.2766667353098831	1.0884565066540026	0.05309352730228267	0.20909441678573834
96000	-5057.757566124386	-5059.181476349625	1.423910225238818	-5059.181476349625	0.26412330240242005	2.554329685229482	1.0	0.0032115343070156974	4.435840811446314	4.599374044582073	0.38110793770684187	0.2920226261043353	0.2883531173969851	0.14287250488023673	0.2767517516184431	1.0008098218691008	7.0002371284399205E-6	0.002644003097550579
98000	-5062.50984083098	-5063.255147714667	0.7453068836872272	-5063.255147714667	0.2746127405106758	2.8342084267007706	1.0	0.004025946644464941	3.7201528591438913	3.482700628459702	0.5719829940221799	0.2920226261043353	0.2960233619354128	0.1291314843236955	0.2828225276365567	1.0019262805092537	1.062043924350271E-5	0.003254894830437164
100000	-5062.4715322318425	-5063.672409602142	1.200877370299386	-5063.672409602142	0.2512792624900646	2.3533500264720453	1.0	0.10757521218533132	6.1286554901009485	5.148511969205217	0.03234722678321513	0.2832224695114036	0.30482351852834455	0.13257850592837056	0.27937550603188166	0.9586283212249265	0.014413734975653512	0.12200489492234289
102000	-5057.6695010991625	-5059.49386684477	1.824365745607769	-5059.49386684477	0.26416586347719667	2.6448000284194313	1.0	0.00604594017179873	5.046946286527941	4.013628611897403	0.32528329669512557	0.2832224695114036	0.2910190150599835	0.14523804808069057	0.28052046734792274	1.0022345806185537	3.342172140567203E-5	0.005779147446275616
104000	-5058.020810718142	-5058.191182303057	0.17037158491561044	-5058.191182303057	0.2758603010080714	2.574622062000773	1.0	0.07565963396549073	4.518905787610297	3.216983442274226	0.4791584741128859	0.28258986001775455	0.2916516245536326	0.14523804808069057	0.28052046734792274	0.9906536660820449	0.0051720106090389585	0.07293531174084383
106000	-5060.813696706023	-5062.036445862415	1.2227491563928248	-5062.036445862415	0.2756724437055872	2.444245601888878	1.0	0.0206618776809997	5.245470845198718	5.420797443632467	0.053456699575996844	0.28258986001775455	0.29266748132806153	0.14523804808069057	0.2795046105734938	0.9892068291718211	4.828522163299023E-4	0.0221535122711117
108000	-5060.164334295569	-5062.4316719531225	2.267337657554175	-5062.4316719531225	0.22712835277696125	2.1508624905614977	1.0	0.03160142740229138	6.126099912163445	4.00130746023598	0.11120275281347702	0.28258986001775455	0.28833785932297673	0.13323047363372445	0.2958418070255447	0.9972143148904103	6.838976148947996E-4	0.026106549629389474
110000	-5055.458371533925	-5055.629960199375	0.17158866545003093	-5055.629960199375	0.24951510882494538	2.407184950115671	1.0	0.11800759536756324	5.2415125419423845	5.445826594869285	0.24223153922137658	0.2760054230134237	0.3002983828761317	0.13733852881463177	0.28635766529581325	0.9681929277822563	0.014263299033903621	0.12101725247847611
112000	-5058.019560214643	-5058.498652140618	0.47909192597478256	-5058.498652140618	0.2599494884683625	2.407184950115671	1.0	0.04936891992682791	4.51735965458912	3.2869999823409763	0.4688804218692747	0.2760054230134237	0.3002983828761317	0.13859208242389892	0.2851041116865461	1.012390570791242	0.0018321272734501135	0.04217780568422468
114000	-5059.918656164935	-5059.35664171611	-0.5620144488249543	-5059.35664171611	0.28138678761266356	2.6426411334706548	1.0	0.16855006937997682	4.118097287949519	2.2373543655497796	0.631026090334546	0.30362283637452464	0.273109403808145	0.13859208242389892	0.2846756773934318	0.9606212451863458	0.025335481170278902	0.16047924025979252
116000	-5056.554797623191	-5057.620812886522	1.0660152633306623	-5057.620812886522	0.254675789995767	2.43709934720734	1.0	0.013097815526744768	4.49656775344366	3.631412718927535	0.5214841441230207	0.2772780041743544	0.30895442508577664	0.1354298753615707	0.2783376953782987	0.9959246816850469	2.6715217975713983E-4	0.016340310780995345
118000	-5059.205536807134	-5060.547804194326	1.3422673871918196	-5060.547804194326	0.2515236137210272	2.670393051683509	1.0	0.027918193021050638	4.947068633755883	2.555970416514204	0.5132862865448583	0.2902810438693492	0.28419469187964247	0.1354298753615707	0.29009438888943806	0.9903841270188505	7.632542953137019E-4	0.027710335650371388
120000	-5058.335388423889	-5060.978230700354	2.64284227646578	-5060.978230700354	0.26618966223727347	2.5786082453428714	1.0	0.0028296823199062396	5.493230693359846	4.061262009947985	0.07628710247916333	0.283661368496369	0.28419469187964247	0.1420495507345509	0.29009438888943806	0.9999122628262191	7.813563674776756E-6	0.002795495313227884
122000	-5057.767217354916	-5058.015698055851	0.24848070093542596	-5058.015698055851	0.27690767341375994	2.5786082453428714	1.0	0.14382205189209468	5.195265096400624	3.703504319851893	0.2931907828352663	0.283661368496369	0.29444230454931214	0.1344594268146493	0.28743690013966994	0.9695669774702105	0.012053048558529858	0.11307809479981364
124000	-5061.644034035158	-5063.721262181336	2.0772281461781645	-5063.721262181336	0.2833049176264484	2.4120606000431333	1.0	0.002146602331945716	4.409726781052159	2.7894323323701253	0.31666304486135904	0.29592531674530115	0.30690308423380874	0.130095581398433	0.26707601762245753	1.0000091631457635	1.8512993190966623E-6	0.0013608728204977704
126000	-5066.707414637371	-5067.802449215464	1.0950345780927915	-5067.802449215464	0.235670892134682	2.9276483139462766	1.0	0.015690244606608488	5.249044066374193	5.989859898489935	0.3383902218545668	0.2915087658447118	0.27303161137926923	0.1558429653190587	0.2796166574569607	1.0055570636781441	2.0582174497539866E-4	0.014306499444175102
128000	-5066.410754389155	-5067.442777788393	1.0320233992379944	-5067.442777788393	0.25858155969611024	2.709765262577866	1.0	0.002583865105445148	4.30621163769686	6.414422470271905	0.24254103836094404	0.2688151950184441	0.2924594166876542	0.15788663444421613	0.28083875384968604	1.0003597580269803	3.3371772861650515E-6	0.0018266470671888136
130000	-5065.172860185543	-5064.588167186925	-0.5846929986185219	-5064.588167186925	0.2383902053226163	2.331863223415696	1.0	0.2094788387731145	5.001849095338562	5.698558207813643	0.268112899374072	0.2573015123981893	0.30361187747259355	0.15824785627953156	0.28083875384968604	1.0198359646655577	0.01777239371311763	0.1254651668301816
132000	-5062.620419331075	-5063.014318033471	0.39389870239577807	-5063.014318033471	0.2542034460333175	2.3433691535898395	1.0	0.05029112388880359	4.23118867083484	2.638435108827913	0.7130088392308939	0.2698292571380941	0.2859513354921238	0.1440196022659293	0.3001998051038533	1.00831955699094	0.00333991296390414	0.05736713718262337
134000	-5067.077245430509	-5067.738103191526	0.6608577610167399	-5067.738103191526	0.2458141884285779	2.4561953301832666	1.0	0.16266238399117125	5.708357910679322	3.8797841969910896	0.12888496883126152	0.247798717708454	0.3079818749217639	0.14953969182711768	0.2946797155426649	1.0356582062016964	0.02913288197297251	0.1610401230150501
136000	-5063.271189627828	-5066.814628488514	3.543438860686317	-5066.814628488514	0.24832967206970935	2.8074530560986335	1.0	4.5556943648925627E-4	5.852113729956801	5.188480717852855	0.009228979416932901	0.28302320716729074	0.30749375901683673	0.14953969182711768	0.2599433419887553	0.999973480580824	1.6121825533640224E-7	4.014969602212005E-4
138000	-5059.548215733713	-5059.016239807948	-0.5319759257646521	-5059.016239807948	0.26572778348850024	2.8074530560986335	1.0	0.14807441365007146	4.016766865837884	2.031789508323648	0.47050814007711045	0.28302320716729074	0.30749375901683673	0.13498885280238196	0.274494181013491	0.9509355044950663	0.017741450532967128	0.13742948667008287
140000	-5058.482318690554	-5057.954316250018	-0.5280024405368189	-5057.954316250018	0.276116264092754	2.541925691800991	1.0	0.20659172549739083	4.696807694426202	3.5409292458403923	0.24344436771350658	0.29117163914004723	0.29189669707089055	0.13050181238244765	0.286429851406615	0.943668781701477	0.04655572293176319	0.2108531126465243
142000	-5056.769375539973	-5058.888255338064	2.118879798090524	-5058.888255338064	0.2560949566647586	2.623657359379347	1.0	0.005983233006130083	5.142845986431131	3.245894469165335	0.06656538290942383	0.29117163914004723	0.29189669707089055	0.13050181238244765	0.286429851406615	0.999945799187881	4.192284572027583E-5	0.0064750577038888485
144000	-5057.29886468298	-5057.042471516606	-0.2563931663730874	-5057.042471516606	0.29051271228832487	2.5813954776529524	1.0	0.25348801954687106	5.545115534708158	5.207037599481564	0.11154586879678587	0.29117163914004723	0.29189669707089055	0.13050181238244765	0.286429851406615	0.9698531737321637	0.06226114167703395	0.25278555049565693
146000	-5062.155933136469	-5062.886835094244	0.7309019577753615	-5062.886835094244	0.23551598920018857	2.384093550678391	1.0	0.0765089518061244	5.785009668378066	7.506472388311322	0.10425167015667418	0.2730130579766779	0.30706284789052274	0.13050181238244765	0.2894222817503521	0.9909113658486702	0.007957276489754916	0.08898670305639622
148000	-5060.31715666193	-5057.718530345484	-2.598626316446241	-5057.718530345484	0.3507999733114526	2.6462104094150325	1.0	0.2844253274382893	3.181484052547236	4.269557014884971	0.2903683992435197	0.27803918381155607	0.3016442259244535	0.13089430851363873	0.2894222817503521	0.8235049011849644	0.058380615328371514	0.2676347080280431
150000	-5060.122906179311	-5057.618194886971	-2.504711292340132	-5057.618194886971	0.3995336302805367	2.349306555358974	1.0	0.34318650553149066	3.1072723971925553	3.044009777639095	0.31373328612576856	0.2835472599972837	0.2862411973335533	0.14078926091881133	0.2894222817503521	0.7897527810624521	0.09782211608931538	0.347526015263242
152000	-5062.092418184623	-5059.496555744236	-2.595862440387034	-5059.496555744236	0.2941155317221531	2.349306555358974	1.0	0.30576198466244686	2.728611624894076	2.591490930574656	0.6084412955491445	0.29668835977127694	0.2862411973335533	0.14161283170572123	0.275457611189449	0.8306751196471106	0.06274267757920038	0.2827380981504806
154000	-5056.822965514838	-5056.125462618581	-0.697502896257213	-5056.125462618581	0.28890968710193976	2.334672751154402	1.0	0.11113140721059919	3.205454955149988	1.5028489204777251	0.5732149120793187	0.2878302026532605	0.29632557202140397	0.1319218135303586	0.2839224117949774	0.9438698702415098	0.008158023393032093	0.09389021735462524
156000	-5063.117632394476	-5064.992165848136	1.8745334536607237	-5064.992165848136	0.2609209917447441	2.547317613935079	1.0	0.0038552292815706387	5.255603366364186	6.277733536649341	0.1724347584829682	0.2997627008781946	0.29241253185286487	0.14372931696535066	0.26409545030359033	0.9999385965847972	8.74421015697559E-6	0.002957372517899542
158000	-5060.285568330866	-5060.8154714195025	0.5299030886358644	-5060.8154714195025	0.24324170365587017	2.4352001928414135	1.0	0.28228082779373437	5.9751508106753155	3.2253376353776306	0.24579743526978284	0.2684826785585511	0.30360171019972737	0.1267225505010554	0.30119306074066654	1.118154107519351	0.08191284498193199	0.25727924360362603
160000	-5060.218619249823	-5061.036699004231	0.8180797544086604	-5061.036699004231	0.2594290695439729	2.305871134092688	1.0	0.08285837212950067	5.154384026963026	3.3290757064988914	0.14169208767973615	0.2746860398091813	0.29739834894909717	0.139101293596098	0.288814317645624	1.0073432385407588	0.010255593788794362	0.10013226909331632
162000	-5068.845387209124	-5068.501418587933	-0.3439686211914079	-5068.501418587933	0.26609715933031763	2.2038838785717045	1.0	0.12670606362162412	4.3980754925078624	3.8855236823018573	0.5037175797287392	0.3110323915989308	0.29529008825329883	0.124075867992496	0.2696016521552748	1.0098891593651587	0.013754062255041036	0.11786835002272884
164000	-5065.053112917268	-5065.811746874699	0.7586339574310021	-5065.811746874699	0.24691619939318382	2.292889563429793	1.0	0.01966556834571279	4.983105920099441	7.350359351016286	0.18846592638934467	0.3110323915989308	0.29529008825329883	0.124075867992496	0.2696016521552748	1.0091642157504133	2.918631389783679E-4	0.01697468043912728
166000	-5061.32365080907	-5061.570141537332	0.24649072826183405	-5061.570141537332	0.2577296088427144	2.5396970385890496	1.0	0.020889350922363905	4.648691756346373	7.7630803073512125	0.12099546933307533	0.3100764069428684	0.2932407731617783	0.12503185264855837	0.2716509672467953	1.0004849329468957	3.6689182588221493E-4	0.0191741313865203
168000	-5056.886081093981	-5059.511439960077	2.625358866095942	-5059.511439960077	0.24979980108642147	2.6162321016401937	1.0	0.0015294477101987097	5.3396921772853805	4.729327699214476	0.3322065306250958	0.2832799240928094	0.2932407731617783	0.14875648033630265	0.2747228224091101	1.000877131960116	1.6877677212532113E-6	0.00129819463742215
170000	-5060.76964271493	-5060.085826830231	-0.6838158846993099	-5060.085826830231	0.2623713026456436	2.383841242427848	1.0	0.1167213733093365	4.281494824620715	4.950820615624248	0.33119936145724826	0.2832799240928094	0.30817407257965274	0.1338231809184282	0.2747228224091101	0.9444378588185948	0.011982725434185078	0.11095664943568109
172000	-5059.078756336662	-5059.667392085993	0.5886357493306535	-5059.667392085993	0.2450014786075847	2.6580681931314	1.0	0.18456028462466345	5.703034915670834	3.3655470774273484	0.10312328013111233	0.2932602076183054	0.2981937890541567	0.12518185717093613	0.2833641461566022	1.0461580659707983	0.028269102103928877	0.1561613141118872
174000	-5059.129706498703	-5060.117505474498	0.9877989757952212	-5060.117505474498	0.2634876429816403	2.634712000801611	1.0	0.08049117567297949	5.773803378584077	4.906442370866895	0.04404755025109024	0.28691624457608456	0.29232326593128877	0.12430835634019205	0.29645213315243507	0.9932175150220828	0.004904336870699424	0.06972886934015762
176000	-5060.538364673817	-5061.01905578742	0.48069111360307026	-5061.01905578742	0.2577914874386647	2.7886804605178823	1.0	9.691922846888714E-4	3.528124478419124	7.916488698227795	0.2870341263535902	0.28273869096363563	0.2965008195437377	0.140970537875262	0.2797899516173651	0.9997808911713396	9.405618364302485E-7	9.698636491243147E-4
178000	-5061.629701066671	-5062.732444309457	1.1027432427855448	-5062.732444309457	0.2361270688090592	2.721988615290042	1.0	0.06850434422499085	5.893859100634261	5.346251680308328	0.2126236085055312	0.2920009348253984	0.2857625017358195	0.14244661182141738	0.2797899516173651	1.024060810132926	0.004006089664976664	0.06206494975663352
180000	-5057.917654075147	-5059.733092782636	1.8154387074896121	-5059.733092782636	0.2722670440936332	2.721988615290042	1.0	0.005091357009017255	5.330274239154258	5.8709996899885155	0.00910874793984786	0.2920009348253984	0.2996324640693165	0.1285766494879204	0.2797899516173651	1.002785735713714	1.5632007363491394E-5	0.003946003911688521
182000	-5059.606782790966	-5062.891738701681	3.2849559107149693	-5062.891738701681	0.2536513820198256	2.721988615290042	1.0	0.0010246378750901027	5.900117615035548	4.982829482304922	0.018943156111272546	0.30201095328199085	0.2741436409406871	0.12570176929101204	0.2981436364863104	1.0000997306581618	6.272495378376252E-7	7.920082915408974E-4
184000	-5060.826083143436	-5062.646786857864	1.8207037144275962	-5062.646786857864	0.24629271484197346	2.721988615290042	1.0	0.014728245281006613	5.766064257461985	5.362283264745642	0.15321045884923556	0.3092908314013233	0.2741436409406871	0.11842189117167953	0.2981436364863104	0.998345391810417	1.514989801626912E-4	0.012276978848870938
186000	-5055.774873352885	-5057.350729065395	1.575855712509735	-5057.350729065395	0.259600955012924	2.5034029925915244	1.0	0.013419881714575433	5.335679163043143	5.03456606962325	0.1439519534954947	0.2803278316118486	0.29379605190937397	0.1277324799924674	0.2981436364863104	0.9985957184325207	1.2097506572981215E-4	0.011000819031911755
188000	-5059.107314483471	-5060.033756038302	0.9264415548315599	-5060.033756038302	0.25967379502794985	2.5034029925915244	1.0	0.05459432840267437	5.0892823092183175	3.394694846158401	0.3612540154521514	0.2803278316118486	0.2946570586860136	0.12687147321582776	0.2981436364863104	0.9911317211203321	0.0030352093706466285	0.054858078580859414
190000	-5062.966840261967	-5064.461093136441	1.4942528744739065	-5064.461093136441	0.2642320792590224	2.6847379043652313	1.0	0.022708392001749882	5.334855534578525	3.7942544994254703	0.2690112269229731	0.29757247868114706	0.27346101039612075	0.13082287443642215	0.2981436364863104	1.0101392641008085	7.345471014865892E-4	0.026808942890285205
192000	-5064.568289622849	-5065.453079886079	0.8847902632292692	-5065.453079886079	0.28404467868324296	2.494342252701507	1.0	0.038925847871712195	5.012531460756896	4.096371079490604	0.10459059681830167	0.30578240236346826	0.2844417691091585	0.1246324272051674	0.28514340132220617	1.0076847082389595	8.427374348762009E-4	0.028923319177866426
194000	-5056.297139144741	-5057.944211330118	1.6470721853775685	-5057.944211330118	0.24601871247533116	2.482817402019611	1.0	0.04821896889474844	5.873821223359231	4.0072751225139385	0.019238933638722835	0.2951570149035295	0.2864556809618869	0.13324390281237777	0.28514340132220617	1.0165986475527549	0.001693431805704011	0.04059909171121321
196000	-5059.110506473797	-5058.035860539	-1.074645934796726	-5058.035860539	0.2890634225683688	2.482817402019611	1.0	0.1798614656753797	4.155137963130088	4.249558696750088	0.4425847826623898	0.2951570149035295	0.2864556809618869	0.13324390281237777	0.28514340132220617	0.9163729698914765	0.03737159193358774	0.19623491738692103
198000	-5062.0518945905105	-5061.649838366997	-0.402056223514037	-5061.649838366997	0.2599870785392277	2.469339417986882	1.0	0.16029882253356892	4.362666343404544	2.824149191036135	0.06345240077132594	0.304787741085337	0.2864556809618869	0.13741699330131005	0.2713395846514664	0.9666580431000178	0.0340295388046607	0.1857809559866076
200000	-5063.324853087787	-5063.7094733344775	0.3846202466901576	-5063.7094733344775	0.24323181535749094	2.780060491941108	1.0	0.02414449958359479	4.786948884301499	6.531671848949176	0.20911898494442757	0.2824928095862168	0.31053494376029567	0.13122014469770882	0.27575210195577904	0.9895187465521601	3.836792748486313E-4	0.01981229337023765
202000	-5061.24686559213	-5063.685929985291	2.439064393160793	-5063.685929985291	0.25383242564843844	2.2626931955677163	1.0	0.007479926901168843	5.736553526788012	4.583232127498608	0.28545806543934754	0.2796691553853476	0.29366371285798104	0.13507261520786124	0.29159451654881047	1.0024835707205515	6.625636114133938E-5	0.008138361938529582
204000	-5060.883347706259	-5062.435559162469	1.552211456210176	-5062.435559162469	0.2786431100249008	2.519857509553731	1.0	0.0027018934165923252	3.5979157925448906	1.6374084123900075	0.5076689023857508	0.2796691553853476	0.29366371285798104	0.13507261520786124	0.29159451654881047	1.000910768946648	4.873195806109496E-6	0.002206542959948682
206000	-5057.173426637312	-5056.43087318557	-0.7425534517421726	-5056.43087318557	0.2835319390414747	2.6597893987623515	1.0	0.15541215001677733	3.590280405596649	1.5746204597130757	0.6439466695981048	0.2861659861552193	0.2973662684247578	0.12487322887121273	0.29159451654881047	0.9578939064508674	0.020315342145530588	0.14487412552793522
208000	-5070.155075903805	-5070.508564989375	0.35348908557108505	-5070.508564989375	0.23987977136093372	2.501123830996419	1.0	0.12783881483140083	5.092460439586013	3.369273789798256	0.272223872985623	0.3118053061090703	0.28279082979034026	0.12487322887121273	0.280530635229377	0.9976468139077158	0.013082709703114386	0.11285802092162343
210000	-5054.506045802483	-5053.506986578873	-0.9990592236096503	-5053.506986578873	0.25070597412505236	2.6022403962827902	1.0	0.22950255921515822	4.114591150445642	2.669449234120573	0.6731213933330061	0.28533902449363135	0.2854970702593619	0.14863327001763005	0.280530635229377	0.980288599068121	0.0529509856692167	0.22268743043695455
212000	-5063.03940057522	-5061.996209222722	-1.0431913524972358	-5061.996209222722	0.26859228595499995	2.405685302802877	1.0	0.16799571079279899	3.3503647921164212	1.7597518240055174	0.8173079806644007	0.28533902449363135	0.297179727837943	0.13695061243904894	0.280530635229377	0.993822942953007	0.010434375613271037	0.10470891793374544
214000	-5058.5489790413585	-5059.162403677094	0.6134246357355444	-5059.162403677094	0.26191297197904495	2.6021311538045024	1.0	0.030125451702029196	5.203075119979093	7.5339230556766825	0.03356428534379099	0.27427026405238564	0.297179727837943	0.13695061243904894	0.2915993956706227	1.0086373551438663	6.554107971065628E-4	0.025588202067640918
216000	-5058.090549512369	-5061.166871565833	3.076322053464935	-5061.166871565833	0.2385184884939789	2.3752123246891452	1.0	5.930200345423266E-4	5.519669683211019	6.265336731710556	0.18389974868419362	0.27427026405238564	0.28004078568854157	0.13695061243904894	0.30873833782002413	1.0000132575631964	3.192819150638238E-7	5.650981922570899E-4
218000	-5059.816806286548	-5060.708543063674	0.8917367771268268	-5060.708543063674	0.2538956566722818	2.4630999262528577	1.0	0.048969363324286495	4.933523017864731	3.237757865715626	0.4913630727707808	0.27888594331496147	0.29250077836022526	0.13138998686512376	0.2972232914596898	1.0112991358337065	0.002182691145090875	0.04621958171898251
220000	-5056.369890455409	-5056.098462076753	-0.2714283786566034	-5056.098462076753	0.2514096973123232	2.718700974205782	1.0	0.18961460816114006	4.6630017924592	2.5756049413267506	0.2808074070818927	0.27888594331496147	0.29250077836022526	0.13138998686512376	0.2972232914596898	0.997410784145697	0.015645883787116267	0.12258851442703145
222000	-5057.201274838661	-5059.744073238239	2.5427983995779133	-5059.744073238239	0.2633483613429798	2.4081644487408957	1.0	0.0013435984760817735	4.776414247306855	3.2117128629904963	0.25267647915539515	0.27888594331496147	0.29250077836022526	0.13138998686512376	0.2972232914596898	0.9996610348191055	1.4581070044306947E-6	0.001207796221860568
224000	-5058.993584861383	-5059.842032113166	0.8484472517831119	-5059.842032113166	0.2604009876668328	2.5612022201294415	1.0	0.02824957723032554	3.995352596300097	1.5129634521108828	0.6003185191983377	0.27888594331496147	0.29250077836022526	0.12914386120022067	0.29946941712459285	0.9908466895239718	5.391423755075772E-4	0.023373340315695712
226000	-5063.422407822021	-5066.4140169939965	2.991609171974928	-5066.4140169939965	0.26396970024181116	2.2362775071558447	1.0	0.0016674265453093169	5.525682998064706	4.35047426995564	0.1448215137501835	0.307101601100506	0.3042253318627596	0.12914386120022067	0.259529205836514	1.0011970551121876	2.1180387472459135E-6	0.001453983370292464
228000	-5058.494536859772	-5059.676763519471	1.182226659699392	-5059.676763519471	0.24728620443835111	2.299855374730891	1.0	0.09065293519562183	5.75027023282369	4.051649170371822	0.17258672227016714	0.27920350791366266	0.3106303179565915	0.12914386120022067	0.2810223129295254	1.0114618395419008	0.011209355631853924	0.10533716098151016
230000	-5058.805409725123	-5059.260934737154	0.45552501203038576	-5059.260934737154	0.24935324222070696	2.4549922672995406	1.0	0.022202634253741683	3.631514844999108	1.9375988673212743	0.2600356929816443	0.27920350791366266	0.2883259460986976	0.12914386120022067	0.3033266847874193	0.9999048852403895	4.642467508623443E-4	0.021593639046002113
232000	-5057.942199207182	-5059.628760936644	1.686561729461177	-5059.628760936644	0.2573814915623566	2.340048462014312	1.0	0.021499497762490157	5.345730193991944	3.6971015897317576	0.36245810648963306	0.27920350791366266	0.2883259460986976	0.12914386120022067	0.3033266847874193	1.0053068778320373	8.021551325888065E-4	0.028297535564130585
234000	-5060.047539222741	-5065.124348653457	5.076809430715899	-5065.124348653457	0.24331571147422276	2.2326717964267155	1.0	5.184328267687102E-5	5.739216450459896	3.206830682835554	0.3911448464937645	0.28964755020574673	0.28012462556290024	0.14306104036577197	0.2871667838655813	0.9999945926965816	2.7639129074751207E-9	5.2573002745910764E-5
236000	-5060.02771477	-5061.371489840684	1.3437750706842273	-5061.371489840684	0.2714419601197252	2.4702371867382094	1.0	0.011234204389794281	4.448782509236364	2.6746299729849734	0.3436301077524734	0.28306619337629024	0.2895020030602023	0.1402650196979264	0.2871667838655813	0.998145825246957	1.4034331004422065E-4	0.011846823540961223
238000	-5058.1875504750915	-5060.344626865388	2.1570763902961327	-5060.344626865388	0.25063469016273415	2.476749119604014	1.0	0.0016451982882186953	5.1571781202716585	6.575728750609322	0.19367659650975452	0.2813386513169785	0.2917272986908675	0.13976726612657298	0.2871667838655813	1.0010785569651286	2.5449250178584967E-6	0.0015941029289961624
240000	-5063.79221979367	-5062.1519672643535	-1.6402525293156907	-5062.1519672643535	0.2754752794008461	2.3998148896615783	1.0	0.07492757815538802	3.11685191518485	5.5168232550297756	0.47021730789470184	0.2709013563064173	0.29791807837190604	0.13976726612657298	0.29141329919510395	0.9786550711890579	0.006075308375392464	0.07949566431389309
242000	-5060.044762968677	-5059.406445265698	-0.6383177029795768	-5059.406445265698	0.2744459351953381	2.413189689854519	1.0	0.052161345793323974	2.896727700466303	1.7168560265650226	0.3279729974555929	0.2902272921597943	0.2870788442164098	0.14325669316728257	0.2794371704565136	0.9745354719648339	0.002076051628531885	0.04663574393586643
244000	-5059.349950110826	-5058.935373462212	-0.4145766486142426	-5058.935373462212	0.2559872956543254	2.2124635759454963	1.0	0.19744490310259377	4.507647978698331	3.04271988104849	0.44344628893804033	0.2902272921597943	0.2870788442164098	0.14325669316728257	0.2794371704565136	0.9272327779886705	0.01644555009052951	0.13771587394101015
246000	-5059.882141302082	-5058.647678753227	-1.2344625488545762	-5058.647678753227	0.27917001061073954	2.2722990891482517	1.0	0.2117817421720033	3.3639538085385228	1.83893809973864	0.3040277167913804	0.2902272921597943	0.2870788442164098	0.13610241146972243	0.2865914521540737	0.9153157782147043	0.033383570938926896	0.1950479187629355
248000	-5059.029616148523	-5058.802083626826	-0.22753252169682803	-5058.802083626826	0.2347694353409372	2.661413786861887	1.0	0.4057870182415418	6.13234592704924	4.733242451733882	0.236766769604578	0.2933343075474509	0.3046710799812376	0.1351682207499397	0.26682639172137207	1.068964665524699	0.0652535832104124	0.2292055198501035
250000	-5058.582775943299	-5057.095159619382	-1.4876163239166342	-5057.095159619382	0.29371854610771386	2.661413786861887	1.0	0.3464531545268708	4.0334357897903255	2.3383873028522664	0.6358762122300422	0.28161121625725294	0.3117241951332613	0.12811510559791603	0.27854948301157	0.9647536012149105	0.05631494989047522	0.2430773782386452
252000	-5062.848284778506	-5062.6294348329575	-0.21884994554904336	-5062.6294348329575	0.25336289465423445	2.680814971982232	1.0	0.12312641991408577	4.958808350728846	5.281177570220226	0.3267102963888692	0.3121452211716152	0.2873988752756864	0.13482328857568965	0.265632614977009	0.9759265672608982	0.01570123973556147	0.12661593352208786
254000	-5056.867706263381	-5056.043335369849	-0.8243708935314238	-5056.043335369849	0.2485186833295354	2.294225338903171	1.0	0.09875663439836439	3.334194320007436	2.347867434679862	0.7548165734969988	0.28743155663346526	0.2996928146885995	0.13482328857568965	0.2780523401022459	0.9728985226840896	0.00949051526433907	0.09747038199794225
256000	-5057.46242395443	-5058.432687475116	0.97026352068569	-5058.432687475116	0.25936278112208394	2.294225338903171	1.0	0.08408651295409986	5.329474337661454	3.3966960009586957	0.32088851348704833	0.2712064488573144	0.29875981302341925	0.14811970765928525	0.2819140304599814	0.9832454282723467	0.007392590895044293	0.08617631562779862
258000	-5062.107214737091	-5062.611478476967	0.5042637398752374	-5062.611478476967	0.2623299369870908	2.5130860170530993	1.0	0.13318753945336198	5.632061294268146	5.001951707649093	0.14230989151465118	0.2732222797965168	0.2837396349669394	0.1521006991562595	0.29093738608028463	0.9805423128081141	0.016152321196347963	0.12928661886704135
260000	-5056.872099391607	-5058.167656017969	1.2955566263623575	-5058.167656017969	0.24984525910414448	2.426325797841311	1.0	0.031206395030054054	5.520388946049392	5.370947330086349	0.0964736491448011	0.2863540307366811	0.2837396349669394	0.13896894821609523	0.29093738608028463	0.9924129115710276	9.238712270770201E-4	0.03061542351435243
262000	-5063.548455362106	-5062.032166143126	-1.5162892189802264	-5062.032166143126	0.28322853169296724	2.806271525513876	1.0	0.1615285648889208	3.625985968470729	3.7528505557593776	0.5489862340644682	0.2745623651589306	0.2800914007793848	0.15250900413036428	0.2928372299313206	0.9351248198175057	0.009853448222943345	0.10513643466868289
264000	-5055.983901070168	-5056.21368383522	0.229782765051882	-5056.21368383522	0.2761799067421629	2.4677025074327097	1.0	0.15394544837769228	5.315821203283577	4.256646178691068	0.17441947425443283	0.2822284353992673	0.27841798001908474	0.15210501797695908	0.2872485666046892	0.9641292202375318	0.02306810919318291	0.15530099080068746
266000	-5064.62058699771	-5063.13574621699	-1.484840780720146	-5063.13574621699	0.27796330388580565	2.5860452392485596	1.0	0.1759928556428202	4.224559755585802	7.008917614465195	0.15973800583218623	0.2822284353992673	0.28627279225902796	0.12062447968469832	0.3108742926570068	1.0051105249530525	0.02793951881994664	0.1657295003935212
268000	-5059.652767694708	-5059.959844883651	0.3070771889436119	-5059.959844883651	0.2668596785173409	2.4768618137248537	1.0	0.07406115857089492	4.573937472235988	3.10395242957928	0.3179597184281476	0.2700421438334752	0.3012082567133727	0.13032045575021295	0.2984291437029395	1.0006620239534598	0.006659679954124202	0.0820546233194426
270000	-5065.681362268537	-5068.591204777437	2.909842508900407	-5068.591204777437	0.24294752989070437	2.351871976894643	1.0	5.800185703194936E-4	4.150775350402961	1.5826757171578283	0.8045096912436924	0.26920058262314706	0.3012082567133727	0.13032045575021295	0.2992707049132676	0.9999225322068805	2.32338635287521E-7	4.8205841124338987E-4
272000	-5060.913239467267	-5062.330937873463	1.4176984061955622	-5062.330937873463	0.2392799774510375	2.3669236539937106	1.0	0.03801106913328015	4.867183405070581	1.9819843597174016	0.7305793015245948	0.3052805815182893	0.2766789599729087	0.13815962093046558	0.27988083757833676	1.0189319430209738	0.0014397233313939001	0.037208605717366706
274000	-5056.578742166886	-5057.237457493716	0.6587153268300785	-5057.237457493716	0.2610924737545147	2.580462097674396	1.0	0.033782121106059104	4.728357711244984	4.042215599912899	0.46408484314449555	0.2935618381616867	0.2883977033295113	0.13815962093046558	0.27988083757833676	1.0064990765011637	0.0011253247148672227	0.03356634567711073
276000	-5065.582551938715	-5064.215096160076	-1.36745577863928	-5064.215096160076	0.2546432429441228	2.22384933037151	1.0	0.1237502896120327	3.6978508631111158	5.62287974174642	0.473333556288338	0.2543482450203107	0.30324633913935145	0.13815962093046558	0.3042457949098726	0.9887749899524755	0.007742682192924112	0.08967316876244882
278000	-5057.267373492655	-5058.34019228089	1.0728187882346232	-5058.34019228089	0.24698083603851423	2.3639458213163405	1.0	0.08622523854854307	5.976881221444498	5.9274964859556905	0.012891975682735968	0.2636220963554587	0.30441559760929154	0.13904705067777948	0.2929152553574706	1.026047072604257	0.0048989256099299374	0.06796730010552955
280000	-5060.622352943108	-5061.967696409966	1.3453434668577777	-5061.967696409966	0.26001800318769525	2.2460654382106178	1.0	0.047295666929351006	5.29500877785471	3.2829419002761915	0.14938162782325504	0.2769539894064854	0.29360857268527374	0.14985407560179725	0.27958336230644387	1.0053019547537987	0.0017230508282231715	0.04121367601557867
282000	-5058.468684625816	-5059.253674608559	0.7849899827426357	-5059.253674608559	0.2611279057639348	2.783412087453799	1.0	0.06987572045012343	5.622561165144286	5.412041724987573	0.03389078186668654	0.28519598276328784	0.29360857268527374	0.14885842180118564	0.27233702275025307	0.9844083279391064	0.00509741540604667	0.07236506918520912
284000	-5065.091775044514	-5062.679039156373	-2.412735888141354	-5062.679039156373	0.2818971942615058	2.7338468712838395	1.0	0.16798963263690808	2.9453487109293848	4.734259929166165	0.5069622903183326	0.28519598276328784	0.29191951248962783	0.12709422065090598	0.2957902840961787	0.9300203571347794	0.01925814853911872	0.1458486483836653
286000	-5063.2701202933995	-5062.685881627255	-0.5842386661445282	-5062.685881627255	0.28728538390282443	2.6546424388977736	1.0	0.21601469499859283	4.523698153282445	2.792314350964975	0.3594586838432267	0.29565435111591776	0.30121131137098256	0.12709422065090598	0.27604011686219404	0.9950364115857753	0.028866499844449913	0.1646828904676155
288000	-5059.089346913994	-5062.207167752883	3.117820838889635	-5062.207167752883	0.23957045264945734	2.6384251320061978	1.0	0.004964973603937587	6.432633195504674	4.94839979801893	0.09268807037411243	0.2860731077464231	0.29769234113836734	0.13882996551785426	0.27740458559735565	0.9990540747197774	1.824966574231371E-5	0.004277167234949512
290000	-5056.289273385776	-5056.70211867444	0.4128452886638132	-5056.70211867444	0.2614944306898211	2.5069951289110217	1.0	0.13389610052865397	5.324366306793886	3.92246044789335	0.17552957970648134	0.2858320830652965	0.28865871576535773	0.14453794481075735	0.2809712563585887	0.9913068356067621	0.015710428895996692	0.12313227803564723
292000	-5064.403335395132	-5065.138753110463	0.7354177153307311	-5065.138753110463	0.2643783708132866	2.5069951289110217	1.0	0.09453873601314798	5.258082994507372	3.398901613045919	0.17462234635321824	0.2858320830652965	0.31073977881583753	0.14453794481075735	0.2588901933081089	1.0321270820126407	0.006794708575991993	0.08082900560910881
294000	-5061.667531525208	-5063.240864711157	1.5733331859488469	-5063.240864711157	0.25260448317256506	2.7398256885664334	1.0	0.005656920258834074	5.014233682172325	5.095782009968646	0.415192324567864	0.31237937583216846	0.29703905854985535	0.13169137230986763	0.2588901933081089	1.0037550186704678	3.681536159308835E-5	0.006051271316150262
296000	-5060.142265776511	-5062.354503333539	2.2122375570278634	-5062.354503333539	0.26541941237635375	2.4915174822351296	1.0	7.599545829444305E-4	4.86458589142306	6.607606827495142	0.16081929145922322	0.26197201306519013	0.29703905854985535	0.13169137230986763	0.30929755607508724	0.9999501607323609	4.0403077475104156E-7	6.356473580522421E-4
298000	-5066.4260019178155	-5065.34465182116	-1.0813500966548981	-5065.34465182116	0.2855386361672218	2.3831705799410132	1.0	0.2058873860367627	2.6117984495535254	0.521828297010663	0.8465584987066	0.26197201306519013	0.29703905854985535	0.1569386118171229	0.284050316567832	1.0005991404418353	0.04173466783404097	0.2068903602316142
