#
#model:
#
#<?xml version="1.0" encoding="UTF-8" standalone="no"?><input id="posterior" spec="beast.core.util.CompoundDistribution">
#    <distribution id="prior" spec="beast.core.util.CompoundDistribution">
#        <distribution id="BirthDeath.t:dna" spec="beast.evolution.speciation.BirthDeathGernhard08Model">
#            <parameter id="BDDeathRate.t:dna" lower="0.0" name="relativeDeathRate" spec="beast.core.parameter.RealParameter">0.5</parameter>
#            <parameter id="BDBirthRate.t:dna" lower="0.0" name="birthDiffRate" spec="beast.core.parameter.RealParameter">1.0</parameter>
#            <tree id="Tree.t:dna" spec="beast.evolution.tree.Tree">
#                <taxonset id="TaxonSet.dna" spec="beast.evolution.alignment.TaxonSet">
#                </taxonset>
#            </tree>
#        </distribution>
#        <prior id="BirthRatePrior.t:dna" name="distribution" x="@BDBirthRate.t:dna">
#            <LogNormal id="LogNormal.4" meanInRealSpace="true" name="distr">
#                <parameter id="RealParameter" lower="0.0" name="M" spec="beast.core.parameter.RealParameter" upper="0.0">1000.0</parameter>
#                <parameter id="RealParameter1" lower="0.0" name="S" spec="beast.core.parameter.RealParameter" upper="0.0">3.0</parameter>
#            </LogNormal>
#        </prior>
#        <prior id="DeathRatePrior.t:dna" name="distribution" x="@BDDeathRate.t:dna">
#            <Uniform id="Uniform.5" name="distr" upper="Infinity"/>
#        </prior>
#        <prior id="FastRatePriorDistrbution.c:dna" name="distribution">
#            <parameter dimension="18" id="fastRates.c:dna" lower="0.0" name="x" spec="beast.core.parameter.RealParameter">0.5</parameter>
#            <LogNormal id="LogNormalDistributionModel" meanInRealSpace="true" name="distr">
#                <parameter id="RealParameter2" lower="0.0" name="M" spec="beast.core.parameter.RealParameter" upper="0.0">1.0</parameter>
#                <parameter id="fastUcldStdev.c:dna" lower="0.0" name="S" spec="beast.core.parameter.RealParameter" upper="1.0">0.2</parameter>
#            </LogNormal>
#        </prior>
#        <prior id="fastUcldStdevPrior.c:dna" name="distribution" x="@fastUcldStdev.c:dna">
#            <Gamma id="Gamma.10" name="distr">
#                <parameter estimate="false" id="RealParameter.47" name="alpha" spec="beast.core.parameter.RealParameter">0.5396</parameter>
#                <parameter estimate="false" id="RealParameter.48" name="beta" spec="beast.core.parameter.RealParameter">0.3819</parameter>
#            </Gamma>
#        </prior>
#        <prior id="FrequenciesPrior.s:dna" name="distribution">
#            <parameter dimension="4" id="freqParameter.s:dna" lower="0.0" name="x" spec="beast.core.parameter.RealParameter" upper="1.0">0.25</parameter>
#            <Uniform id="Uniform.3" name="distr"/>
#        </prior>
#        <prior id="KappaPrior.s:dna" name="distribution">
#            <parameter id="kappa.s:dna" lower="0.0" name="x" spec="beast.core.parameter.RealParameter">2.0</parameter>
#            <LogNormal id="LogNormalDistributionModel.0" name="distr">
#                <parameter estimate="false" id="RealParameter.1" name="M" spec="beast.core.parameter.RealParameter">1.0</parameter>
#                <parameter estimate="false" id="RealParameter.2" name="S" spec="beast.core.parameter.RealParameter">1.25</parameter>
#            </LogNormal>
#        </prior>
#    </distribution>
#    <distribution id="likelihood" spec="beast.core.util.CompoundDistribution" useThreads="true">
#        <distribution data="@dna" id="treeLikelihood.dna" spec="beast.evolution.likelihood.ThreadedTreeLikelihood" tree="@Tree.t:dna">
#            <siteModel id="SiteModel.s:dna" spec="beast.evolution.sitemodel.SiteModel">
#                <parameter estimate="false" id="mutationRate.s:dna" name="mutationRate" spec="beast.core.parameter.RealParameter">1.0</parameter>
#                <parameter estimate="false" id="gammaShape.s:dna" name="shape" spec="beast.core.parameter.RealParameter">1.0</parameter>
#                <parameter estimate="false" id="proportionInvariant.s:dna" lower="0.0" name="proportionInvariant" spec="beast.core.parameter.RealParameter" upper="1.0">0.0</parameter>
#                <substModel id="hky.s:dna" kappa="@kappa.s:dna" spec="beast.evolution.substitutionmodel.HKY">
#                    <frequencies frequencies="@freqParameter.s:dna" id="estimatedFreqs.s:dna" spec="beast.evolution.substitutionmodel.Frequencies"/>
#                </substModel>
#            </siteModel>
#            <branchRateModel id="FastRelaxedClock.c:dna" rates="@fastRates.c:dna" spec="beast.evolution.branchratemodel.UCRelaxedClockModel" tree="@Tree.t:dna">
#                <LogNormal S="@fastUcldStdev.c:dna" id="FastLogNormalDistributionModel.c:dna" meanInRealSpace="true" name="distr">
#                    <parameter estimate="false" id="RealParameter3" name="M" spec="beast.core.parameter.RealParameter">1.0</parameter>
#                </LogNormal>
#                <parameter id="fastUcldMean.c:dna" name="clock.rate" spec="beast.core.parameter.RealParameter">1.0</parameter>
#            </branchRateModel>
#        </distribution>
#    </distribution>
#</input>
#
Sample	posterior	likelihood	prior	treeLikelihood	TreeHeight	kappa	fastUcldMean	fastUcldStdev	BirthDeath	BDBirthRate	BDDeathRate	freqParameter.1	freqParameter.2	freqParameter.3	freqParameter.4	ratesStat.mean	ratesStat.variance	ratesStat.coefficientOfVariation
0	-6085.075514437869	-6081.706753994961	-3.368760442908183	-6081.706753994961	0.3794296206421861	2.0	1.0	0.2	2.1992093553294176	1.0	0.5	0.25	0.25	0.25	0.25	1.0075030819300026	0.07433547850545208	0.25869216788109484
2000	-5115.65053176282	-5126.195555288723	10.545023525903396	-5126.195555288723	0.2499584894548298	2.2974794227818416	1.0	0.18260861259796546	5.26549194488261	3.37762620187299	0.13524615145496424	0.24027379075082048	0.25725815411571	0.24609133247357828	0.2563767226598912	0.9762378810734494	0.0137826872697656	0.11715570854740008
4000	-5073.351721015211	-5093.242469977149	19.89074896193818	-5093.242469977149	0.2599910045818461	2.2974794227818416	1.0	0.0825815879593803	5.394084183978586	3.4061345953319804	0.25299218930286116	0.25590577076347654	0.281859246951455	0.21146303501519184	0.2507719472698768	1.0104147139451416	0.00832317045213776	0.0909196750905575
6000	-5068.561537236342	-5080.085486033227	11.5239487968853	-5080.085486033227	0.2655724566519191	2.313894242822494	1.0	0.0918791241589543	4.081365867064635	1.6615925436140042	0.6568634195584894	0.2505136407194221	0.2929494743721513	0.18856561458574808	0.2679712703226786	0.9890198676846511	0.01571613562445606	0.12559102708944678
8000	-4911.0788387557395	-5076.189258158132	165.11041940239247	-5076.189258158132	0.24373441579373878	2.456159516513932	1.0	3.008545605973188E-5	5.522290371354559	3.0322572473463727	0.38067391090203634	0.25252501702188984	0.29334682842522664	0.18026316266748468	0.27386499188539887	0.9999765242238176	9.634957519847698E-10	3.104064318260268E-5
10000	-4963.57779843357	-5068.230208371381	104.65240993781148	-5068.230208371381	0.2693326064151452	2.456159516513932	1.0	7.694799875309184E-4	5.105502438396625	3.8139515483021516	0.2789521078105756	0.2544039801783114	0.29594382652191065	0.16623457783975523	0.2834176154600227	0.999631275528426	6.299201544314486E-7	7.939466900854841E-4
12000	-5039.5072059192935	-5053.259547836223	13.752341916929328	-5053.259547836223	0.2664740272202626	2.426361414504568	1.0	0.07533825392245697	5.496787442739696	4.509123004668318	0.048192049270499165	0.284735003190155	0.2969733690975922	0.14465893931322102	0.2736326883990318	0.9857321590136469	0.01191163449611673	0.10962671566741308
14000	-5047.805433205684	-5056.979235932513	9.173802726829411	-5056.979235932513	0.25078133651430085	2.426361414504568	1.0	0.16947972433289332	5.453086579828742	4.0953937566214185	0.18157628075400206	0.28282342276201833	0.2924789873744227	0.13223548010319683	0.29246210976036224	0.9707378512174676	0.025078768506844484	0.16007036012937792
16000	-4990.372054254136	-5065.801010930393	75.42895667625692	-5065.801010930393	0.26753952481298215	2.298380522661162	1.0	0.0028566276013368952	3.380647239673544	1.5072460170830502	0.8548015812089614	0.2967275429770788	0.2891602945077019	0.12792339069322167	0.28618877182199765	0.9988033129355118	1.1178537128729692E-5	0.0033491937164394155
18000	-5034.873908643565	-5058.859293198535	23.985384554970064	-5058.859293198535	0.24245960782692838	2.3803072598032062	1.0	0.07659688247319467	3.5859466946014256	0.6631590657483374	0.8905800038720145	0.2996949454312048	0.2771714423725684	0.1408351541963148	0.28229845799991204	1.0237836642383125	0.004434887375055454	0.06623599979073258
20000	-5042.292472204965	-5058.768915966622	16.476443761657695	-5058.768915966622	0.25334043129656597	2.3803072598032062	1.0	0.08650878160499324	2.369583056748273	0.5506468252057216	0.9578010293266969	0.26820156463744155	0.2879087650671729	0.14199032051351032	0.3018993497818753	1.0168676938401446	0.009190795821742318	0.09335555469761188
22000	-5037.405966742577	-5064.054530327227	26.648563584649782	-5064.054530327227	0.24655075726337608	2.3803072598032062	1.0	0.048662428799445816	5.601536085474576	5.6325478765525405	0.23569189662778312	0.26187098661026864	0.2946537045614018	0.1378297641844524	0.3056455446438773	0.9927686173736996	0.0035260394107215513	0.05953811329552336
24000	-5050.144096730398	-5062.001617825593	11.85752109519511	-5062.001617825593	0.22978723264028766	2.599801746140995	1.0	0.14544614945070775	5.26879815079435	2.8697955607284578	0.14247038022980377	0.28710205019921786	0.3082406724155647	0.13155447258534636	0.2731028047998712	1.0449911615131202	0.013033613281262204	0.1093510669196882
26000	-5051.508870655273	-5057.808287918356	6.2994172630820255	-5057.808287918356	0.2541103174537822	2.830722397853203	1.0	0.1977233055770628	4.704929172935833	2.7318435929619755	0.4262031075416244	0.28710205019921786	0.29250874947660144	0.12702863724521588	0.29336056307896496	0.9998834177459731	0.02183325447372643	0.1417186063070879
28000	-4999.139661466133	-5066.391554510371	67.25189304423822	-5066.391554510371	0.2570157666104159	2.812407380499738	1.0	0.00713113755581252	5.595583680031585	3.9350713381437616	0.2567702619047779	0.30450318586246433	0.27332903247002893	0.13452884125586728	0.28763894041163957	0.9997448864866751	4.421103331506672E-5	0.006645712331937481
30000	-5037.831522596776	-5062.362669258809	24.531146662032004	-5062.362669258809	0.25649236743097287	2.5675402667078613	1.0	0.06831453748680533	3.373380660880866	7.307950566898511	0.31457107723327626	0.30450318586246433	0.26611028621666927	0.14174758750922695	0.28763894041163957	0.9891364954211976	0.003180632036810078	0.05678651859638159
32000	-5026.828348992086	-5058.073130166511	31.244781174425384	-5058.073130166511	0.2524937641041523	2.2854071367951705	1.0	0.05037200645712263	5.220787487330652	3.1275833911890514	0.43711560047193143	0.29642785837710545	0.2954169574212116	0.1320264522753672	0.2761287319263159	0.9776209223431364	0.0020569433439259267	0.04579949855434993
34000	-5051.19149680539	-5056.868429511541	5.676932706150641	-5056.868429511541	0.26107990823192706	2.577543616596219	1.0	0.17522056224798988	3.8149822255888894	2.0916332821359185	0.24020687471477012	0.2791931094127569	0.3050979618431745	0.14096143467552436	0.27474749406854443	1.0171963662291013	0.03060153482815205	0.17030344340115797
36000	-5050.821778518858	-5058.4247348393965	7.602956320538436	-5058.4247348393965	0.25322366581614913	2.26656051541204	1.0	0.17329760045258122	5.104984467931329	2.9720237644356295	0.18902231077884732	0.27992849987073637	0.31458280666896987	0.1182519086391277	0.2872367848211662	1.0070207755172165	0.02488581440847198	0.15528898351945872
38000	-5051.008073523001	-5059.057790339668	8.049716816666761	-5059.057790339668	0.27627898991264616	2.536191255998229	1.0	0.16824190039609424	3.7735041137829484	2.559422337102678	0.20215304389567246	0.28712371293444444	0.2859855259801445	0.12862236418223524	0.298268396903176	0.9006919187082275	0.017990658677605676	0.14505377855320142
40000	-5048.496099890026	-5054.741135908249	6.245036018222863	-5054.741135908249	0.26174511249561355	2.374621244612644	1.0	0.23789815132761608	4.8238833901201055	3.147443219717007	0.012274837549805625	0.28547172157236	0.2837892594808059	0.14417008925054212	0.28656892969629216	0.9523838336180322	0.02159514806980074	0.1529567674629296
42000	-5048.713201759155	-5057.61646285388	8.90326109472521	-5057.61646285388	0.27891515362204466	2.392519590465821	1.0	0.18470526066456583	4.112188046165453	2.403486797363163	0.4922806587307838	0.26505721892917466	0.30176450200731725	0.1398608457262419	0.29331743333726634	0.9452135119506241	0.017859693539073563	0.14225699141051928
44000	-5059.305562400962	-5061.780817959771	2.475255558808938	-5061.780817959771	0.2493366844177634	2.706767199008315	1.0	0.20436439218064847	5.9507725997800005	6.263734761283732	0.1620018929387401	0.27506531401521445	0.3043080936960577	0.12730915895146172	0.29331743333726634	1.019802274708309	0.04587574384119896	0.20545581236542532
46000	-5016.10450471395	-5065.333785734945	49.229281020995316	-5065.333785734945	0.23822519959180527	2.6579591617667644	1.0	0.018078838726941632	2.930890111491167	6.92516951561346	0.42851171784362957	0.2755395137580048	0.30923342176967267	0.12238383087784678	0.292843233594476	0.9968855959942521	1.8276719821350913E-4	0.013572628640173934
48000	-5032.388515138226	-5066.90858642285	34.52007128462424	-5066.90858642285	0.2678685911599579	2.770944988981261	1.0	0.026814636307788527	3.8488604079507756	2.01296018145278	0.675670808269047	0.26726893008145236	0.31861987201299147	0.12238383087784678	0.2917273670277096	0.9916996372516617	0.0012336966977010918	0.03521957894082755
50000	-5056.982450670641	-5062.934860533961	5.9524098633198665	-5062.934860533961	0.25363520384942334	2.770944988981261	1.0	0.20726115552270988	5.302380727963403	4.499287322222863	0.15583181218456846	0.29640944571374833	0.30469764003540917	0.12238970050295704	0.2765032137478857	0.9726803077086073	0.03159163439007364	0.17909309320171546
52000	-5070.1665415920825	-5069.341671542125	-0.8248700499568344	-5069.341671542125	0.2674352249942494	2.770944988981261	1.0	0.21870287046700532	3.274514485089522	1.9322461515767726	0.21344457309240045	0.26913596602894485	0.2954567397916443	0.1573579016437467	0.27804939253566446	0.9670036778346871	0.06868215315975838	0.2660719740001951
