#
#model:
#
#<?xml version="1.0" encoding="UTF-8" standalone="no"?><input id="posterior" spec="beast.core.util.CompoundDistribution">
#    <distribution id="prior" spec="beast.core.util.CompoundDistribution">
#        <distribution id="YuleModel.t:xMCMC" spec="beast.evolution.speciation.YuleModel">
#            <parameter id="birthRate.t:xMCMC" name="birthDiffRate" spec="beast.core.parameter.RealParameter">1.0</parameter>
#            <tree id="Tree.t:xMCMC" spec="beast.evolution.tree.Tree">
#                <taxonset id="TaxonSet.xMCMC" spec="beast.evolution.alignment.TaxonSet">
#                </taxonset>
#            </tree>
#        </distribution>
#        <prior id="YuleBirthRatePrior.t:xMCMC" name="distribution" x="@birthRate.t:xMCMC">
#            <Uniform id="Uniform.1" name="distr" upper="Infinity"/>
#        </prior>
#        <prior id="FrequenciesPrior.s:xMCMC" name="distribution">
#            <parameter dimension="4" id="freqParameter.s:xMCMC" lower="0.0" name="x" spec="beast.core.parameter.RealParameter" upper="1.0">0.25</parameter>
#            <Uniform id="Uniform.3" name="distr"/>
#        </prior>
#        <prior id="GammaShapePrior.s:xMCMC" name="distribution">
#            <parameter id="gammaShape.s:xMCMC" name="x" spec="beast.core.parameter.RealParameter">1.0</parameter>
#            <Exponential id="Exponential.0" name="distr">
#                <parameter estimate="false" id="RealParameter.0" name="mean" spec="beast.core.parameter.RealParameter">1.0</parameter>
#            </Exponential>
#        </prior>
#        <prior id="KappaPrior.s:xMCMC" name="distribution">
#            <parameter id="kappa.s:xMCMC" lower="0.0" name="x" spec="beast.core.parameter.RealParameter">2.0</parameter>
#            <LogNormal id="LogNormalDistributionModel.1" name="distr">
#                <parameter estimate="false" id="RealParameter.7" name="M" spec="beast.core.parameter.RealParameter">1.0</parameter>
#                <parameter estimate="false" id="RealParameter.8" name="S" spec="beast.core.parameter.RealParameter">1.25</parameter>
#            </LogNormal>
#        </prior>
#        <prior id="MeanRatePrior.c:xMCMC" name="distribution">
#            <parameter id="ucldMean.c:xMCMC" name="x" spec="beast.core.parameter.RealParameter">1.0</parameter>
#            <Uniform id="Uniform.12" name="distr" upper="Infinity"/>
#        </prior>
#        <prior id="ucldStdevPrior.c:xMCMC" name="distribution">
#            <parameter id="ucldStdev.c:xMCMC" lower="0.0" name="x" spec="beast.core.parameter.RealParameter">0.1</parameter>
#            <Gamma id="Gamma.8" name="distr">
#                <parameter estimate="false" id="RealParameter.45" name="alpha" spec="beast.core.parameter.RealParameter">0.5396</parameter>
#                <parameter estimate="false" id="RealParameter.46" name="beta" spec="beast.core.parameter.RealParameter">0.3819</parameter>
#            </Gamma>
#        </prior>
#        <distribution id="FelidCanid.prior" monophyletic="true" spec="beast.math.distributions.MRCAPrior" tree="@Tree.t:xMCMC">
#            <taxonset id="FelidCanid" spec="beast.evolution.alignment.TaxonSet">
#                <taxon id="Felis_catus" spec="beast.evolution.alignment.Taxon"/>
#                <taxon id="Canis_familiaris" spec="beast.evolution.alignment.Taxon"/>
#                <taxon id="Ursus_americanus" spec="beast.evolution.alignment.Taxon"/>
#            </taxonset>
#            <Normal id="Normal.FC" name="distr">
#                <parameter id="RealParameter.18" lower="0.0" name="mean" spec="beast.core.parameter.RealParameter" upper="0.0">55.0</parameter>
#                <parameter id="RealParameter.19" lower="0.0" name="sigma" spec="beast.core.parameter.RealParameter" upper="0.0">5.0</parameter>
#            </Normal>
#        </distribution>
#        <distribution id="HorseRhino.prior" monophyletic="true" spec="beast.math.distributions.MRCAPrior" tree="@Tree.t:xMCMC">
#            <taxonset id="HorseRhino" spec="beast.evolution.alignment.TaxonSet">
#                <taxon id="Rhinoceros_unicornis" spec="beast.evolution.alignment.Taxon"/>
#                <taxon id="Equus_caballus" spec="beast.evolution.alignment.Taxon"/>
#            </taxonset>
#            <Normal id="Normal.HR" name="distr">
#                <parameter id="RealParameter.12" lower="0.0" name="mean" spec="beast.core.parameter.RealParameter" upper="0.0">54.0</parameter>
#                <parameter id="RealParameter.13" lower="0.0" name="sigma" spec="beast.core.parameter.RealParameter" upper="0.0">2.0</parameter>
#            </Normal>
#        </distribution>
#        <distribution id="HumanGorilla.prior" monophyletic="true" spec="beast.math.distributions.MRCAPrior" tree="@Tree.t:xMCMC">
#            <taxonset id="HumanGorilla" spec="beast.evolution.alignment.TaxonSet">
#                <taxon id="Homo_sapiens" spec="beast.evolution.alignment.Taxon"/>
#                <taxon id="Gorilla_gorilla" spec="beast.evolution.alignment.Taxon"/>
#                <taxon id="Pan_troglodytes" spec="beast.evolution.alignment.Taxon"/>
#            </taxonset>
#            <Normal id="Normal.HG" name="distr">
#                <parameter id="RealParameter.1" lower="0.0" name="mean" spec="beast.core.parameter.RealParameter" upper="0.0">10.0</parameter>
#                <parameter id="RealParameter.9" lower="0.0" name="sigma" spec="beast.core.parameter.RealParameter" upper="0.0">1.0</parameter>
#            </Normal>
#        </distribution>
#        <distribution id="MonkeyApe.prior" monophyletic="true" spec="beast.math.distributions.MRCAPrior" tree="@Tree.t:xMCMC">
#            <taxonset id="MonkeyApe" spec="beast.evolution.alignment.TaxonSet">
#                <taxon idref="Homo_sapiens"/>
#                <taxon idref="Gorilla_gorilla"/>
#                <taxon idref="Pan_troglodytes"/>
#                <taxon id="Macaca_mulatta" spec="beast.evolution.alignment.Taxon"/>
#                <taxon id="Pongo_pygmaeus" spec="beast.evolution.alignment.Taxon"/>
#            </taxonset>
#            <Normal id="Normal.MA" name="distr">
#                <parameter id="RealParameter.10" lower="0.0" name="mean" spec="beast.core.parameter.RealParameter" upper="0.0">35.0</parameter>
#                <parameter id="RealParameter.11" lower="0.0" name="sigma" spec="beast.core.parameter.RealParameter" upper="0.0">1.5</parameter>
#            </Normal>
#        </distribution>
#        <distribution id="Primates.prior" monophyletic="true" spec="beast.math.distributions.MRCAPrior" tree="@Tree.t:xMCMC">
#            <taxonset id="Primates" spec="beast.evolution.alignment.TaxonSet">
#                <taxon id="Callithrix_jacchus" spec="beast.evolution.alignment.Taxon"/>
#                <taxon id="Cheirogaleus_medius" spec="beast.evolution.alignment.Taxon"/>
#                <taxon id="Daubentonia_madagascariensis" spec="beast.evolution.alignment.Taxon"/>
#                <taxon id="Eulemur_mongoz" spec="beast.evolution.alignment.Taxon"/>
#                <taxon id="Galago_crassicaudatus" spec="beast.evolution.alignment.Taxon"/>
#                <taxon idref="Gorilla_gorilla"/>
#                <taxon id="Hapalemur_griseus" spec="beast.evolution.alignment.Taxon"/>
#                <taxon idref="Homo_sapiens"/>
#                <taxon id="Lemur_catta" spec="beast.evolution.alignment.Taxon"/>
#                <taxon id="Lepilemur_edwardsi" spec="beast.evolution.alignment.Taxon"/>
#                <taxon id="Loris_tardigradus" spec="beast.evolution.alignment.Taxon"/>
#                <taxon idref="Macaca_mulatta"/>
#                <taxon id="Microcebus_berthae" spec="beast.evolution.alignment.Taxon"/>
#                <taxon id="Microcebus_griseorufus" spec="beast.evolution.alignment.Taxon"/>
#                <taxon id="Microcebus_murinus" spec="beast.evolution.alignment.Taxon"/>
#                <taxon id="Microcebus_myoxinus" spec="beast.evolution.alignment.Taxon"/>
#                <taxon id="Microcebus_ravelobensis" spec="beast.evolution.alignment.Taxon"/>
#                <taxon id="Microcebus_rufus_1" spec="beast.evolution.alignment.Taxon"/>
#                <taxon id="Microcebus_rufus_2" spec="beast.evolution.alignment.Taxon"/>
#                <taxon id="Microcebus_sambiranensis" spec="beast.evolution.alignment.Taxon"/>
#                <taxon id="Microcebus_tavaratra" spec="beast.evolution.alignment.Taxon"/>
#                <taxon id="Mirza_coquereli" spec="beast.evolution.alignment.Taxon"/>
#                <taxon idref="Pan_troglodytes"/>
#                <taxon idref="Pongo_pygmaeus"/>
#                <taxon id="Propithecus_tattersalli" spec="beast.evolution.alignment.Taxon"/>
#                <taxon id="Varecia_variegata" spec="beast.evolution.alignment.Taxon"/>
#            </taxonset>
#            <Normal id="Normal.1" name="distr">
#                <parameter estimate="false" id="RealParameter.65" name="mean" spec="beast.core.parameter.RealParameter">77.0</parameter>
#                <parameter estimate="false" id="RealParameter.66" name="sigma" spec="beast.core.parameter.RealParameter">7.0</parameter>
#            </Normal>
#        </distribution>
#        <distribution id="WhaleHippo.prior" monophyletic="true" spec="beast.math.distributions.MRCAPrior" tree="@Tree.t:xMCMC">
#            <taxonset id="WhaleHippo" spec="beast.evolution.alignment.TaxonSet">
#                <taxon id="Physeter_macrocephalus" spec="beast.evolution.alignment.Taxon"/>
#                <taxon id="Balaenoptera_physalus" spec="beast.evolution.alignment.Taxon"/>
#                <taxon id="Hippopotamus_amphibius" spec="beast.evolution.alignment.Taxon"/>
#            </taxonset>
#            <Normal id="Normal.WH" name="distr">
#                <parameter id="RealParameter.16" lower="0.0" name="mean" spec="beast.core.parameter.RealParameter" upper="0.0">56.0</parameter>
#                <parameter id="RealParameter.17" lower="0.0" name="sigma" spec="beast.core.parameter.RealParameter" upper="0.0">2.0</parameter>
#            </Normal>
#        </distribution>
#        <distribution id="Whales.prior" monophyletic="true" spec="beast.math.distributions.MRCAPrior" tree="@Tree.t:xMCMC">
#            <taxonset id="Whales" spec="beast.evolution.alignment.TaxonSet">
#                <taxon idref="Physeter_macrocephalus"/>
#                <taxon idref="Balaenoptera_physalus"/>
#            </taxonset>
#            <Normal id="Normal.W" name="distr">
#                <parameter id="RealParameter.14" lower="0.0" name="mean" spec="beast.core.parameter.RealParameter" upper="0.0">37.0</parameter>
#                <parameter id="RealParameter.15" lower="0.0" name="sigma" spec="beast.core.parameter.RealParameter" upper="0.0">2.0</parameter>
#            </Normal>
#        </distribution>
#    </distribution>
#    <distribution id="likelihood" spec="beast.core.util.CompoundDistribution" useThreads="true">
#        <distribution data="@xMCMC" id="treeLikelihood.xMCMC" spec="beast.evolution.likelihood.ThreadedTreeLikelihood" tree="@Tree.t:xMCMC">
#            <siteModel gammaCategoryCount="4" id="SiteModel.s:xMCMC" shape="@gammaShape.s:xMCMC" spec="beast.evolution.sitemodel.SiteModel">
#                <parameter estimate="false" id="mutationRate.s:xMCMC" name="mutationRate" spec="beast.core.parameter.RealParameter">1.0</parameter>
#                <parameter estimate="false" id="proportionInvariant.s:xMCMC" lower="0.0" name="proportionInvariant" spec="beast.core.parameter.RealParameter" upper="1.0">0.0</parameter>
#                <substModel id="hky.s:xMCMC" kappa="@kappa.s:xMCMC" spec="beast.evolution.substitutionmodel.HKY">
#                    <frequencies frequencies="@freqParameter.s:xMCMC" id="estimatedFreqs.s:xMCMC" spec="beast.evolution.substitutionmodel.Frequencies"/>
#                </substModel>
#            </siteModel>
#            <branchRateModel clock.rate="@ucldMean.c:xMCMC" id="RelaxedClock.c:xMCMC" spec="beast.evolution.branchratemodel.UCRelaxedClockModel" tree="@Tree.t:xMCMC">
#                <LogNormal S="@ucldStdev.c:xMCMC" id="LogNormalDistributionModel.c:xMCMC" meanInRealSpace="true" name="distr">
#                    <parameter estimate="false" id="RealParameter.44" lower="0.0" name="M" spec="beast.core.parameter.RealParameter" upper="1.0">1.0</parameter>
#                </LogNormal>
#                <rateCategories dimension="68" id="rateCategories.c:xMCMC" spec="beast.core.parameter.IntegerParameter">1</rateCategories>
#            </branchRateModel>
#        </distribution>
#    </distribution>
#</input>
#
Sample	posterior	likelihood	prior	treeLikelihood.xMCMC	TreeHeight	YuleModel	birthRate	kappa	gammaShape	logP(mrca(HumanGorilla))	mrca.age(HumanGorilla)	logP(mrca(MonkeyApe))	mrca.age(MonkeyApe)	logP(mrca(Primates))	mrca.age(Primates)	logP(mrca(HorseRhino))	mrca.age(HorseRhino)	logP(mrca(Whales))	mrca.age(Whales)	logP(mrca(WhaleHippo))	mrca.age(WhaleHippo)	logP(mrca(FelidCanid))	mrca.age(FelidCanid)	YuleBirthRatePrior	FrequenciesPrior	GammaShapePrior	KappaPrior	ucldMean	ucldStdev	rate.mean	rate.variance	rate.coefficientOfVariation	freqParameter.1	freqParameter.2	freqParameter.3	freqParameter.4
0	-46969.89806146917	-45617.49762268507	-1352.4004387840976	-45617.49762268507	6.459479757497385	-36.07286187229885	1.0156029805343454	2.0	1.0	-37.44817289405957	1.4525753164061286	-236.81650251627113	2.446744480201183	-56.305466232894275	4.631633153965952	-360.65829566827665	0.4055070027143895	-172.16678206552734	0.061705902761267674	-389.5571924853986	0.2903881347834916	-61.32916916051759	0.777867657718028	0.0	0.0	-1.0	-1.8653600339742873	1.0	0.1	1.0080254995451576	0.010706042804522057	0.10317068026709662	0.25	0.25	0.25	0.25
1000	-31346.53680213866	-29994.21452502597	-1352.322277112688	-29994.21452502597	5.17340938274957	-77.59365349330012	1.4487292915696637	5.175068625466786	1.0	-32.56142393708148	2.044814847676164	-228.12116677950974	3.053397142702542	-55.686083602750756	5.052234070764257	-349.92507219028755	1.21265405599384	-164.6171190985007	0.8885022869739092	-378.3620582237164	1.1000930776780378	-60.015594952884214	1.386933259117957	0.0	0.0	-1.0	-2.918589459120308	0.13541348921544405	0.6617254732065254	0.09951878999160135	0.0075560929565470026	0.6890879818522627	0.25	0.25	0.25	0.25
2000	-29034.125802415925	-28363.4004462265	-670.7253561894265	-28363.4004462265	76.84879306254913	-289.96979972763285	0.26164038804226386	5.175068625466786	0.27717905288356	-15.07371543485912	15.320672307454096	-39.757225313116145	48.150958045827494	-2.8773465277581036	75.8932982069159	-78.8817790345229	29.137225686459157	-65.30753241637244	14.426485129230262	-147.56013022401757	21.8300664899385	-26.956416891315367	20.051437479005955	0.0	0.0	-0.27717905288356	-2.918589459120308	0.007108739049607592	0.5505271220157507	0.0061952243430057185	1.5366936383511265E-5	0.5661063387602014	0.25	0.25	0.25	0.25
3000	-28483.463443805354	-28128.58307285761	-354.88037094774234	-28128.58307285761	105.30720192301132	-171.87712646769677	0.0585013930074269	6.508415858698099	0.27717905288356	-39.61739080483565	18.797551053745693	-23.418882051450503	44.97121621697271	-9.334907356736927	102.18066222518264	-25.812360820290063	40.08589920791848	-25.43075633140242	23.196038070861597	-42.19127426123419	37.98241113856361	-12.377242388143454	32.80893654812294	0.0	0.0	-0.27717905288356	-3.259113140094221	0.004484324288177134	0.5909581456705225	0.003963955779151124	8.825881264921629E-6	0.6465270732533835	0.25	0.25	0.25	0.25
4000	-27862.242725439806	-27620.892797139488	-241.34992830031823	-27620.892797139488	105.13814995806332	-158.4338615847788	0.025387864057326914	5.634026278535818	0.27717905288356	-31.949836730461666	17.877930971677397	-5.183251181040595	39.167110981096485	-7.302708541647656	97.85450230094192	-2.4111593247762007	51.47164304575231	-6.014474514944215	31.06543089943029	-17.397001496702337	44.76259254705509	-8.135911021233625	38.255546327821186	0.0	0.0	-0.27717905288356	-3.0408855892542874	0.004389682863727879	0.5673816492021693	0.0036152838206071312	5.8642134009274376E-6	0.6010459990496846	0.25	0.25	0.25	0.25
5000	-27724.721921771175	-27498.469515415847	-226.2524063553277	-27498.469515415847	104.29049099833537	-160.04380665355205	0.03540107247157475	5.634026278535818	0.27717905288356	-29.794906477911915	17.599469447890062	-2.559257110414423	37.35729518960972	-7.604725088700512	98.55244505459117	-2.3723339092355684	51.5338318054586	-3.010354882601899	33.65542927258247	-7.57695780247991	49.09210765068517	-8.79541109590047	37.29825622959464	0.0	0.0	-0.27717905288356	-3.0408855892542874	0.003844122360296438	0.5595022657938339	0.0034004533469472334	4.648817309792773E-6	0.5769918911388809	0.25	0.25	0.25	0.25
6000	-27668.61013636	-27462.44742435521	-206.162712004789	-27462.44742435521	101.0192514354277	-159.3247402913398	0.032714186575230134	5.634026278535818	0.27717905288356	-19.922736266810205	16.165030045929303	-3.9423445558259465	38.43230740396442	-6.48975088284786	95.84782257072715	-1.696574830511351	54.82213924244854	-1.732059530199301	36.020311002676124	-4.848043356917487	50.91200814218193	-3.913002724816483	46.67946432260005	0.0	0.0	-0.27717905288356	-3.0408855892542874	0.003844122360296438	0.5018032546065879	0.0035225930090322455	4.651268134770729E-6	0.5470156382333549	0.25	0.25	0.25	0.25
7000	-27640.80096459022	-27452.32861259858	-188.4723519916412	-27452.32861259858	96.83975185602576	-156.23872085043433	0.02776780276575604	5.634026278535818	0.27717905288356	-2.952639541481818	12.016780111106387	-1.4999949580751097	35.88890996474909	-4.90532997514798	91.14097474373756	-5.7453901668979785	48.24965778191707	-3.1305255861897683	33.514670893674285	-5.65281749137969	50.31441698495919	-3.8994702641166503	46.72022398105517	0.0	0.0	-0.27717905288356	-3.0408855892542874	0.004078320508030235	0.545830221120195	0.003784612977672276	5.942985743345546E-6	0.5809294666917537	0.25	0.25	0.25	0.25
8000	-27632.413562351907	-27444.23896640065	-188.17459595125428	-27444.23896640065	108.93620794859609	-159.59447820502743	0.02408018433190811	5.634026278535818	0.27717905288356	-5.877635819727388	13.14918951050035	-1.4302457047092618	34.309862850381236	-8.542359592932833	100.58804928869573	-2.190553626428054	51.848780973190436	-1.640485881468975	36.52334358114586	-1.6886925497091108	56.7828503608966	-2.7626814133333695	51.57724549744948	0.0	0.0	-0.27717905288356	-3.0408855892542874	0.0037475679154734716	0.545830221120195	0.0034681807799440923	5.387202138349789E-6	0.6069612174655722	0.25	0.25	0.25	0.25
9000	-27622.850098529412	-27438.64138600065	-184.2087125287599	-27438.64138600065	103.1702646031104	-158.07329591524086	0.030627189567292018	5.634026278535818	0.27717905288356	-2.326716441116714	11.67796180404206	-1.7002370401071407	33.69951920638005	-5.269414700198727	92.35081332561883	-4.171203641231035	49.475296316914076	-1.8283792768890552	38.315427118846	-2.901737350800394	52.78795811106296	-3.530419658758624	47.921712025073255	0.0	0.0	-0.27717905288356	-3.0408855892542874	0.00400301941087687	0.534261739139061	0.003623959773980128	5.522254672098469E-6	0.5825003317757159	0.25	0.25	0.25	0.25
10000	-27593.018110475787	-27412.037794145617	-180.98031633016885	-27412.037794145617	101.07209052690136	-157.86772537762963	0.02604036668143889	5.634026278535818	0.27717905288356	-2.7832451119810298	11.93096171830327	-1.450782722351801	34.2458741055531	-4.201810537155133	88.44649561130936	-3.411685604298904	50.205688583646	-1.6380557985894768	37.45580772108299	-2.1146136047900552	53.99495059207921	-3.105089068955516	49.630118142283095	0.0	0.0	-0.27717905288356	-3.0408855892542874	0.003934789560493329	0.534261739139061	0.003698985317982609	4.968990722563343E-6	0.5386645252386743	0.25	0.25	0.25	0.25
11000	-27479.165030852244	-27288.234378879628	-190.93065197261447	-27288.234378879628	111.04381997519388	-159.6871000505807	0.028134795272115223	5.634026278535818	0.27717905288356	-8.629695064720266	13.927023435508271	-1.3749616608018984	35.476981223635455	-7.607149656894704	98.55795666370545	-3.1742420382916983	50.46485493986221	-1.6329307397543915	36.59163716143828	-1.7116983423423449	55.107306867606894	-2.712197430241975	51.968325672147465	0.0	0.0	-0.27717905288356	-3.0408855892542874	0.0037264175082055593	0.5323571033532195	0.0033161335912344717	3.734415519445137E-6	0.5089418524463192	0.25	0.25	0.25	0.25
